#
# There is insufficient memory for the Java Runtime Environment to continue.
# Native memory allocation (mmap) failed to map 76021760 bytes for committing reserved memory.
# Possible reasons:
#   The system is out of physical RAM or swap space
#   In 32 bit mode, the process size limit was hit
# Possible solutions:
#   Reduce memory load on the system
#   Increase physical memory or swap space
#   Check if swap backing store is full
#   Use 64 bit Java on a 64 bit OS
#   Decrease Java heap size (-Xmx/-Xms)
#   Decrease number of Java threads
#   Decrease Java thread stack sizes (-Xss)
#   Set larger code cache with -XX:ReservedCodeCacheSize=
# This output file may be truncated or incomplete.
#
#  Out of Memory Error (os_linux.cpp:2746), pid=11114, tid=0x00007feeb4332700
#
# JRE version: OpenJDK Runtime Environment (8.0_191-b12) (build 1.8.0_191-8u191-b12-2ubuntu0.18.04.1-b12)
# Java VM: OpenJDK 64-Bit Server VM (25.191-b12 mixed mode linux-amd64 compressed oops)
# Failed to write core dump. Core dumps have been disabled. To enable core dumping, try "ulimit -c unlimited" before starting Java again
#

---------------  T H R E A D  ---------------

Current thread (0x00007feec8079800):  VMThread [stack: 0x00007feeb4233000,0x00007feeb4333000] [id=11143]

Stack: [0x00007feeb4233000,0x00007feeb4333000],  sp=0x00007feeb4331450,  free space=1017k
Native frames: (J=compiled Java code, j=interpreted, Vv=VM code, C=native code)
V  [libjvm.so+0xab2552]
V  [libjvm.so+0x4d9e37]
V  [libjvm.so+0x8ed5e0]
V  [libjvm.so+0x8e470e]
V  [libjvm.so+0x968466]
V  [libjvm.so+0x9697d8]
V  [libjvm.so+0x965dd6]
V  [libjvm.so+0x95e529]
V  [libjvm.so+0x455fe3]
V  [libjvm.so+0xab36c1]
V  [libjvm.so+0xab8dd6]
V  [libjvm.so+0xab7075]
V  [libjvm.so+0xab79ed]
V  [libjvm.so+0xab7dc7]
V  [libjvm.so+0x8ea992]

VM_Operation (0x00007feecefe07e0): CollectForMetadataAllocation, mode: safepoint, requested by thread 0x00007feec800b800


---------------  P R O C E S S  ---------------

Java Threads: ( => current thread )
  0x00007feec80c9000 JavaThread "Service Thread" daemon [_thread_blocked, id=11150, stack(0x00007feeaefa7000,0x00007feeaf0a8000)]
  0x00007feec80be000 JavaThread "C1 CompilerThread2" daemon [_thread_blocked, id=11149, stack(0x00007feeaf0a9000,0x00007feeaf1a9000)]
  0x00007feec80bc800 JavaThread "C2 CompilerThread1" daemon [_thread_in_native, id=11148, stack(0x00007feeaf1aa000,0x00007feeaf2aa000)]
  0x00007feec80b9800 JavaThread "C2 CompilerThread0" daemon [_thread_blocked, id=11147, stack(0x00007feeaf2ab000,0x00007feeaf3ab000)]
  0x00007feec80b8000 JavaThread "Signal Dispatcher" daemon [_thread_blocked, id=11146, stack(0x00007feeaf3ab000,0x00007feeaf4ac000)]
  0x00007feec8085800 JavaThread "Finalizer" daemon [_thread_blocked, id=11145, stack(0x00007feeb4030000,0x00007feeb4131000)]
  0x00007feec8083000 JavaThread "Reference Handler" daemon [_thread_blocked, id=11144, stack(0x00007feeb4131000,0x00007feeb4232000)]
  0x00007feec800b800 JavaThread "main" [_thread_blocked, id=11138, stack(0x00007feeceee5000,0x00007feecefe5000)]

Other Threads:
=>0x00007feec8079800 VMThread [stack: 0x00007feeb4233000,0x00007feeb4333000] [id=11143]
  0x00007feec80cb800 WatcherThread [stack: 0x00007feeaeea7000,0x00007feeaefa7000] [id=11151]

VM state:at safepoint (normal execution)

VM Mutex/Monitor currently owned by a thread:  ([mutex/lock_event])
[0x00007feec8007fc0] Threads_lock - owner thread: 0x00007feec8079800
[0x00007feec80084c0] Heap_lock - owner thread: 0x00007feec800b800

Heap:
 PSYoungGen      total 134144K, used 8145K [0x00000000ebe00000, 0x00000000f4d00000, 0x0000000100000000)
  eden space 124416K, 0% used [0x00000000ebe00000,0x00000000ebe00000,0x00000000f3780000)
  from space 9728K, 83% used [0x00000000f3780000,0x00000000f3f744e0,0x00000000f4100000)
  to   space 7168K, 0% used [0x00000000f4100000,0x00000000f4100000,0x00000000f4800000)
 ParOldGen       total 42496K, used 14331K [0x00000000c3a00000, 0x00000000c6380000, 0x00000000ebe00000)
  object space 42496K, 33% used [0x00000000c3a00000,0x00000000c47fec30,0x00000000c6380000)
 Metaspace       used 20487K, capacity 21158K, committed 21248K, reserved 1069056K
  class space    used 2380K, capacity 2553K, committed 2560K, reserved 1048576K

Card table byte_map: [0x00007feeb821b000,0x00007feeb83ff000] byte_map_base: 0x00007feeb7bfe000

Marking Bits: (ParMarkBitMap*) 0x00007feece17f340
 Begin Bits: [0x00007feeb5ea5000, 0x00007feeb6dbd000)
 End Bits:   [0x00007feeb6dbd000, 0x00007feeb7cd5000)

Polling page: 0x00007feecf000000

CodeCache: size=245760Kb used=13051Kb max_used=13064Kb free=232708Kb
 bounds [0x00007feeb87bf000, 0x00007feeb948f000, 0x00007feec77bf000]
 total_blobs=4040 nmethods=3681 adapters=273
 compilation: enabled

Compilation events (10 events):
Event: 5,893 Thread 0x00007feec80be000 3696       3       sun.reflect.UnsafeFieldAccessorImpl::<init> (56 bytes)
Event: 5,893 Thread 0x00007feec80be000 nmethod 3696 0x00007feeb947f850 code [0x00007feeb947fa00, 0x00007feeb9480118]
Event: 5,894 Thread 0x00007feec80be000 3697       3       java.lang.CharacterDataLatin1::isJavaIdentifierPart (20 bytes)
Event: 5,894 Thread 0x00007feec80be000 nmethod 3697 0x00007feeb9476890 code [0x00007feeb9476a00, 0x00007feeb9476c50]
Event: 5,903 Thread 0x00007feec80be000 3698   !   3       org.eclipse.sisu.inject.InjectorBindings::getWildcardBindings (152 bytes)
Event: 5,905 Thread 0x00007feec80be000 nmethod 3698 0x00007feeb9480310 code [0x00007feeb94805a0, 0x00007feeb9481938]
Event: 5,984 Thread 0x00007feec80be000 3700       3       java.lang.ClassLoader::loadClass (7 bytes)
Event: 5,985 Thread 0x00007feec80be000 nmethod 3700 0x00007feeb94763d0 code [0x00007feeb9476540, 0x00007feeb9476748]
Event: 5,989 Thread 0x00007feec80b9800 nmethod 3682 0x00007feeb9485950 code [0x00007feeb9485c80, 0x00007feeb94883b0]
Event: 5,989 Thread 0x00007feec80b9800 3683       4       com.google.inject.internal.asm.$Frame::b (416 bytes)

GC Heap History (10 events):
Event: 1,290 GC heap after
Heap after GC invocations=4 (full 0):
 PSYoungGen      total 34304K, used 2528K [0x00000000ebe00000, 0x00000000ee200000, 0x0000000100000000)
  eden space 31744K, 0% used [0x00000000ebe00000,0x00000000ebe00000,0x00000000edd00000)
  from space 2560K, 98% used [0x00000000edf80000,0x00000000ee1f8020,0x00000000ee200000)
  to   space 2560K, 0% used [0x00000000edd00000,0x00000000edd00000,0x00000000edf80000)
 ParOldGen       total 42496K, used 4009K [0x00000000c3a00000, 0x00000000c6380000, 0x00000000ebe00000)
  object space 42496K, 9% used [0x00000000c3a00000,0x00000000c3dea750,0x00000000c6380000)
 Metaspace       used 11091K, capacity 11298K, committed 11520K, reserved 1058816K
  class space    used 1359K, capacity 1443K, committed 1536K, reserved 1048576K
}
Event: 1,892 GC heap before
{Heap before GC invocations=5 (full 0):
 PSYoungGen      total 34304K, used 34272K [0x00000000ebe00000, 0x00000000ee200000, 0x0000000100000000)
  eden space 31744K, 100% used [0x00000000ebe00000,0x00000000edd00000,0x00000000edd00000)
  from space 2560K, 98% used [0x00000000edf80000,0x00000000ee1f8020,0x00000000ee200000)
  to   space 2560K, 0% used [0x00000000edd00000,0x00000000edd00000,0x00000000edf80000)
 ParOldGen       total 42496K, used 4009K [0x00000000c3a00000, 0x00000000c6380000, 0x00000000ebe00000)
  object space 42496K, 9% used [0x00000000c3a00000,0x00000000c3dea750,0x00000000c6380000)
 Metaspace       used 13729K, capacity 13914K, committed 14208K, reserved 1060864K
  class space    used 1689K, capacity 1799K, committed 1920K, reserved 1048576K
Event: 1,913 GC heap after
Heap after GC invocations=5 (full 0):
 PSYoungGen      total 34304K, used 2544K [0x00000000ebe00000, 0x00000000f0800000, 0x0000000100000000)
  eden space 31744K, 0% used [0x00000000ebe00000,0x00000000ebe00000,0x00000000edd00000)
  from space 2560K, 99% used [0x00000000edd00000,0x00000000edf7c030,0x00000000edf80000)
  to   space 6144K, 0% used [0x00000000f0200000,0x00000000f0200000,0x00000000f0800000)
 ParOldGen       total 42496K, used 6777K [0x00000000c3a00000, 0x00000000c6380000, 0x00000000ebe00000)
  object space 42496K, 15% used [0x00000000c3a00000,0x00000000c409e7c0,0x00000000c6380000)
 Metaspace       used 13729K, capacity 13914K, committed 14208K, reserved 1060864K
  class space    used 1689K, capacity 1799K, committed 1920K, reserved 1048576K
}
Event: 2,699 GC heap before
{Heap before GC invocations=6 (full 0):
 PSYoungGen      total 34304K, used 34288K [0x00000000ebe00000, 0x00000000f0800000, 0x0000000100000000)
  eden space 31744K, 100% used [0x00000000ebe00000,0x00000000edd00000,0x00000000edd00000)
  from space 2560K, 99% used [0x00000000edd00000,0x00000000edf7c030,0x00000000edf80000)
  to   space 6144K, 0% used [0x00000000f0200000,0x00000000f0200000,0x00000000f0800000)
 ParOldGen       total 42496K, used 6777K [0x00000000c3a00000, 0x00000000c6380000, 0x00000000ebe00000)
  object space 42496K, 15% used [0x00000000c3a00000,0x00000000c409e7c0,0x00000000c6380000)
 Metaspace       used 15966K, capacity 16250K, committed 16384K, reserved 1062912K
  class space    used 1912K, capacity 2008K, committed 2048K, reserved 1048576K
Event: 2,715 GC heap after
Heap after GC invocations=6 (full 0):
 PSYoungGen      total 69632K, used 4986K [0x00000000ebe00000, 0x00000000f0800000, 0x0000000100000000)
  eden space 63488K, 0% used [0x00000000ebe00000,0x00000000ebe00000,0x00000000efc00000)
  from space 6144K, 81% used [0x00000000f0200000,0x00000000f06dea78,0x00000000f0800000)
  to   space 6144K, 0% used [0x00000000efc00000,0x00000000efc00000,0x00000000f0200000)
 ParOldGen       total 42496K, used 6785K [0x00000000c3a00000, 0x00000000c6380000, 0x00000000ebe00000)
  object space 42496K, 15% used [0x00000000c3a00000,0x00000000c40a07c0,0x00000000c6380000)
 Metaspace       used 15966K, capacity 16250K, committed 16384K, reserved 1062912K
  class space    used 1912K, capacity 2008K, committed 2048K, reserved 1048576K
}
Event: 3,672 GC heap before
{Heap before GC invocations=7 (full 0):
 PSYoungGen      total 69632K, used 68474K [0x00000000ebe00000, 0x00000000f0800000, 0x0000000100000000)
  eden space 63488K, 100% used [0x00000000ebe00000,0x00000000efc00000,0x00000000efc00000)
  from space 6144K, 81% used [0x00000000f0200000,0x00000000f06dea78,0x00000000f0800000)
  to   space 6144K, 0% used [0x00000000efc00000,0x00000000efc00000,0x00000000f0200000)
 ParOldGen       total 42496K, used 6785K [0x00000000c3a00000, 0x00000000c6380000, 0x00000000ebe00000)
  object space 42496K, 15% used [0x00000000c3a00000,0x00000000c40a07c0,0x00000000c6380000)
 Metaspace       used 16462K, capacity 16716K, committed 16896K, reserved 1064960K
  class space    used 1917K, capacity 2011K, committed 2048K, reserved 1048576K
Event: 3,694 GC heap after
Heap after GC invocations=7 (full 0):
 PSYoungGen      total 69632K, used 6096K [0x00000000ebe00000, 0x00000000f4800000, 0x0000000100000000)
  eden space 63488K, 0% used [0x00000000ebe00000,0x00000000ebe00000,0x00000000efc00000)
  from space 6144K, 99% used [0x00000000efc00000,0x00000000f01f4010,0x00000000f0200000)
  to   space 7168K, 0% used [0x00000000f4100000,0x00000000f4100000,0x00000000f4800000)
 ParOldGen       total 42496K, used 7922K [0x00000000c3a00000, 0x00000000c6380000, 0x00000000ebe00000)
  object space 42496K, 18% used [0x00000000c3a00000,0x00000000c41bc840,0x00000000c6380000)
 Metaspace       used 16462K, capacity 16716K, committed 16896K, reserved 1064960K
  class space    used 1917K, capacity 2011K, committed 2048K, reserved 1048576K
}
Event: 4,700 GC heap before
{Heap before GC invocations=8 (full 0):
 PSYoungGen      total 69632K, used 69584K [0x00000000ebe00000, 0x00000000f4800000, 0x0000000100000000)
  eden space 63488K, 100% used [0x00000000ebe00000,0x00000000efc00000,0x00000000efc00000)
  from space 6144K, 99% used [0x00000000efc00000,0x00000000f01f4010,0x00000000f0200000)
  to   space 7168K, 0% used [0x00000000f4100000,0x00000000f4100000,0x00000000f4800000)
 ParOldGen       total 42496K, used 7922K [0x00000000c3a00000, 0x00000000c6380000, 0x00000000ebe00000)
  object space 42496K, 18% used [0x00000000c3a00000,0x00000000c41bc840,0x00000000c6380000)
 Metaspace       used 18753K, capacity 19096K, committed 19328K, reserved 1067008K
  class space    used 2211K, capacity 2356K, committed 2432K, reserved 1048576K
Event: 4,725 GC heap after
Heap after GC invocations=8 (full 0):
 PSYoungGen      total 131584K, used 7168K [0x00000000ebe00000, 0x00000000f4d00000, 0x0000000100000000)
  eden space 124416K, 0% used [0x00000000ebe00000,0x00000000ebe00000,0x00000000f3780000)
  from space 7168K, 100% used [0x00000000f4100000,0x00000000f4800000,0x00000000f4800000)
  to   space 9728K, 0% used [0x00000000f3780000,0x00000000f3780000,0x00000000f4100000)
 ParOldGen       total 42496K, used 12354K [0x00000000c3a00000, 0x00000000c6380000, 0x00000000ebe00000)
  object space 42496K, 29% used [0x00000000c3a00000,0x00000000c4610be0,0x00000000c6380000)
 Metaspace       used 18753K, capacity 19096K, committed 19328K, reserved 1067008K
  class space    used 2211K, capacity 2356K, committed 2432K, reserved 1048576K
}
Event: 5,998 GC heap before
{Heap before GC invocations=9 (full 0):
 PSYoungGen      total 131584K, used 49438K [0x00000000ebe00000, 0x00000000f4d00000, 0x0000000100000000)
  eden space 124416K, 33% used [0x00000000ebe00000,0x00000000ee747b70,0x00000000f3780000)
  from space 7168K, 100% used [0x00000000f4100000,0x00000000f4800000,0x00000000f4800000)
  to   space 9728K, 0% used [0x00000000f3780000,0x00000000f3780000,0x00000000f4100000)
 ParOldGen       total 42496K, used 12354K [0x00000000c3a00000, 0x00000000c6380000, 0x00000000ebe00000)
  object space 42496K, 29% used [0x00000000c3a00000,0x00000000c4610be0,0x00000000c6380000)
 Metaspace       used 20487K, capacity 21158K, committed 21248K, reserved 1069056K
  class space    used 2380K, capacity 2553K, committed 2560K, reserved 1048576K

Deoptimization events (10 events):
Event: 4,485 Thread 0x00007feec800b800 Uncommon trap: reason=class_check action=maybe_recompile pc=0x00007feeb8fabbf4 method=java.util.regex.Pattern$CharProperty$1.isSatisfiedBy(I)Z @ 5
Event: 4,612 Thread 0x00007feec800b800 Uncommon trap: reason=unstable_if action=reinterpret pc=0x00007feeb91e6e58 method=org.codehaus.plexus.interpolation.StringSearchInterpolator.interpolate(Ljava/lang/String;Lorg/codehaus/plexus/interpolation/RecursionInterceptor;Ljava/util/Set;)Ljava/lang/S
Event: 4,613 Thread 0x00007feec800b800 Uncommon trap: reason=null_check action=make_not_entrant pc=0x00007feeb911a0e4 method=java.lang.Integer.equals(Ljava/lang/Object;)Z @ 1
Event: 4,614 Thread 0x00007feec800b800 Uncommon trap: reason=unstable_if action=reinterpret pc=0x00007feeb92d34f0 method=java.util.HashMap.getNode(ILjava/lang/Object;)Ljava/util/HashMap$Node; @ 53
Event: 4,614 Thread 0x00007feec800b800 Uncommon trap: reason=unstable_if action=reinterpret pc=0x00007feeb8b4e454 method=java.util.HashMap.getNode(ILjava/lang/Object;)Ljava/util/HashMap$Node; @ 53
Event: 4,673 Thread 0x00007feec800b800 Uncommon trap: reason=unstable_if action=reinterpret pc=0x00007feeb928370c method=org.eclipse.sisu.plexus.RealmFilteredBeans$FilteredItr.hasNext()Z @ 57
Event: 4,685 Thread 0x00007feec800b800 Uncommon trap: reason=unstable_if action=reinterpret pc=0x00007feeb919381c method=sun.net.www.protocol.jar.Handler.parseURL(Ljava/net/URL;Ljava/lang/String;II)V @ 94
Event: 4,845 Thread 0x00007feec800b800 Uncommon trap: reason=unstable_if action=reinterpret pc=0x00007feeb90e87f4 method=java.util.WeakHashMap.expungeStaleEntries()V @ 66
Event: 5,132 Thread 0x00007feec800b800 Uncommon trap: reason=unstable_if action=reinterpret pc=0x00007feeb911a4e8 method=java.util.IdentityHashMap.nextKeyIndex(II)I @ 4
Event: 5,881 Thread 0x00007feec800b800 Uncommon trap: reason=unstable_if action=reinterpret pc=0x00007feeb91c832c method=com.google.inject.internal.InjectorImpl.callInContext(Lcom/google/inject/internal/ContextualCallable;)Ljava/lang/Object; @ 161

Classes redefined (0 events):
No events

Internal exceptions (10 events):
Event: 2,179 Thread 0x00007feec800b800 Exception <a 'java/lang/NullPointerException'> (0x00000000ec79eb30) thrown at [/build/openjdk-8-5w_p1G/openjdk-8-8u191-b12/src/hotspot/src/share/vm/interpreter/linkResolver.cpp, line 1185]
Event: 2,179 Thread 0x00007feec800b800 Exception <a 'java/lang/NullPointerException'> (0x00000000ec79ed48) thrown at [/build/openjdk-8-5w_p1G/openjdk-8-8u191-b12/src/hotspot/src/share/vm/interpreter/linkResolver.cpp, line 1185]
Event: 2,806 Thread 0x00007feec800b800 Implicit null exception at 0x00007feeb8f17afc to 0x00007feeb8f185d9
Event: 4,118 Thread 0x00007feec800b800 Exception <a 'java/lang/NoClassDefFoundError': org/sonatype/aether/graph/Dependency> (0x00000000ed43e388) thrown at [/build/openjdk-8-5w_p1G/openjdk-8-8u191-b12/src/hotspot/src/share/vm/classfile/systemDictionary.cpp, line 199]
Event: 4,181 Thread 0x00007feec800b800 Implicit null exception at 0x00007feeb911d966 to 0x00007feeb911eae5
Event: 4,400 Thread 0x00007feec800b800 Implicit null exception at 0x00007feeb8b78bf5 to 0x00007feeb8b78dfd
Event: 4,400 Thread 0x00007feec800b800 Implicit null exception at 0x00007feeb8ab22af to 0x00007feeb8ab2319
Event: 4,613 Thread 0x00007feec800b800 Implicit null exception at 0x00007feeb911a08c to 0x00007feeb911a0d5
Event: 5,881 Thread 0x00007feec800b800 Implicit null exception at 0x00007feeb91c7035 to 0x00007feeb91c831a
Event: 5,971 Thread 0x00007feec800b800 Exception <a 'java/lang/ClassNotFoundException': com/sun/tools/javac/api/JavacTool> (0x00000000ee59aa60) thrown at [/build/openjdk-8-5w_p1G/openjdk-8-8u191-b12/src/hotspot/src/share/vm/classfile/systemDictionary.cpp, line 210]

Events (10 events):
Event: 5,990 loading class org/codehaus/plexus/compiler/javac/JavaxToolsCompiler$1 done
Event: 5,990 loading class org/codehaus/plexus/compiler/javac/JavaxToolsCompiler$1
Event: 5,990 loading class org/codehaus/plexus/compiler/javac/JavaxToolsCompiler$1 done
Event: 5,991 loading class javax/tools/Diagnostic$Kind
Event: 5,991 loading class javax/tools/Diagnostic$Kind done
Event: 5,991 loading class javax/tools/DiagnosticCollector
Event: 5,991 loading class javax/tools/DiagnosticCollector done
Event: 5,991 loading class java/util/Collections$SynchronizedRandomAccessList
Event: 5,992 loading class java/util/Collections$SynchronizedList
Event: 5,997 Executing VM operation: CollectForMetadataAllocation


Dynamic libraries:
c3a00000-c6380000 rw-p 00000000 00:00 0 
c6380000-ebe00000 ---p 00000000 00:00 0 
ebe00000-f4d00000 rw-p 00000000 00:00 0 
f9580000-100000000 ---p 00000000 00:00 0 
100000000-100280000 rw-p 00000000 00:00 0 
100280000-140000000 ---p 00000000 00:00 0 
5624c42fc000-5624c42fd000 r-xp 00000000 fd:00 2890028                    /usr/lib/jvm/java-8-openjdk-amd64/jre/bin/java
5624c44fc000-5624c44fd000 r--p 00000000 fd:00 2890028                    /usr/lib/jvm/java-8-openjdk-amd64/jre/bin/java
5624c44fd000-5624c44fe000 rw-p 00001000 fd:00 2890028                    /usr/lib/jvm/java-8-openjdk-amd64/jre/bin/java
5624c5915000-5624c5936000 rw-p 00000000 00:00 0                          [heap]
7fee78000000-7fee78021000 rw-p 00000000 00:00 0 
7fee78021000-7fee7c000000 ---p 00000000 00:00 0 
7fee7c000000-7fee7c021000 rw-p 00000000 00:00 0 
7fee7c021000-7fee80000000 ---p 00000000 00:00 0 
7fee80000000-7fee81486000 rw-p 00000000 00:00 0 
7fee81486000-7fee84000000 ---p 00000000 00:00 0 
7fee84000000-7fee84f6f000 rw-p 00000000 00:00 0 
7fee84f6f000-7fee88000000 ---p 00000000 00:00 0 
7fee88000000-7fee88021000 rw-p 00000000 00:00 0 
7fee88021000-7fee8c000000 ---p 00000000 00:00 0 
7fee8c000000-7fee8d619000 rw-p 00000000 00:00 0 
7fee8d619000-7fee90000000 ---p 00000000 00:00 0 
7fee90000000-7fee90021000 rw-p 00000000 00:00 0 
7fee90021000-7fee94000000 ---p 00000000 00:00 0 
7fee94000000-7fee94021000 rw-p 00000000 00:00 0 
7fee94021000-7fee98000000 ---p 00000000 00:00 0 
7fee98000000-7fee98021000 rw-p 00000000 00:00 0 
7fee98021000-7fee9c000000 ---p 00000000 00:00 0 
7fee9c000000-7fee9c021000 rw-p 00000000 00:00 0 
7fee9c021000-7feea0000000 ---p 00000000 00:00 0 
7feea0000000-7feea0021000 rw-p 00000000 00:00 0 
7feea0021000-7feea4000000 ---p 00000000 00:00 0 
7feea8000000-7feea8021000 rw-p 00000000 00:00 0 
7feea8021000-7feeac000000 ---p 00000000 00:00 0 
7feeadbcb000-7feeadbe2000 r--p 00000000 fd:00 3152224                    /usr/share/locale-langpack/hu/LC_MESSAGES/libc.mo
7feeadbe2000-7feeadc22000 rw-p 00000000 00:00 0 
7feeadc22000-7feeadde2000 ---p 00000000 00:00 0 
7feeadde2000-7feeadfe2000 rw-p 00000000 00:00 0 
7feeadfe8000-7feeadfef000 r--s 00000000 fd:00 2886065                    /usr/lib/x86_64-linux-gnu/gconv/gconv-modules.cache
7feeadfef000-7feeae068000 r--s 01101000 fd:00 3151802                    /usr/lib/jvm/java-8-openjdk-amd64/lib/tools.jar
7feeae068000-7feeae06a000 r--s 00004000 fd:00 6557117                    /home/marxj/.m2/repository/org/codehaus/plexus/plexus-compiler-javac/2.8.4/plexus-compiler-javac-2.8.4.jar
7feeae06a000-7feeae06c000 r--s 00000000 fd:00 6557115                    /home/marxj/.m2/repository/org/codehaus/plexus/plexus-compiler-manager/2.8.4/plexus-compiler-manager-2.8.4.jar
7feeae06c000-7feeae06e000 r--s 00005000 fd:00 6557114                    /home/marxj/.m2/repository/org/codehaus/plexus/plexus-compiler-api/2.8.4/plexus-compiler-api-2.8.4.jar
7feeae06e000-7feeae075000 r--s 00047000 fd:00 6557111                    /home/marxj/.m2/repository/com/thoughtworks/qdox/qdox/2.0-M9/qdox-2.0-M9.jar
7feeae075000-7feeae077000 r--s 0001a000 fd:00 6557109                    /home/marxj/.m2/repository/org/ow2/asm/asm/6.2/asm-6.2.jar
7feeae077000-7feeae079000 r--s 00008000 fd:00 5251347                    /home/marxj/.m2/repository/org/codehaus/plexus/plexus-java/0.9.10/plexus-java-0.9.10.jar
7feeae079000-7feeae07b000 r--s 00002000 fd:00 6555553                    /home/marxj/.m2/repository/org/apache/maven/shared/maven-shared-incremental/1.1/maven-shared-incremental-1.1.jar
7feeae07b000-7feeae07e000 r--s 00026000 fd:00 6557107                    /home/marxj/.m2/repository/org/apache/maven/shared/maven-shared-utils/3.2.1/maven-shared-utils-3.2.1.jar
7feeae07e000-7feeae080000 r--s 0000d000 fd:00 6556386                    /home/marxj/.m2/repository/org/codehaus/plexus/plexus-interpolation/1.14/plexus-interpolation-1.14.jar
7feeae080000-7feeae084000 r--s 00033000 fd:00 6557105                    /home/marxj/.m2/repository/org/codehaus/plexus/plexus-utils/2.0.4/plexus-utils-2.0.4.jar
7feeae084000-7feeae086000 r--s 0000e000 fd:00 6556799                    /home/marxj/.m2/repository/org/apache/maven/plugins/maven-compiler-plugin/3.8.0/maven-compiler-plugin-3.8.0.jar
7feeae086000-7feeae089000 r--s 00011000 fd:00 6557052                    /home/marxj/.m2/repository/org/codehaus/plexus/plexus-interpolation/1.24/plexus-interpolation-1.24.jar
7feeae089000-7feeae08d000 r--s 0002f000 fd:00 6557050                    /home/marxj/.m2/repository/commons-io/commons-io/2.5/commons-io-2.5.jar
7feeae08d000-7feeae08f000 r--s 00001000 fd:00 6557047                    /home/marxj/.m2/repository/org/sonatype/plexus/plexus-build-api/0.0.7/plexus-build-api-0.0.7.jar
7feeae08f000-7feeae091000 r--s 00006000 fd:00 6555551                    /home/marxj/.m2/repository/com/google/code/findbugs/jsr305/2.0.1/jsr305-2.0.1.jar
7feeae091000-7feeae094000 r--s 00023000 fd:00 6557043                    /home/marxj/.m2/repository/org/apache/maven/shared/maven-shared-utils/3.0.0/maven-shared-utils-3.0.0.jar
7feeae094000-7feeae096000 r--s 0000b000 fd:00 6557041                    /home/marxj/.m2/repository/org/apache/maven/shared/maven-filtering/3.1.1/maven-filtering-3.1.1.jar
7feeae096000-7feeae09a000 r--s 0003c000 fd:00 6557045                    /home/marxj/.m2/repository/org/codehaus/plexus/plexus-utils/3.1.0/plexus-utils-3.1.0.jar
7feeae09a000-7feeae09c000 r--s 00000000 fd:00 6557039                    /home/marxj/.m2/repository/org/codehaus/plexus/plexus-component-annotations/1.7.1/plexus-component-annotations-1.7.1.jar
7feeae09c000-7feeae0a0000 r--s 00017000 fd:00 6556362                    /home/marxj/.m2/repository/org/sonatype/aether/aether-util/1.7/aether-util-1.7.jar
7feeae0a0000-7feeae0ab000 r--s 00069000 fd:00 6556363                    /home/marxj/.m2/repository/org/sonatype/sisu/sisu-guice/2.1.7/sisu-guice-2.1.7-noaop.jar
7feeae0ab000-7feeae0b0000 r--s 00021000 fd:00 6556382                    /home/marxj/.m2/repository/org/sonatype/sisu/sisu-inject-bean/1.4.2/sisu-inject-bean-1.4.2.jar
7feeae0b0000-7feeae0b1000 r--s 00007000 fd:00 5508276                    /home/marxj/.m2/repository/org/apache/maven/plugins/maven-resources-plugin/3.1.0/maven-resources-plugin-3.1.0.jar
7feeae0b1000-7feeae0b5000 r--s 00034000 fd:00 5114905                    /home/marxj/.m2/repository/org/codehaus/plexus/plexus-utils/3.0/plexus-utils-3.0.jar
7feeae0b5000-7feeae0b7000 r--s 00005000 fd:00 5114875                    /home/marxj/.m2/repository/org/apache/maven/plugins/maven-clean-plugin/2.5/maven-clean-plugin-2.5.jar
7feeae0b7000-7feeae2b7000 rw-p 00000000 00:00 0 
7feeae2b7000-7feeae2b9000 r--s 00004000 fd:00 6555198                    /home/marxj/.m2/repository/org/apache/maven/maven-archiver/2.5/maven-archiver-2.5.jar
7feeae2b9000-7feeae2bb000 r--s 00005000 fd:00 6556790                    /home/marxj/.m2/repository/org/apache/maven/plugins/maven-jar-plugin/2.5/maven-jar-plugin-2.5.jar
7feeae2bb000-7feeae2c9000 r--s 0007f000 fd:00 6556466                    /home/marxj/.m2/repository/commons-collections/commons-collections/3.2.1/commons-collections-3.2.1.jar
7feeae2c9000-7feeae2ce000 r--s 00041000 fd:00 6556789                    /home/marxj/.m2/repository/commons-lang/commons-lang/2.6/commons-lang-2.6.jar
7feeae2ce000-7feeae2d0000 r--s 00006000 fd:00 6556787                    /home/marxj/.m2/repository/org/apache/maven/shared/maven-invoker/2.1.1/maven-invoker-2.1.1.jar
7feeae2d0000-7feeae2d2000 r--s 00006000 fd:00 6556785                    /home/marxj/.m2/repository/org/apache/maven/shared/maven-common-artifact-filters/1.4/maven-common-artifact-filters-1.4.jar
7feeae2d2000-7feeae2d6000 r--s 0001d000 fd:00 5251305                    /home/marxj/.m2/repository/org/eclipse/aether/aether-util/0.9.0.M2/aether-util-0.9.0.M2.jar
7feeae2d6000-7feeae2d9000 r--s 0000d000 fd:00 6556783                    /home/marxj/.m2/repository/org/apache/maven/shared/maven-dependency-tree/2.2/maven-dependency-tree-2.2.jar
7feeae2d9000-7feeae2da000 r--s 0000c000 fd:00 6556781                    /home/marxj/.m2/repository/org/ow2/asm/asm/5.0.2/asm-5.0.2.jar
7feeae2da000-7feeae2dc000 r--s 00006000 fd:00 6556779                    /home/marxj/.m2/repository/org/apache/maven/shared/maven-dependency-analyzer/1.5/maven-dependency-analyzer-1.5.jar
7feeae2dc000-7feeae2df000 r--s 0000c000 fd:00 6556777                    /home/marxj/.m2/repository/org/codehaus/plexus/plexus-io/2.0.9/plexus-io-2.0.9.jar
7feeae2df000-7feeae2e1000 r--s 00008000 fd:00 6556773                    /home/marxj/.m2/repository/org/apache/maven/shared/maven-shared-io/1.1/maven-shared-io-1.1.jar
7feeae2e1000-7feeae2e3000 r--s 00008000 fd:00 6556772                    /home/marxj/.m2/repository/org/apache/maven/shared/file-management/1.2.1/file-management-1.2.1.jar
7feeae2e3000-7feeae2e7000 r--s 00037000 fd:00 5508267                    /home/marxj/.m2/repository/org/codehaus/plexus/plexus-utils/3.0.15/plexus-utils-3.0.15.jar
7feeae2e7000-7feeae2eb000 r--s 00014000 fd:00 5508265                    /home/marxj/.m2/repository/org/tukaani/xz/1.2/xz-1.2.jar
7feeae2eb000-7feeae2f0000 r--s 0003a000 fd:00 5640573                    /home/marxj/.m2/repository/org/apache/commons/commons-compress/1.5/commons-compress-1.5.jar
7feeae2f0000-7feeae2f5000 r--s 00024000 fd:00 6556758                    /home/marxj/.m2/repository/org/codehaus/plexus/plexus-archiver/2.4.4/plexus-archiver-2.4.4.jar
7feeae2f5000-7feeae2f7000 r--s 00000000 fd:00 6555556                    /home/marxj/.m2/repository/org/codehaus/plexus/plexus-component-annotations/1.5.5/plexus-component-annotations-1.5.5.jar
7feeae2f7000-7feeae2fa000 r--s 0001b000 fd:00 6556462                    /home/marxj/.m2/repository/org/apache/struts/struts-tiles/1.3.8/struts-tiles-1.3.8.jar
7feeae2fa000-7feeae2ff000 r--s 00039000 fd:00 6556460                    /home/marxj/.m2/repository/org/apache/struts/struts-taglib/1.3.8/struts-taglib-1.3.8.jar
7feeae2ff000-7feeae304000 r--s 00053000 fd:00 6556433                    /home/marxj/.m2/repository/antlr/antlr/2.7.2/antlr-2.7.2.jar
7feeae304000-7feeae30a000 r--s 0004b000 fd:00 5907950                    /home/marxj/.m2/repository/org/apache/struts/struts-core/1.3.8/struts-core-1.3.8.jar
7feeae30a000-7feeae30c000 r--s 00005000 fd:00 6556456                    /home/marxj/.m2/repository/sslext/sslext/1.2-0/sslext-1.2-0.jar
7feeae30c000-7feeae314000 r--s 00068000 fd:00 6556455                    /home/marxj/.m2/repository/dom4j/dom4j/1.1/dom4j-1.1.jar
7feeae314000-7feeae316000 r--s 00014000 fd:00 6556450                    /home/marxj/.m2/repository/commons-chain/commons-chain/1.1/commons-chain-1.1.jar
7feeae316000-7feeae31c000 r--s 0004f000 fd:00 6294322                    /home/marxj/.m2/repository/org/apache/velocity/velocity-tools/2.0/velocity-tools-2.0.jar
7feeae31c000-7feeae31e000 r--s 0000e000 fd:00 6556478                    /home/marxj/.m2/repository/oro/oro/2.0.8/oro-2.0.8.jar
7feeae31e000-7feeae326000 r--s 00058000 fd:00 5907952                    /home/marxj/.m2/repository/org/apache/velocity/velocity/1.5/velocity-1.5.jar
7feeae326000-7feeae327000 r--s 00001000 fd:00 6556766                    /home/marxj/.m2/repository/org/codehaus/plexus/plexus-velocity/1.1.7/plexus-velocity-1.1.7.jar
7feeae327000-7feeae328000 r--s 00002000 fd:00 6556475                    /home/marxj/.m2/repository/org/codehaus/plexus/plexus-i18n/1.0-beta-7/plexus-i18n-1.0-beta-7.jar
7feeae328000-7feeae32a000 r--s 00008000 fd:00 6556426                    /home/marxj/.m2/repository/org/apache/maven/doxia/doxia-module-fml/1.4/doxia-module-fml-1.4.jar
7feeae32a000-7feeae32b000 r--s 00003000 fd:00 6556420                    /home/marxj/.m2/repository/org/apache/maven/doxia/doxia-module-xhtml/1.4/doxia-module-xhtml-1.4.jar
7feeae32b000-7feeae32c000 r--s 0000e000 fd:00 6556443                    /home/marxj/.m2/repository/org/apache/maven/doxia/doxia-decoration-model/1.4/doxia-decoration-model-1.4.jar
7feeae32c000-7feeae32e000 r--s 0000b000 fd:00 6556444                    /home/marxj/.m2/repository/org/apache/maven/doxia/doxia-site-renderer/1.4/doxia-site-renderer-1.4.jar
7feeae32e000-7feeae32f000 r--s 00002000 fd:00 6556406                    /home/marxj/.m2/repository/org/apache/maven/doxia/doxia-logging-api/1.4/doxia-logging-api-1.4.jar
7feeae32f000-7feeae330000 r--s 00002000 fd:00 6556405                    /home/marxj/.m2/repository/org/apache/maven/doxia/doxia-sink-api/1.4/doxia-sink-api-1.4.jar
7feeae330000-7feeae333000 r--s 00018000 fd:00 6556490                    /home/marxj/.m2/repository/commons-io/commons-io/1.4/commons-io-1.4.jar
7feeae333000-7feeae335000 r--s 00008000 fd:00 6556764                    /home/marxj/.m2/repository/commons-logging/commons-logging/1.0.4/commons-logging-1.0.4.jar
7feeae335000-7feeae339000 r--s 00026000 fd:00 6556763                    /home/marxj/.m2/repository/commons-digester/commons-digester/1.6/commons-digester-1.6.jar
7feeae339000-7feeae33e000 r--s 0002a000 fd:00 6556435                    /home/marxj/.m2/repository/commons-beanutils/commons-beanutils/1.7.0/commons-beanutils-1.7.0.jar
7feeae33e000-7feeae341000 r--s 0001f000 fd:00 6556452                    /home/marxj/.m2/repository/commons-validator/commons-validator/1.3.1/commons-validator-1.3.1.jar
7feeae341000-7feeae343000 r--s 0000a000 fd:00 6556419                    /home/marxj/.m2/repository/commons-codec/commons-codec/1.3/commons-codec-1.3.jar
7feeae343000-7feeae348000 r--s 00026000 fd:00 6294320                    /home/marxj/.m2/repository/org/apache/httpcomponents/httpcore/4.0.1/httpcore-4.0.1.jar
7feeae348000-7feeae34f000 r--s 00041000 fd:00 5772885                    /home/marxj/.m2/repository/org/apache/httpcomponents/httpclient/4.0.2/httpclient-4.0.2.jar
7feeae34f000-7feeae357000 r--s 00028000 fd:00 6556415                    /home/marxj/.m2/repository/xml-apis/xml-apis/1.3.04/xml-apis-1.3.04.jar
7feeae357000-7feeae36f000 r--s 00115000 fd:00 6556412                    /home/marxj/.m2/repository/xerces/xercesImpl/2.9.1/xercesImpl-2.9.1.jar
7feeae36f000-7feeae373000 r--s 00022000 fd:00 6556761                    /home/marxj/.m2/repository/org/apache/maven/doxia/doxia-core/1.2/doxia-core-1.2.jar
7feeae373000-7feeae375000 r--s 00003000 fd:00 6556759                    /home/marxj/.m2/repository/org/apache/maven/reporting/maven-reporting-impl/2.2/maven-reporting-impl-2.2.jar
7feeae375000-7feeae376000 r--s 00002000 fd:00 6556360                    /home/marxj/.m2/repository/org/apache/maven/reporting/maven-reporting-api/3.0/maven-reporting-api-3.0.jar
7feeae376000-7feeae37e000 r--s 00049000 fd:00 6556727                    /home/marxj/.m2/repository/backport-util-concurrent/backport-util-concurrent/3.1/backport-util-concurrent-3.1.jar
7feeae37e000-7feeae380000 r--s 00002000 fd:00 6556394                    /home/marxj/.m2/repository/org/sonatype/plexus/plexus-cipher/1.4/plexus-cipher-1.4.jar
7feeae380000-7feeae381000 r--s 00006000 fd:00 6556390                    /home/marxj/.m2/repository/org/sonatype/plexus/plexus-sec-dispatcher/1.3/plexus-sec-dispatcher-1.3.jar
7feeae381000-7feeae383000 r--s 00002000 fd:00 6555129                    /home/marxj/.m2/repository/org/codehaus/plexus/plexus-interactivity-api/1.0-alpha-4/plexus-interactivity-api-1.0-alpha-4.jar
7feeae383000-7feeae385000 r--s 00009000 fd:00 6556749                    /home/marxj/.m2/repository/commons-cli/commons-cli/1.2/commons-cli-1.2.jar
7feeae385000-7feeae387000 r--s 00003000 fd:00 6556743                    /home/marxj/.m2/repository/org/slf4j/jcl-over-slf4j/1.5.6/jcl-over-slf4j-1.5.6.jar
7feeae387000-7feeae389000 r--s 00001000 fd:00 5377749                    /home/marxj/.m2/repository/org/slf4j/slf4j-jdk14/1.5.6/slf4j-jdk14-1.5.6.jar
7feeae389000-7feeae38c000 r--s 0001b000 fd:00 6555139                    /home/marxj/.m2/repository/junit/junit/3.8.1/junit-3.8.1.jar
7feeae38c000-7feeae38e000 r--s 0000b000 fd:00 6556735                    /home/marxj/.m2/repository/org/codehaus/plexus/plexus-interpolation/1.11/plexus-interpolation-1.11.jar
7feeae38e000-7feeae391000 r--s 00024000 fd:00 5508263                    /home/marxj/.m2/repository/org/apache/maven/plugins/maven-dependency-plugin/2.9/maven-dependency-plugin-2.9.jar
7feeae391000-7feeae393000 r--s 00005000 fd:00 4983467                    /home/marxj/.m2/repository/org/apache/nifi/nifi-nar-maven-plugin/1.0.0-incubating/nifi-nar-maven-plugin-1.0.0-incubating.jar
7feeae393000-7feeae3a4000 r-xp 00000000 fd:00 3017329                    /usr/lib/jvm/java-8-openjdk-amd64/jre/lib/amd64/libnio.so
7feeae3a4000-7feeae5a4000 ---p 00011000 fd:00 3017329                    /usr/lib/jvm/java-8-openjdk-amd64/jre/lib/amd64/libnio.so
7feeae5a4000-7feeae5a5000 r--p 00011000 fd:00 3017329                    /usr/lib/jvm/java-8-openjdk-amd64/jre/lib/amd64/libnio.so
7feeae5a5000-7feeae5a6000 rw-p 00012000 fd:00 3017329                    /usr/lib/jvm/java-8-openjdk-amd64/jre/lib/amd64/libnio.so
7feeae5a6000-7feeae5bd000 r-xp 00000000 fd:00 3017328                    /usr/lib/jvm/java-8-openjdk-amd64/jre/lib/amd64/libnet.so
7feeae5bd000-7feeae7bc000 ---p 00017000 fd:00 3017328                    /usr/lib/jvm/java-8-openjdk-amd64/jre/lib/amd64/libnet.so
7feeae7bc000-7feeae7bd000 r--p 00016000 fd:00 3017328                    /usr/lib/jvm/java-8-openjdk-amd64/jre/lib/amd64/libnet.so
7feeae7bd000-7feeae7be000 rw-p 00017000 fd:00 3017328                    /usr/lib/jvm/java-8-openjdk-amd64/jre/lib/amd64/libnet.so
7feeae7be000-7feeae7c3000 r--s 000a0000 fd:00 3017722                    /usr/lib/jvm/java-8-openjdk-amd64/jre/lib/jsse.jar
7feeae7c3000-7feeae9c3000 rw-p 00000000 00:00 0 
7feeae9c3000-7feeaebc3000 rw-p 00000000 00:00 0 
7feeaebc3000-7feeaedc3000 rw-p 00000000 00:00 0 
7feeaedc3000-7feeaedc7000 r--s 0001f000 fd:00 3022150                    /usr/share/java/maven-resolver-api.jar
7feeaedc7000-7feeaedc9000 r--s 00007000 fd:00 3022143                    /usr/share/java/jansi.jar
7feeaedc9000-7feeaedca000 r--s 00002000 fd:00 3022206                    /usr/share/java/maven3-builder-support.jar
7feeaedca000-7feeaedd8000 r--s 0009a000 fd:00 3022128                    /usr/share/java/guice.jar
7feeaedd8000-7feeaedda000 r--s 00006000 fd:00 3022179                    /usr/share/java/plexus-sec-dispatcher.jar
7feeaedda000-7feeaeddb000 r--s 00002000 fd:00 3022063                    /usr/share/java/geronimo-annotation-1.3-spec.jar
7feeaeddb000-7feeaeddc000 r--s 00000000 fd:00 3021962                    /usr/share/java/atinject-jsr330-api-1.0.jar
7feeaeddc000-7feeaedde000 r--s 0000e000 fd:00 3022214                    /usr/share/java/maven3-resolver-provider.jar
7feeaedde000-7feeaede2000 r--s 00022000 fd:00 3022158                    /usr/share/java/maven-resolver-util.jar
7feeaede2000-7feeaede4000 r--s 00008000 fd:00 3022215                    /usr/share/java/maven3-settings-builder.jar
7feeaede4000-7feeaedf1000 r--s 0008d000 fd:00 3022208                    /usr/share/java/maven3-core.jar
7feeaedf1000-7feeaedf2000 r--s 00001000 fd:00 3021977                    /usr/share/java/geronimo-interceptor-3.0-spec.jar
7feeaedf2000-7feeaedf3000 r--s 00000000 fd:00 3021962                    /usr/share/java/atinject-jsr330-api-1.0.jar
7feeaedf3000-7feeaedf6000 r--s 0000e000 fd:00 3021991                    /usr/share/java/cdi-api.jar
7feeaedf6000-7feeaedf8000 r--s 00003000 fd:00 3022181                    /usr/share/java/jcl-over-slf4j.jar
7feeaedf8000-7feeaedfa000 r--s 00006000 fd:00 3022153                    /usr/share/java/maven-resolver-spi.jar
7feeaedfa000-7feeaedfe000 r--s 00023000 fd:00 3022168                    /usr/share/java/maven-shared-utils.jar
7feeaedfe000-7feeaee01000 r--s 00011000 fd:00 3022177                    /usr/share/java/plexus-interpolation.jar
7feeaee01000-7feeaee03000 r--s 00009000 fd:00 3022184                    /usr/share/java/slf4j-api.jar
7feeaee03000-7feeaee04000 r--s 00004000 fd:00 3022217                    /usr/share/java/maven3-slf4j-provider.jar
7feeaee04000-7feeaee06000 r--s 00000000 fd:00 3022174                    /usr/share/java/plexus-component-annotations.jar
7feeaee06000-7feeaee08000 r--s 00008000 fd:00 3022151                    /usr/share/java/maven-resolver-connector-basic.jar
7feeaee08000-7feeaee0d000 r--s 00030000 fd:00 3022036                    /usr/share/java/commons-io.jar
7feeaee0d000-7feeaee39000 r--s 00208000 fd:00 3022103                    /usr/share/java/guava.jar
7feeaee39000-7feeaee3a000 r--s 0000a000 fd:00 3022216                    /usr/share/java/maven3-settings.jar
7feeaee3a000-7feeaee3c000 r--s 00001000 fd:00 3022118                    /usr/share/java/aopalliance-1.0.jar
7feeaee3c000-7feeaee44000 r--s 0006d000 fd:00 3022049                    /usr/share/java/commons-lang3.jar
7feeaee44000-7feeaee46000 r--s 0000a000 fd:00 3022011                    /usr/share/java/commons-cli.jar
7feeaee46000-7feeaee48000 r--s 00005000 fd:00 3022157                    /usr/share/java/maven-resolver-transport-wagon.jar
7feeaee48000-7feeaee4e000 r--s 0002d000 fd:00 3022203                    /usr/share/java/sisu-plexus.jar
7feeaee4e000-7feeaee55000 r--s 00042000 fd:00 3022207                    /usr/share/java/maven3-compat.jar
7feeaee55000-7feeaee57000 r--s 0000a000 fd:00 3022212                    /usr/share/java/maven3-plugin-api.jar
7feeaee57000-7feeaee5e000 r--s 00054000 fd:00 3022201                    /usr/share/java/sisu-inject.jar
7feeaee5e000-7feeaee8b000 r--s 001ce000 fd:00 3022246                    /usr/share/java/wagon-http-shaded-3.0.0.jar
7feeaee8b000-7feeaeea6000 r--s 001d6000 fd:00 3017566                    /usr/lib/jvm/java-8-openjdk-amd64/jre/lib/ext/nashorn.jar
7feeaeea6000-7feeaeea7000 ---p 00000000 00:00 0 
7feeaeea7000-7feeaefa7000 rw-p 00000000 00:00 0 
7feeaefa7000-7feeaefaa000 ---p 00000000 00:00 0 
7feeaefaa000-7feeaf0a8000 rw-p 00000000 00:00 0 
7feeaf0a8000-7feeaf0a9000 ---p 00000000 00:00 0 
7feeaf0a9000-7feeaf0ac000 ---p 00000000 00:00 0 
7feeaf0ac000-7feeaf1a9000 rw-p 00000000 00:00 0 
7feeaf1a9000-7feeaf1aa000 ---p 00000000 00:00 0 
7feeaf1aa000-7feeaf1ad000 ---p 00000000 00:00 0 
7feeaf1ad000-7feeaf2aa000 rw-p 00000000 00:00 0 
7feeaf2aa000-7feeaf2ab000 ---p 00000000 00:00 0 
7feeaf2ab000-7feeaf2ae000 ---p 00000000 00:00 0 
7feeaf2ae000-7feeaf3ab000 rw-p 00000000 00:00 0 
7feeaf3ab000-7feeaf3ae000 ---p 00000000 00:00 0 
7feeaf3ae000-7feeaf4ac000 rw-p 00000000 00:00 0 
7feeaf4ac000-7feeb0000000 r--p 00000000 fd:00 2628292                    /usr/lib/locale/locale-archive
7feeb0000000-7feeb0021000 rw-p 00000000 00:00 0 
7feeb0021000-7feeb4000000 ---p 00000000 00:00 0 
7feeb4000000-7feeb4001000 r--s 00001000 fd:00 3022244                    /usr/share/java/wagon-file.jar
7feeb4001000-7feeb4002000 r--s 00003000 fd:00 3022170                    /usr/share/java/plexus-cipher.jar
7feeb4002000-7feeb4005000 r--s 0000a000 fd:00 3022205                    /usr/share/java/maven3-artifact.jar
7feeb4005000-7feeb4008000 r--s 00027000 fd:00 3022211                    /usr/share/java/maven3-model.jar
7feeb4008000-7feeb400c000 r--s 0003b000 fd:00 3022145                    /usr/share/java/plexus-utils2.jar
7feeb400c000-7feeb4010000 r--s 00028000 fd:00 3022152                    /usr/share/java/maven-resolver-impl.jar
7feeb4010000-7feeb4015000 r--s 00026000 fd:00 3022210                    /usr/share/java/maven3-model-builder.jar
7feeb4015000-7feeb4030000 r--s 00394000 fd:00 3017518                    /usr/lib/jvm/java-8-openjdk-amd64/jre/lib/ext/cldrdata.jar
7feeb4030000-7feeb4033000 ---p 00000000 00:00 0 
7feeb4033000-7feeb4131000 rw-p 00000000 00:00 0 
7feeb4131000-7feeb4134000 ---p 00000000 00:00 0 
7feeb4134000-7feeb4232000 rw-p 00000000 00:00 0 
7feeb4232000-7feeb4233000 ---p 00000000 00:00 0 
7feeb4233000-7feeb52f3000 rw-p 00000000 00:00 0 
7feeb52f3000-7feeb54c2000 r--s 03c33000 fd:00 3017898                    /usr/lib/jvm/java-8-openjdk-amd64/jre/lib/rt.jar
7feeb54c2000-7feeb7cd5000 rw-p 00000000 00:00 0 
7feeb7cd5000-7feeb7cd6000 ---p 00000000 00:00 0 
7feeb7cd6000-7feeb7dd6000 rw-p 00000000 00:00 0 
7feeb7dd6000-7feeb7dd7000 ---p 00000000 00:00 0 
7feeb7dd7000-7feeb7ed7000 rw-p 00000000 00:00 0 
7feeb7ed7000-7feeb7ed8000 ---p 00000000 00:00 0 
7feeb7ed8000-7feeb7fd8000 rw-p 00000000 00:00 0 
7feeb7fd8000-7feeb7fd9000 ---p 00000000 00:00 0 
7feeb7fd9000-7feeb80ee000 rw-p 00000000 00:00 0 
7feeb80ee000-7feeb821b000 ---p 00000000 00:00 0 
7feeb821b000-7feeb8230000 rw-p 00000000 00:00 0 
7feeb8230000-7feeb835d000 ---p 00000000 00:00 0 
7feeb835d000-7feeb83a5000 rw-p 00000000 00:00 0 
7feeb83a5000-7feeb83fe000 ---p 00000000 00:00 0 
7feeb83fe000-7feeb8433000 rw-p 00000000 00:00 0 
7feeb8433000-7feeb87bf000 ---p 00000000 00:00 0 
7feeb87bf000-7feeb948f000 rwxp 00000000 00:00 0 
7feeb948f000-7feec77bf000 ---p 00000000 00:00 0 
7feec77bf000-7feec77c7000 r-xp 00000000 fd:00 3017336                    /usr/lib/jvm/java-8-openjdk-amd64/jre/lib/amd64/libzip.so
7feec77c7000-7feec79c6000 ---p 00008000 fd:00 3017336                    /usr/lib/jvm/java-8-openjdk-amd64/jre/lib/amd64/libzip.so
7feec79c6000-7feec79c7000 r--p 00007000 fd:00 3017336                    /usr/lib/jvm/java-8-openjdk-amd64/jre/lib/amd64/libzip.so
7feec79c7000-7feec79c8000 rw-p 00008000 fd:00 3017336                    /usr/lib/jvm/java-8-openjdk-amd64/jre/lib/amd64/libzip.so
7feec79c8000-7feec79d3000 r-xp 00000000 fd:00 5772122                    /lib/x86_64-linux-gnu/libnss_files-2.27.so
7feec79d3000-7feec7bd2000 ---p 0000b000 fd:00 5772122                    /lib/x86_64-linux-gnu/libnss_files-2.27.so
7feec7bd2000-7feec7bd3000 r--p 0000a000 fd:00 5772122                    /lib/x86_64-linux-gnu/libnss_files-2.27.so
7feec7bd3000-7feec7bd4000 rw-p 0000b000 fd:00 5772122                    /lib/x86_64-linux-gnu/libnss_files-2.27.so
7feec7bd4000-7feec7bda000 rw-p 00000000 00:00 0 
7feec7bda000-7feec7bf1000 r-xp 00000000 fd:00 5772116                    /lib/x86_64-linux-gnu/libnsl-2.27.so
7feec7bf1000-7feec7df0000 ---p 00017000 fd:00 5772116                    /lib/x86_64-linux-gnu/libnsl-2.27.so
7feec7df0000-7feec7df1000 r--p 00016000 fd:00 5772116                    /lib/x86_64-linux-gnu/libnsl-2.27.so
7feec7df1000-7feec7df2000 rw-p 00017000 fd:00 5772116                    /lib/x86_64-linux-gnu/libnsl-2.27.so
7feec7df2000-7feec7df4000 rw-p 00000000 00:00 0 
7feec7df4000-7feec7dff000 r-xp 00000000 fd:00 5772133                    /lib/x86_64-linux-gnu/libnss_nis-2.27.so
7feec7dff000-7feec7ffe000 ---p 0000b000 fd:00 5772133                    /lib/x86_64-linux-gnu/libnss_nis-2.27.so
7feec7ffe000-7feec7fff000 r--p 0000a000 fd:00 5772133                    /lib/x86_64-linux-gnu/libnss_nis-2.27.so
7feec7fff000-7feec8000000 rw-p 0000b000 fd:00 5772133                    /lib/x86_64-linux-gnu/libnss_nis-2.27.so
7feec8000000-7feec9125000 rw-p 00000000 00:00 0 
7feec9125000-7feecc000000 ---p 00000000 00:00 0 
7feecc000000-7feecc003000 r--s 00015000 fd:00 3022209                    /usr/share/java/maven3-embedder.jar
7feecc003000-7feecc00d000 r--s 00116000 fd:00 3017565                    /usr/lib/jvm/java-8-openjdk-amd64/jre/lib/ext/localedata.jar
7feecc00d000-7feecc083000 rw-p 00000000 00:00 0 
7feecc083000-7feecc08b000 r-xp 00000000 fd:00 5772118                    /lib/x86_64-linux-gnu/libnss_compat-2.27.so
7feecc08b000-7feecc28b000 ---p 00008000 fd:00 5772118                    /lib/x86_64-linux-gnu/libnss_compat-2.27.so
7feecc28b000-7feecc28c000 r--p 00008000 fd:00 5772118                    /lib/x86_64-linux-gnu/libnss_compat-2.27.so
7feecc28c000-7feecc28d000 rw-p 00009000 fd:00 5772118                    /lib/x86_64-linux-gnu/libnss_compat-2.27.so
7feecc28d000-7feecc2bb000 r-xp 00000000 fd:00 3017317                    /usr/lib/jvm/java-8-openjdk-amd64/jre/lib/amd64/libjava.so
7feecc2bb000-7feecc4ba000 ---p 0002e000 fd:00 3017317                    /usr/lib/jvm/java-8-openjdk-amd64/jre/lib/amd64/libjava.so
7feecc4ba000-7feecc4bb000 r--p 0002d000 fd:00 3017317                    /usr/lib/jvm/java-8-openjdk-amd64/jre/lib/amd64/libjava.so
7feecc4bb000-7feecc4bd000 rw-p 0002e000 fd:00 3017317                    /usr/lib/jvm/java-8-openjdk-amd64/jre/lib/amd64/libjava.so
7feecc4bd000-7feecc4cd000 r-xp 00000000 fd:00 3017335                    /usr/lib/jvm/java-8-openjdk-amd64/jre/lib/amd64/libverify.so
7feecc4cd000-7feecc6cc000 ---p 00010000 fd:00 3017335                    /usr/lib/jvm/java-8-openjdk-amd64/jre/lib/amd64/libverify.so
7feecc6cc000-7feecc6ce000 r--p 0000f000 fd:00 3017335                    /usr/lib/jvm/java-8-openjdk-amd64/jre/lib/amd64/libverify.so
7feecc6ce000-7feecc6cf000 rw-p 00011000 fd:00 3017335                    /usr/lib/jvm/java-8-openjdk-amd64/jre/lib/amd64/libverify.so
7feecc6cf000-7feecc6d6000 r-xp 00000000 fd:00 5772173                    /lib/x86_64-linux-gnu/librt-2.27.so
7feecc6d6000-7feecc8d5000 ---p 00007000 fd:00 5772173                    /lib/x86_64-linux-gnu/librt-2.27.so
7feecc8d5000-7feecc8d6000 r--p 00006000 fd:00 5772173                    /lib/x86_64-linux-gnu/librt-2.27.so
7feecc8d6000-7feecc8d7000 rw-p 00007000 fd:00 5772173                    /lib/x86_64-linux-gnu/librt-2.27.so
7feecc8d7000-7feecc8ee000 r-xp 00000000 fd:00 5767174                    /lib/x86_64-linux-gnu/libgcc_s.so.1
7feecc8ee000-7feeccaed000 ---p 00017000 fd:00 5767174                    /lib/x86_64-linux-gnu/libgcc_s.so.1
7feeccaed000-7feeccaee000 r--p 00016000 fd:00 5767174                    /lib/x86_64-linux-gnu/libgcc_s.so.1
7feeccaee000-7feeccaef000 rw-p 00017000 fd:00 5767174                    /lib/x86_64-linux-gnu/libgcc_s.so.1
7feeccaef000-7feeccc8c000 r-xp 00000000 fd:00 5772095                    /lib/x86_64-linux-gnu/libm-2.27.so
7feeccc8c000-7feecce8b000 ---p 0019d000 fd:00 5772095                    /lib/x86_64-linux-gnu/libm-2.27.so
7feecce8b000-7feecce8c000 r--p 0019c000 fd:00 5772095                    /lib/x86_64-linux-gnu/libm-2.27.so
7feecce8c000-7feecce8d000 rw-p 0019d000 fd:00 5772095                    /lib/x86_64-linux-gnu/libm-2.27.so
7feecce8d000-7feecd006000 r-xp 00000000 fd:00 2625777                    /usr/lib/x86_64-linux-gnu/libstdc++.so.6.0.25
7feecd006000-7feecd206000 ---p 00179000 fd:00 2625777                    /usr/lib/x86_64-linux-gnu/libstdc++.so.6.0.25
7feecd206000-7feecd210000 r--p 00179000 fd:00 2625777                    /usr/lib/x86_64-linux-gnu/libstdc++.so.6.0.25
7feecd210000-7feecd212000 rw-p 00183000 fd:00 2625777                    /usr/lib/x86_64-linux-gnu/libstdc++.so.6.0.25
7feecd212000-7feecd216000 rw-p 00000000 00:00 0 
7feecd216000-7feecdeb0000 r-xp 00000000 fd:00 3017349                    /usr/lib/jvm/java-8-openjdk-amd64/jre/lib/amd64/server/libjvm.so
7feecdeb0000-7feece0af000 ---p 00c9a000 fd:00 3017349                    /usr/lib/jvm/java-8-openjdk-amd64/jre/lib/amd64/server/libjvm.so
7feece0af000-7feece143000 r--p 00c99000 fd:00 3017349                    /usr/lib/jvm/java-8-openjdk-amd64/jre/lib/amd64/server/libjvm.so
7feece143000-7feece16c000 rw-p 00d2d000 fd:00 3017349                    /usr/lib/jvm/java-8-openjdk-amd64/jre/lib/amd64/server/libjvm.so
7feece16c000-7feece19c000 rw-p 00000000 00:00 0 
7feece19c000-7feece1b6000 r-xp 00000000 fd:00 5772165                    /lib/x86_64-linux-gnu/libpthread-2.27.so
7feece1b6000-7feece3b5000 ---p 0001a000 fd:00 5772165                    /lib/x86_64-linux-gnu/libpthread-2.27.so
7feece3b5000-7feece3b6000 r--p 00019000 fd:00 5772165                    /lib/x86_64-linux-gnu/libpthread-2.27.so
7feece3b6000-7feece3b7000 rw-p 0001a000 fd:00 5772165                    /lib/x86_64-linux-gnu/libpthread-2.27.so
7feece3b7000-7feece3bb000 rw-p 00000000 00:00 0 
7feece3bb000-7feece3be000 r-xp 00000000 fd:00 5772055                    /lib/x86_64-linux-gnu/libdl-2.27.so
7feece3be000-7feece5bd000 ---p 00003000 fd:00 5772055                    /lib/x86_64-linux-gnu/libdl-2.27.so
7feece5bd000-7feece5be000 r--p 00002000 fd:00 5772055                    /lib/x86_64-linux-gnu/libdl-2.27.so
7feece5be000-7feece5bf000 rw-p 00003000 fd:00 5772055                    /lib/x86_64-linux-gnu/libdl-2.27.so
7feece5bf000-7feece5db000 r-xp 00000000 fd:00 5772204                    /lib/x86_64-linux-gnu/libz.so.1.2.11
7feece5db000-7feece7da000 ---p 0001c000 fd:00 5772204                    /lib/x86_64-linux-gnu/libz.so.1.2.11
7feece7da000-7feece7db000 r--p 0001b000 fd:00 5772204                    /lib/x86_64-linux-gnu/libz.so.1.2.11
7feece7db000-7feece7dc000 rw-p 0001c000 fd:00 5772204                    /lib/x86_64-linux-gnu/libz.so.1.2.11
7feece7dc000-7feece9c3000 r-xp 00000000 fd:00 5772032                    /lib/x86_64-linux-gnu/libc-2.27.so
7feece9c3000-7feecebc3000 ---p 001e7000 fd:00 5772032                    /lib/x86_64-linux-gnu/libc-2.27.so
7feecebc3000-7feecebc7000 r--p 001e7000 fd:00 5772032                    /lib/x86_64-linux-gnu/libc-2.27.so
7feecebc7000-7feecebc9000 rw-p 001eb000 fd:00 5772032                    /lib/x86_64-linux-gnu/libc-2.27.so
7feecebc9000-7feecebcd000 rw-p 00000000 00:00 0 
7feecebcd000-7feecebdb000 r-xp 00000000 fd:00 3014693                    /usr/lib/jvm/java-8-openjdk-amd64/jre/lib/amd64/jli/libjli.so
7feecebdb000-7feecedda000 ---p 0000e000 fd:00 3014693                    /usr/lib/jvm/java-8-openjdk-amd64/jre/lib/amd64/jli/libjli.so
7feecedda000-7feeceddb000 r--p 0000d000 fd:00 3014693                    /usr/lib/jvm/java-8-openjdk-amd64/jre/lib/amd64/jli/libjli.so
7feeceddb000-7feeceddc000 rw-p 0000e000 fd:00 3014693                    /usr/lib/jvm/java-8-openjdk-amd64/jre/lib/amd64/jli/libjli.so
7feeceddc000-7feecee03000 r-xp 00000000 fd:00 5772004                    /lib/x86_64-linux-gnu/ld-2.27.so
7feecee03000-7feecee04000 r--s 00006000 fd:00 3022213                    /usr/share/java/maven3-repository-metadata.jar
7feecee04000-7feecee06000 r--s 0000b000 fd:00 3022148                    /usr/share/java/wagon-provider-api.jar
7feecee06000-7feecee0c000 r--s 0003b000 fd:00 3017587                    /usr/lib/jvm/java-8-openjdk-amd64/jre/lib/ext/sunjce_provider.jar
7feecee0c000-7feeceee4000 rw-p 00000000 00:00 0 
7feeceee4000-7feeceee5000 ---p 00000000 00:00 0 
7feeceee5000-7feeceee8000 ---p 00000000 00:00 0 
7feeceee8000-7feecefe7000 rw-p 00000000 00:00 0 
7feecefe7000-7feecefe9000 r--s 0000b000 fd:00 3022172                    /usr/share/java/plexus-classworlds.jar
7feecefe9000-7feecefea000 r--s 0000a000 fd:00 3017563                    /usr/lib/jvm/java-8-openjdk-amd64/jre/lib/ext/jaccess.jar
7feecefea000-7feecefed000 r--s 00038000 fd:00 3017596                    /usr/lib/jvm/java-8-openjdk-amd64/jre/lib/ext/sunpkcs11.jar
7feecefed000-7feecefee000 r--s 00010000 fd:00 3017597                    /usr/lib/jvm/java-8-openjdk-amd64/jre/lib/ext/zipfs.jar
7feecefee000-7feeceff1000 r--s 0000f000 fd:00 3017562                    /usr/lib/jvm/java-8-openjdk-amd64/jre/lib/ext/icedtea-sound.jar
7feeceff1000-7feeceff3000 r--s 00007000 fd:00 3019098                    /usr/share/java/java-atk-wrapper.jar
7feeceff3000-7feeceff5000 r--s 00008000 fd:00 3017572                    /usr/lib/jvm/java-8-openjdk-amd64/jre/lib/ext/sunec.jar
7feeceff5000-7feeceff7000 r--s 00001000 fd:00 3017547                    /usr/lib/jvm/java-8-openjdk-amd64/jre/lib/ext/dnsns.jar
7feeceff7000-7feecefff000 rw-s 00000000 fd:00 6816080                    /tmp/hsperfdata_marxj/11114
7feecefff000-7feecf000000 rw-p 00000000 00:00 0 
7feecf000000-7feecf001000 ---p 00000000 00:00 0 
7feecf001000-7feecf003000 rw-p 00000000 00:00 0 
7feecf003000-7feecf004000 r--p 00027000 fd:00 5772004                    /lib/x86_64-linux-gnu/ld-2.27.so
7feecf004000-7feecf005000 rw-p 00028000 fd:00 5772004                    /lib/x86_64-linux-gnu/ld-2.27.so
7feecf005000-7feecf006000 rw-p 00000000 00:00 0 
7ffdb747a000-7ffdb749b000 rw-p 00000000 00:00 0                          [stack]
7ffdb75aa000-7ffdb75ad000 r--p 00000000 00:00 0                          [vvar]
7ffdb75ad000-7ffdb75af000 r-xp 00000000 00:00 0                          [vdso]
ffffffffff600000-ffffffffff601000 r-xp 00000000 00:00 0                  [vsyscall]

VM Arguments:
jvm_args: -Dclassworlds.conf=/usr/share/maven/bin/m2.conf -Dmaven.home=/usr/share/maven -Dlibrary.jansi.path=/usr/share/maven/lib/jansi-native -Dmaven.multiModuleProjectDirectory=/home/marxj/Asztal/Egyetem/2018-2019-2/szakdolgozat 
java_command: org.codehaus.plexus.classworlds.launcher.Launcher clean install -Dmaven.test=skip
java_class_path (initial): /usr/share/maven/boot/plexus-classworlds-2.x.jar
Launcher Type: SUN_STANDARD

Environment Variables:
JAVA_HOME=/usr/lib/jvm/java-8-openjdk-amd64/jre
PATH=/usr/local/sbin:/usr/local/bin:/usr/sbin:/usr/bin:/sbin:/bin:/usr/games:/usr/local/games:/snap/bin
USERNAME=marxj
SHELL=/bin/bash
DISPLAY=:0

Signal Handlers:
SIGSEGV: [libjvm.so+0xab2ea0], sa_mask[0]=11111111011111111101111111111110, sa_flags=SA_RESTART|SA_SIGINFO
SIGBUS: [libjvm.so+0xab2ea0], sa_mask[0]=11111111011111111101111111111110, sa_flags=SA_RESTART|SA_SIGINFO
SIGFPE: [libjvm.so+0x8e87b0], sa_mask[0]=11111111011111111101111111111110, sa_flags=SA_RESTART|SA_SIGINFO
SIGPIPE: [libjvm.so+0x8e87b0], sa_mask[0]=11111111011111111101111111111110, sa_flags=SA_RESTART|SA_SIGINFO
SIGXFSZ: [libjvm.so+0x8e87b0], sa_mask[0]=11111111011111111101111111111110, sa_flags=SA_RESTART|SA_SIGINFO
SIGILL: [libjvm.so+0x8e87b0], sa_mask[0]=11111111011111111101111111111110, sa_flags=SA_RESTART|SA_SIGINFO
SIGUSR1: SIG_DFL, sa_mask[0]=00000000000000000000000000000000, sa_flags=none
SIGUSR2: [libjvm.so+0x8e8660], sa_mask[0]=00000000000000000000000000000000, sa_flags=SA_RESTART|SA_SIGINFO
SIGHUP: [libjvm.so+0x8e8cd0], sa_mask[0]=11111111011111111101111111111110, sa_flags=SA_RESTART|SA_SIGINFO
SIGINT: [libjvm.so+0x8e8cd0], sa_mask[0]=11111111011111111101111111111110, sa_flags=SA_RESTART|SA_SIGINFO
SIGTERM: [libjvm.so+0x8e8cd0], sa_mask[0]=11111111011111111101111111111110, sa_flags=SA_RESTART|SA_SIGINFO
SIGQUIT: [libjvm.so+0x8e8cd0], sa_mask[0]=11111111011111111101111111111110, sa_flags=SA_RESTART|SA_SIGINFO


---------------  S Y S T E M  ---------------

OS:DISTRIB_ID=Ubuntu
DISTRIB_RELEASE=18.04
DISTRIB_CODENAME=bionic
DISTRIB_DESCRIPTION="Ubuntu 18.04.2 LTS"

uname:Linux 4.15.0-46-generic #49-Ubuntu SMP Wed Feb 6 09:33:07 UTC 2019 x86_64
libc:glibc 2.27 NPTL 2.27 
rlimit: STACK 8192k, CORE 0k, NPROC 15274, NOFILE 4096, AS infinity
load average:1,83 0,89 0,99

/proc/meminfo:
MemTotal:        3955524 kB
MemFree:           89580 kB
MemAvailable:       8604 kB
Buffers:            1292 kB
Cached:           139804 kB
SwapCached:        10396 kB
Active:          2884672 kB
Inactive:         588400 kB
Active(anon):    2859680 kB
Inactive(anon):   571868 kB
Active(file):      24992 kB
Inactive(file):    16532 kB
Unevictable:          48 kB
Mlocked:              48 kB
SwapTotal:        999420 kB
SwapFree:              0 kB
Dirty:               364 kB
Writeback:             0 kB
AnonPages:       3322916 kB
Mapped:           187072 kB
Shmem:             98892 kB
Slab:             114952 kB
SReclaimable:      41064 kB
SUnreclaim:        73888 kB
KernelStack:       19328 kB
PageTables:        93740 kB
NFS_Unstable:          0 kB
Bounce:                0 kB
WritebackTmp:          0 kB
CommitLimit:     2977180 kB
Committed_AS:   14812744 kB
VmallocTotal:   34359738367 kB
VmallocUsed:           0 kB
VmallocChunk:          0 kB
HardwareCorrupted:     0 kB
AnonHugePages:         0 kB
ShmemHugePages:        0 kB
ShmemPmdMapped:        0 kB
CmaTotal:              0 kB
CmaFree:               0 kB
HugePages_Total:       0
HugePages_Free:        0
HugePages_Rsvd:        0
HugePages_Surp:        0
Hugepagesize:       2048 kB
DirectMap4k:      403188 kB
DirectMap2M:     3706880 kB
DirectMap1G:     1048576 kB

container (cgroup) information:
container_type: cgroupv1
cpu_cpuset_cpus: 0-3
cpu_memory_nodes: 0
active_processor_count: 4
cpu_quota: -1
cpu_period: 100000
cpu_shares: -1
memory_limit_in_bytes: -1
memory_and_swap_limit_in_bytes: -2
memory_soft_limit_in_bytes: -1
memory_usage_in_bytes: 3552284672
memory_max_usage_in_bytes: 0


CPU:total 4 (initial active 4) (2 cores per cpu, 2 threads per core) family 6 model 61 stepping 4, cmov, cx8, fxsr, mmx, sse, sse2, sse3, ssse3, sse4.1, sse4.2, popcnt, avx, avx2, aes, clmul, erms, 3dnowpref, lzcnt, ht, tsc, tscinvbit, bmi1, bmi2, adx

/proc/cpuinfo:
processor	: 0
vendor_id	: GenuineIntel
cpu family	: 6
model		: 61
model name	: Intel(R) Core(TM) i5-5200U CPU @ 2.20GHz
stepping	: 4
microcode	: 0x2b
cpu MHz		: 2494.075
cache size	: 3072 KB
physical id	: 0
siblings	: 4
core id		: 0
cpu cores	: 2
apicid		: 0
initial apicid	: 0
fpu		: yes
fpu_exception	: yes
cpuid level	: 20
wp		: yes
flags		: fpu vme de pse tsc msr pae mce cx8 apic sep mtrr pge mca cmov pat pse36 clflush dts acpi mmx fxsr sse sse2 ss ht tm pbe syscall nx pdpe1gb rdtscp lm constant_tsc arch_perfmon pebs bts rep_good nopl xtopology nonstop_tsc cpuid aperfmperf pni pclmulqdq dtes64 monitor ds_cpl vmx est tm2 ssse3 sdbg fma cx16 xtpr pdcm pcid sse4_1 sse4_2 x2apic movbe popcnt tsc_deadline_timer aes xsave avx f16c rdrand lahf_lm abm 3dnowprefetch cpuid_fault epb invpcid_single pti ssbd ibrs ibpb stibp tpr_shadow vnmi flexpriority ept vpid fsgsbase tsc_adjust bmi1 avx2 smep bmi2 erms invpcid rdseed adx smap intel_pt xsaveopt dtherm ida arat pln pts flush_l1d
bugs		: cpu_meltdown spectre_v1 spectre_v2 spec_store_bypass l1tf
bogomips	: 4389.57
clflush size	: 64
cache_alignment	: 64
address sizes	: 39 bits physical, 48 bits virtual
power management:

processor	: 1
vendor_id	: GenuineIntel
cpu family	: 6
model		: 61
model name	: Intel(R) Core(TM) i5-5200U CPU @ 2.20GHz
stepping	: 4
microcode	: 0x2b
cpu MHz		: 2494.075
cache size	: 3072 KB
physical id	: 0
siblings	: 4
core id		: 1
cpu cores	: 2
apicid		: 2
initial apicid	: 2
fpu		: yes
fpu_exception	: yes
cpuid level	: 20
wp		: yes
flags		: fpu vme de pse tsc msr pae mce cx8 apic sep mtrr pge mca cmov pat pse36 clflush dts acpi mmx fxsr sse sse2 ss ht tm pbe syscall nx pdpe1gb rdtscp lm constant_tsc arch_perfmon pebs bts rep_good nopl xtopology nonstop_tsc cpuid aperfmperf pni pclmulqdq dtes64 monitor ds_cpl vmx est tm2 ssse3 sdbg fma cx16 xtpr pdcm pcid sse4_1 sse4_2 x2apic movbe popcnt tsc_deadline_timer aes xsave avx f16c rdrand lahf_lm abm 3dnowprefetch cpuid_fault epb invpcid_single pti ssbd ibrs ibpb stibp tpr_shadow vnmi flexpriority ept vpid fsgsbase tsc_adjust bmi1 avx2 smep bmi2 erms invpcid rdseed adx smap intel_pt xsaveopt dtherm ida arat pln pts flush_l1d
bugs		: cpu_meltdown spectre_v1 spectre_v2 spec_store_bypass l1tf
bogomips	: 4389.57
clflush size	: 64
cache_alignment	: 64
address sizes	: 39 bits physical, 48 bits virtual
power management:

processor	: 2
vendor_id	: GenuineIntel
cpu family	: 6
model		: 61
model name	: Intel(R) Core(TM) i5-5200U CPU @ 2.20GHz
stepping	: 4
microcode	: 0x2b
cpu MHz		: 2494.068
cache size	: 3072 KB
physical id	: 0
siblings	: 4
core id		: 0
cpu cores	: 2
apicid		: 1
initial apicid	: 1
fpu		: yes
fpu_exception	: yes
cpuid level	: 20
wp		: yes
flags		: fpu vme de pse tsc msr pae mce cx8 apic sep mtrr pge mca cmov pat pse36 clflush dts acpi mmx fxsr sse sse2 ss ht tm pbe syscall nx pdpe1gb rdtscp lm constant_tsc arch_perfmon pebs bts rep_good nopl xtopology nonstop_tsc cpuid aperfmperf pni pclmulqdq dtes64 monitor ds_cpl vmx est tm2 ssse3 sdbg fma cx16 xtpr pdcm pcid sse4_1 sse4_2 x2apic movbe popcnt tsc_deadline_timer aes xsave avx f16c rdrand lahf_lm abm 3dnowprefetch cpuid_fault epb invpcid_single pti ssbd ibrs ibpb stibp tpr_shadow vnmi flexpriority ept vpid fsgsbase tsc_adjust bmi1 avx2 smep bmi2 erms invpcid rdseed adx smap intel_pt xsaveopt dtherm ida arat pln pts flush_l1d
bugs		: cpu_meltdown spectre_v1 spectre_v2 spec_store_bypass l1tf
bogomips	: 4389.57
clflush size	: 64
cache_alignment	: 64
address sizes	: 39 bits physical, 48 bits virtual
power management:

processor	: 3
vendor_id	: GenuineIntel
cpu family	: 6
model		: 61
model name	: Intel(R) Core(TM) i5-5200U CPU @ 2.20GHz
stepping	: 4
microcode	: 0x2b
cpu MHz		: 2494.073
cache size	: 3072 KB
physical id	: 0
siblings	: 4
core id		: 1
cpu cores	: 2
apicid		: 3
initial apicid	: 3
fpu		: yes
fpu_exception	: yes
cpuid level	: 20
wp		: yes
flags		: fpu vme de pse tsc msr pae mce cx8 apic sep mtrr pge mca cmov pat pse36 clflush dts acpi mmx fxsr sse sse2 ss ht tm pbe syscall nx pdpe1gb rdtscp lm constant_tsc arch_perfmon pebs bts rep_good nopl xtopology nonstop_tsc cpuid aperfmperf pni pclmulqdq dtes64 monitor ds_cpl vmx est tm2 ssse3 sdbg fma cx16 xtpr pdcm pcid sse4_1 sse4_2 x2apic movbe popcnt tsc_deadline_timer aes xsave avx f16c rdrand lahf_lm abm 3dnowprefetch cpuid_fault epb invpcid_single pti ssbd ibrs ibpb stibp tpr_shadow vnmi flexpriority ept vpid fsgsbase tsc_adjust bmi1 avx2 smep bmi2 erms invpcid rdseed adx smap intel_pt xsaveopt dtherm ida arat pln pts flush_l1d
bugs		: cpu_meltdown spectre_v1 spectre_v2 spec_store_bypass l1tf
bogomips	: 4389.57
clflush size	: 64
cache_alignment	: 64
address sizes	: 39 bits physical, 48 bits virtual
power management:



Memory: 4k page, physical 3955524k(89188k free), swap 999420k(0k free)

vm_info: OpenJDK 64-Bit Server VM (25.191-b12) for linux-amd64 JRE (1.8.0_191-8u191-b12-2ubuntu0.18.04.1-b12), built on Jan 14 2019 21:02:00 by "buildd" with gcc 7.3.0

time: Mon Mar 11 13:51:52 2019
elapsed time: 6 seconds (0d 0h 0m 6s)

