#
# There is insufficient memory for the Java Runtime Environment to continue.
# Native memory allocation (mmap) failed to map 74448896 bytes for committing reserved memory.
# Possible reasons:
#   The system is out of physical RAM or swap space
#   In 32 bit mode, the process size limit was hit
# Possible solutions:
#   Reduce memory load on the system
#   Increase physical memory or swap space
#   Check if swap backing store is full
#   Use 64 bit Java on a 64 bit OS
#   Decrease Java heap size (-Xmx/-Xms)
#   Decrease number of Java threads
#   Decrease Java thread stack sizes (-Xss)
#   Set larger code cache with -XX:ReservedCodeCacheSize=
# This output file may be truncated or incomplete.
#
#  Out of Memory Error (os_linux.cpp:2746), pid=11070, tid=0x00007f5fd02f2700
#
# JRE version: OpenJDK Runtime Environment (8.0_191-b12) (build 1.8.0_191-8u191-b12-2ubuntu0.18.04.1-b12)
# Java VM: OpenJDK 64-Bit Server VM (25.191-b12 mixed mode linux-amd64 compressed oops)
# Failed to write core dump. Core dumps have been disabled. To enable core dumping, try "ulimit -c unlimited" before starting Java again
#

---------------  T H R E A D  ---------------

Current thread (0x00007f5fe0079800):  VMThread [stack: 0x00007f5fd01f3000,0x00007f5fd02f3000] [id=11099]

Stack: [0x00007f5fd01f3000,0x00007f5fd02f3000],  sp=0x00007f5fd02f1450,  free space=1017k
Native frames: (J=compiled Java code, j=interpreted, Vv=VM code, C=native code)
V  [libjvm.so+0xab2552]
V  [libjvm.so+0x4d9e37]
V  [libjvm.so+0x8ed5e0]
V  [libjvm.so+0x8e470e]
V  [libjvm.so+0x968466]
V  [libjvm.so+0x9697d8]
V  [libjvm.so+0x965dd6]
V  [libjvm.so+0x95e529]
V  [libjvm.so+0x455fe3]
V  [libjvm.so+0xab36c1]
V  [libjvm.so+0xab8dd6]
V  [libjvm.so+0xab7075]
V  [libjvm.so+0xab79ed]
V  [libjvm.so+0xab7dc7]
V  [libjvm.so+0x8ea992]

VM_Operation (0x00007f5fe91bddf0): CollectForMetadataAllocation, mode: safepoint, requested by thread 0x00007f5fe000b800


---------------  P R O C E S S  ---------------

Java Threads: ( => current thread )
  0x00007f5fe00c1000 JavaThread "Service Thread" daemon [_thread_blocked, id=11106, stack(0x00007f5fc9076000,0x00007f5fc9177000)]
  0x00007f5fe00be000 JavaThread "C1 CompilerThread2" daemon [_thread_blocked, id=11105, stack(0x00007f5fc9178000,0x00007f5fc9278000)]
  0x00007f5fe00bc800 JavaThread "C2 CompilerThread1" daemon [_thread_blocked, id=11104, stack(0x00007f5fc9279000,0x00007f5fc9379000)]
  0x00007f5fe00b9800 JavaThread "C2 CompilerThread0" daemon [_thread_blocked, id=11103, stack(0x00007f5fc937a000,0x00007f5fc947a000)]
  0x00007f5fe00b8000 JavaThread "Signal Dispatcher" daemon [_thread_blocked, id=11102, stack(0x00007f5fc947a000,0x00007f5fc957b000)]
  0x00007f5fe0085800 JavaThread "Finalizer" daemon [_thread_blocked, id=11101, stack(0x00007f5fca0cf000,0x00007f5fca1d0000)]
  0x00007f5fe0083000 JavaThread "Reference Handler" daemon [_thread_blocked, id=11100, stack(0x00007f5fd00f1000,0x00007f5fd01f2000)]
  0x00007f5fe000b800 JavaThread "main" [_thread_blocked, id=11094, stack(0x00007f5fe90c1000,0x00007f5fe91c1000)]

Other Threads:
=>0x00007f5fe0079800 VMThread [stack: 0x00007f5fd01f3000,0x00007f5fd02f3000] [id=11099]
  0x00007f5fe00c3800 WatcherThread [stack: 0x00007f5fc8f76000,0x00007f5fc9076000] [id=11107]

VM state:at safepoint (normal execution)

VM Mutex/Monitor currently owned by a thread:  ([mutex/lock_event])
[0x00007f5fe0007fc0] Threads_lock - owner thread: 0x00007f5fe0079800
[0x00007f5fe00084c0] Heap_lock - owner thread: 0x00007f5fe000b800

Heap:
 PSYoungGen      total 134144K, used 8113K [0x00000000ebe00000, 0x00000000f4e00000, 0x0000000100000000)
  eden space 123904K, 0% used [0x00000000ebe00000,0x00000000ebe00000,0x00000000f3700000)
  from space 10240K, 79% used [0x00000000f3700000,0x00000000f3eec4e0,0x00000000f4100000)
  to   space 7168K, 0% used [0x00000000f4100000,0x00000000f4100000,0x00000000f4800000)
 ParOldGen       total 42496K, used 14415K [0x00000000c3a00000, 0x00000000c6380000, 0x00000000ebe00000)
  object space 42496K, 33% used [0x00000000c3a00000,0x00000000c4813ff0,0x00000000c6380000)
 Metaspace       used 20478K, capacity 21128K, committed 21248K, reserved 1069056K
  class space    used 2383K, capacity 2523K, committed 2560K, reserved 1048576K

Card table byte_map: [0x00007f5fe547a000,0x00007f5fe565e000] byte_map_base: 0x00007f5fe4e5d000

Marking Bits: (ParMarkBitMap*) 0x00007f5fe835b340
 Begin Bits: [0x00007f5fca1d0000, 0x00007f5fcb0e8000)
 End Bits:   [0x00007f5fcb0e8000, 0x00007f5fcc000000)

Polling page: 0x00007f5fe91dc000

CodeCache: size=245760Kb used=12252Kb max_used=12264Kb free=233508Kb
 bounds [0x00007f5fd1000000, 0x00007f5fd1c10000, 0x00007f5fe0000000]
 total_blobs=3915 nmethods=3554 adapters=273
 compilation: enabled

Compilation events (10 events):
Event: 6,301 Thread 0x00007f5fe00be000 3799       1       com.google.inject.internal.cglib.core.$AbstractClassGenerator::access$100 (5 bytes)
Event: 6,301 Thread 0x00007f5fe00be000 nmethod 3799 0x00007f5fd1bf3290 code [0x00007f5fd1bf33e0, 0x00007f5fd1bf34d0]
Event: 6,301 Thread 0x00007f5fe00be000 3798       1       com.google.inject.internal.cglib.core.$AbstractClassGenerator::getUseCache (5 bytes)
Event: 6,301 Thread 0x00007f5fe00be000 nmethod 3798 0x00007f5fd1bf3550 code [0x00007f5fd1bf36a0, 0x00007f5fd1bf37b0]
Event: 6,302 Thread 0x00007f5fe00bc800 nmethod 3797 0x00007f5fd1bf5990 code [0x00007f5fd1bf5b40, 0x00007f5fd1bf65b8]
Event: 6,302 Thread 0x00007f5fe00bc800 3800       4       com.google.inject.internal.asm.$MethodWriter::visitMaxs (1148 bytes)
Event: 6,413 Thread 0x00007f5fe00be000 3804       3       java.lang.ClassLoader::loadClass (7 bytes)
Event: 6,414 Thread 0x00007f5fe00be000 nmethod 3804 0x00007f5fd1bec250 code [0x00007f5fd1bec3c0, 0x00007f5fd1bec5c8]
Event: 6,434 Thread 0x00007f5fe00bc800 nmethod 3800 0x00007f5fd1bffa10 code [0x00007f5fd1bffd40, 0x00007f5fd1c02450]
Event: 6,434 Thread 0x00007f5fe00bc800 3801       4       com.google.inject.internal.asm.$Frame::b (416 bytes)

GC Heap History (10 events):
Event: 1,242 GC heap after
Heap after GC invocations=4 (full 0):
 PSYoungGen      total 34304K, used 2528K [0x00000000ebe00000, 0x00000000ee200000, 0x0000000100000000)
  eden space 31744K, 0% used [0x00000000ebe00000,0x00000000ebe00000,0x00000000edd00000)
  from space 2560K, 98% used [0x00000000edf80000,0x00000000ee1f8020,0x00000000ee200000)
  to   space 2560K, 0% used [0x00000000edd00000,0x00000000edd00000,0x00000000edf80000)
 ParOldGen       total 42496K, used 4075K [0x00000000c3a00000, 0x00000000c6380000, 0x00000000ebe00000)
  object space 42496K, 9% used [0x00000000c3a00000,0x00000000c3dfae00,0x00000000c6380000)
 Metaspace       used 11085K, capacity 11298K, committed 11520K, reserved 1058816K
  class space    used 1359K, capacity 1443K, committed 1536K, reserved 1048576K
}
Event: 1,937 GC heap before
{Heap before GC invocations=5 (full 0):
 PSYoungGen      total 34304K, used 34272K [0x00000000ebe00000, 0x00000000ee200000, 0x0000000100000000)
  eden space 31744K, 100% used [0x00000000ebe00000,0x00000000edd00000,0x00000000edd00000)
  from space 2560K, 98% used [0x00000000edf80000,0x00000000ee1f8020,0x00000000ee200000)
  to   space 2560K, 0% used [0x00000000edd00000,0x00000000edd00000,0x00000000edf80000)
 ParOldGen       total 42496K, used 4075K [0x00000000c3a00000, 0x00000000c6380000, 0x00000000ebe00000)
  object space 42496K, 9% used [0x00000000c3a00000,0x00000000c3dfae00,0x00000000c6380000)
 Metaspace       used 13716K, capacity 13914K, committed 14208K, reserved 1060864K
  class space    used 1689K, capacity 1799K, committed 1920K, reserved 1048576K
Event: 1,951 GC heap after
Heap after GC invocations=5 (full 0):
 PSYoungGen      total 34304K, used 2528K [0x00000000ebe00000, 0x00000000f0800000, 0x0000000100000000)
  eden space 31744K, 0% used [0x00000000ebe00000,0x00000000ebe00000,0x00000000edd00000)
  from space 2560K, 98% used [0x00000000edd00000,0x00000000edf78040,0x00000000edf80000)
  to   space 6144K, 0% used [0x00000000f0200000,0x00000000f0200000,0x00000000f0800000)
 ParOldGen       total 42496K, used 6879K [0x00000000c3a00000, 0x00000000c6380000, 0x00000000ebe00000)
  object space 42496K, 16% used [0x00000000c3a00000,0x00000000c40b7d40,0x00000000c6380000)
 Metaspace       used 13716K, capacity 13914K, committed 14208K, reserved 1060864K
  class space    used 1689K, capacity 1799K, committed 1920K, reserved 1048576K
}
Event: 2,829 GC heap before
{Heap before GC invocations=6 (full 0):
 PSYoungGen      total 34304K, used 34272K [0x00000000ebe00000, 0x00000000f0800000, 0x0000000100000000)
  eden space 31744K, 100% used [0x00000000ebe00000,0x00000000edd00000,0x00000000edd00000)
  from space 2560K, 98% used [0x00000000edd00000,0x00000000edf78040,0x00000000edf80000)
  to   space 6144K, 0% used [0x00000000f0200000,0x00000000f0200000,0x00000000f0800000)
 ParOldGen       total 42496K, used 6879K [0x00000000c3a00000, 0x00000000c6380000, 0x00000000ebe00000)
  object space 42496K, 16% used [0x00000000c3a00000,0x00000000c40b7d40,0x00000000c6380000)
 Metaspace       used 15981K, capacity 16250K, committed 16384K, reserved 1062912K
  class space    used 1913K, capacity 2008K, committed 2048K, reserved 1048576K
Event: 2,854 GC heap after
Heap after GC invocations=6 (full 0):
 PSYoungGen      total 69632K, used 5047K [0x00000000ebe00000, 0x00000000f0800000, 0x0000000100000000)
  eden space 63488K, 0% used [0x00000000ebe00000,0x00000000ebe00000,0x00000000efc00000)
  from space 6144K, 82% used [0x00000000f0200000,0x00000000f06edeb8,0x00000000f0800000)
  to   space 6144K, 0% used [0x00000000efc00000,0x00000000efc00000,0x00000000f0200000)
 ParOldGen       total 42496K, used 6887K [0x00000000c3a00000, 0x00000000c6380000, 0x00000000ebe00000)
  object space 42496K, 16% used [0x00000000c3a00000,0x00000000c40b9d40,0x00000000c6380000)
 Metaspace       used 15981K, capacity 16250K, committed 16384K, reserved 1062912K
  class space    used 1913K, capacity 2008K, committed 2048K, reserved 1048576K
}
Event: 3,898 GC heap before
{Heap before GC invocations=7 (full 0):
 PSYoungGen      total 69632K, used 68535K [0x00000000ebe00000, 0x00000000f0800000, 0x0000000100000000)
  eden space 63488K, 100% used [0x00000000ebe00000,0x00000000efc00000,0x00000000efc00000)
  from space 6144K, 82% used [0x00000000f0200000,0x00000000f06edeb8,0x00000000f0800000)
  to   space 6144K, 0% used [0x00000000efc00000,0x00000000efc00000,0x00000000f0200000)
 ParOldGen       total 42496K, used 6887K [0x00000000c3a00000, 0x00000000c6380000, 0x00000000ebe00000)
  object space 42496K, 16% used [0x00000000c3a00000,0x00000000c40b9d40,0x00000000c6380000)
 Metaspace       used 16418K, capacity 16716K, committed 16896K, reserved 1064960K
  class space    used 1917K, capacity 2011K, committed 2048K, reserved 1048576K
Event: 3,921 GC heap after
Heap after GC invocations=7 (full 0):
 PSYoungGen      total 69632K, used 6128K [0x00000000ebe00000, 0x00000000f4800000, 0x0000000100000000)
  eden space 63488K, 0% used [0x00000000ebe00000,0x00000000ebe00000,0x00000000efc00000)
  from space 6144K, 99% used [0x00000000efc00000,0x00000000f01fc010,0x00000000f0200000)
  to   space 7168K, 0% used [0x00000000f4100000,0x00000000f4100000,0x00000000f4800000)
 ParOldGen       total 42496K, used 7883K [0x00000000c3a00000, 0x00000000c6380000, 0x00000000ebe00000)
  object space 42496K, 18% used [0x00000000c3a00000,0x00000000c41b2db0,0x00000000c6380000)
 Metaspace       used 16418K, capacity 16716K, committed 16896K, reserved 1064960K
  class space    used 1917K, capacity 2011K, committed 2048K, reserved 1048576K
}
Event: 5,058 GC heap before
{Heap before GC invocations=8 (full 0):
 PSYoungGen      total 69632K, used 69616K [0x00000000ebe00000, 0x00000000f4800000, 0x0000000100000000)
  eden space 63488K, 100% used [0x00000000ebe00000,0x00000000efc00000,0x00000000efc00000)
  from space 6144K, 99% used [0x00000000efc00000,0x00000000f01fc010,0x00000000f0200000)
  to   space 7168K, 0% used [0x00000000f4100000,0x00000000f4100000,0x00000000f4800000)
 ParOldGen       total 42496K, used 7883K [0x00000000c3a00000, 0x00000000c6380000, 0x00000000ebe00000)
  object space 42496K, 18% used [0x00000000c3a00000,0x00000000c41b2db0,0x00000000c6380000)
 Metaspace       used 18695K, capacity 19076K, committed 19328K, reserved 1067008K
  class space    used 2207K, capacity 2352K, committed 2432K, reserved 1048576K
Event: 5,111 GC heap after
Heap after GC invocations=8 (full 0):
 PSYoungGen      total 131072K, used 7152K [0x00000000ebe00000, 0x00000000f4e00000, 0x0000000100000000)
  eden space 123904K, 0% used [0x00000000ebe00000,0x00000000ebe00000,0x00000000f3700000)
  from space 7168K, 99% used [0x00000000f4100000,0x00000000f47fc010,0x00000000f4800000)
  to   space 10240K, 0% used [0x00000000f3700000,0x00000000f3700000,0x00000000f4100000)
 ParOldGen       total 42496K, used 12447K [0x00000000c3a00000, 0x00000000c6380000, 0x00000000ebe00000)
  object space 42496K, 29% used [0x00000000c3a00000,0x00000000c4627fa0,0x00000000c6380000)
 Metaspace       used 18695K, capacity 19076K, committed 19328K, reserved 1067008K
  class space    used 2207K, capacity 2352K, committed 2432K, reserved 1048576K
}
Event: 6,437 GC heap before
{Heap before GC invocations=9 (full 0):
 PSYoungGen      total 131072K, used 49340K [0x00000000ebe00000, 0x00000000f4e00000, 0x0000000100000000)
  eden space 123904K, 34% used [0x00000000ebe00000,0x00000000ee7331b0,0x00000000f3700000)
  from space 7168K, 99% used [0x00000000f4100000,0x00000000f47fc010,0x00000000f4800000)
  to   space 10240K, 0% used [0x00000000f3700000,0x00000000f3700000,0x00000000f4100000)
 ParOldGen       total 42496K, used 12447K [0x00000000c3a00000, 0x00000000c6380000, 0x00000000ebe00000)
  object space 42496K, 29% used [0x00000000c3a00000,0x00000000c4627fa0,0x00000000c6380000)
 Metaspace       used 20478K, capacity 21128K, committed 21248K, reserved 1069056K
  class space    used 2383K, capacity 2523K, committed 2560K, reserved 1048576K

Deoptimization events (10 events):
Event: 4,769 Thread 0x00007f5fe000b800 Uncommon trap: reason=class_check action=maybe_recompile pc=0x00007f5fd1815fb4 method=java.util.regex.Pattern$CharProperty$1.isSatisfiedBy(I)Z @ 5
Event: 5,003 Thread 0x00007f5fe000b800 Uncommon trap: reason=null_check action=make_not_entrant pc=0x00007f5fd19aee74 method=java.lang.Integer.equals(Ljava/lang/Object;)Z @ 1
Event: 5,003 Thread 0x00007f5fe000b800 Uncommon trap: reason=unstable_if action=reinterpret pc=0x00007f5fd1981e54 method=org.eclipse.aether.util.graph.transformer.ConflictResolver$State.push(Lorg/eclipse/aether/graph/DependencyNode;Ljava/lang/Object;)Z @ 1
Event: 5,003 Thread 0x00007f5fe000b800 Uncommon trap: reason=null_check action=make_not_entrant pc=0x00007f5fd19680a4 method=java.lang.Integer.equals(Ljava/lang/Object;)Z @ 1
Event: 5,004 Thread 0x00007f5fe000b800 Uncommon trap: reason=unstable_if action=reinterpret pc=0x00007f5fd1b180b0 method=java.util.HashMap.getNode(ILjava/lang/Object;)Ljava/util/HashMap$Node; @ 53
Event: 5,004 Thread 0x00007f5fe000b800 Uncommon trap: reason=unstable_if action=reinterpret pc=0x00007f5fd1382a54 method=java.util.HashMap.getNode(ILjava/lang/Object;)Ljava/util/HashMap$Node; @ 53
Event: 5,117 Thread 0x00007f5fe000b800 Uncommon trap: reason=unstable_if action=reinterpret pc=0x00007f5fd1861c74 method=java.util.WeakHashMap.expungeStaleEntries()V @ 66
Event: 5,123 Thread 0x00007f5fe000b800 Uncommon trap: reason=unstable_if action=reinterpret pc=0x00007f5fd19293cc method=org.eclipse.sisu.plexus.RealmFilteredBeans$FilteredItr.hasNext()Z @ 57
Event: 5,627 Thread 0x00007f5fe000b800 Uncommon trap: reason=unstable_if action=reinterpret pc=0x00007f5fd196582c method=java.util.IdentityHashMap.nextKeyIndex(II)I @ 4
Event: 6,290 Thread 0x00007f5fe000b800 Uncommon trap: reason=unstable_if action=reinterpret pc=0x00007f5fd1a4f988 method=com.google.inject.internal.InjectorImpl.callInContext(Lcom/google/inject/internal/ContextualCallable;)Ljava/lang/Object; @ 161

Classes redefined (0 events):
No events

Internal exceptions (10 events):
Event: 3,275 Thread 0x00007f5fe000b800 Implicit null exception at 0x00007f5fd17ca27c to 0x00007f5fd17cad59
Event: 4,295 Thread 0x00007f5fe000b800 Exception <a 'java/lang/NoClassDefFoundError': org/sonatype/aether/graph/Dependency> (0x00000000ed18ebb8) thrown at [/build/openjdk-8-5w_p1G/openjdk-8-8u191-b12/src/hotspot/src/share/vm/classfile/systemDictionary.cpp, line 199]
Event: 4,412 Thread 0x00007f5fe000b800 Implicit null exception at 0x00007f5fd1909ae6 to 0x00007f5fd190ac7d
Event: 4,628 Thread 0x00007f5fe000b800 Implicit null exception at 0x00007f5fd13886b5 to 0x00007f5fd13888bd
Event: 4,628 Thread 0x00007f5fe000b800 Implicit null exception at 0x00007f5fd12d416f to 0x00007f5fd12d41d9
Event: 5,002 Thread 0x00007f5fe000b800 Implicit null exception at 0x00007f5fd19ac60c to 0x00007f5fd19aee51
Event: 5,003 Thread 0x00007f5fe000b800 Implicit null exception at 0x00007f5fd197fa5a to 0x00007f5fd1981e3d
Event: 5,003 Thread 0x00007f5fe000b800 Implicit null exception at 0x00007f5fd196804c to 0x00007f5fd1968095
Event: 6,290 Thread 0x00007f5fe000b800 Implicit null exception at 0x00007f5fd1a4e631 to 0x00007f5fd1a4f976
Event: 6,386 Thread 0x00007f5fe000b800 Exception <a 'java/lang/ClassNotFoundException': com/sun/tools/javac/api/JavacTool> (0x00000000ee6ccd10) thrown at [/build/openjdk-8-5w_p1G/openjdk-8-8u191-b12/src/hotspot/src/share/vm/classfile/systemDictionary.cpp, line 210]

Events (10 events):
Event: 6,420 loading class java/util/Collections$SynchronizedList
Event: 6,422 loading class java/util/Collections$SynchronizedList done
Event: 6,422 loading class java/util/Collections$SynchronizedRandomAccessList done
Event: 6,422 loading class com/sun/tools/javac/util/Context
Event: 6,422 loading class com/sun/tools/javac/util/Context done
Event: 6,429 loading class com/sun/tools/javac/util/Context$Key
Event: 6,429 loading class com/sun/tools/javac/util/Context$Key done
Event: 6,430 loading class com/sun/tools/javac/util/Context$Factory
Event: 6,430 loading class com/sun/tools/javac/util/Context$Factory done
Event: 6,436 Executing VM operation: CollectForMetadataAllocation


Dynamic libraries:
c3a00000-c6380000 rw-p 00000000 00:00 0 
c6380000-ebe00000 ---p 00000000 00:00 0 
ebe00000-f4e00000 rw-p 00000000 00:00 0 
f9500000-100000000 ---p 00000000 00:00 0 
100000000-100280000 rw-p 00000000 00:00 0 
100280000-140000000 ---p 00000000 00:00 0 
55fe203ba000-55fe203bb000 r-xp 00000000 fd:00 2890028                    /usr/lib/jvm/java-8-openjdk-amd64/jre/bin/java
55fe205ba000-55fe205bb000 r--p 00000000 fd:00 2890028                    /usr/lib/jvm/java-8-openjdk-amd64/jre/bin/java
55fe205bb000-55fe205bc000 rw-p 00001000 fd:00 2890028                    /usr/lib/jvm/java-8-openjdk-amd64/jre/bin/java
55fe2195d000-55fe2197e000 rw-p 00000000 00:00 0                          [heap]
7f5f94000000-7f5f94021000 rw-p 00000000 00:00 0 
7f5f94021000-7f5f98000000 ---p 00000000 00:00 0 
7f5f98000000-7f5f98021000 rw-p 00000000 00:00 0 
7f5f98021000-7f5f9c000000 ---p 00000000 00:00 0 
7f5f9c000000-7f5f9da62000 rw-p 00000000 00:00 0 
7f5f9da62000-7f5fa0000000 ---p 00000000 00:00 0 
7f5fa0000000-7f5fa14d6000 rw-p 00000000 00:00 0 
7f5fa14d6000-7f5fa4000000 ---p 00000000 00:00 0 
7f5fa4000000-7f5fa4021000 rw-p 00000000 00:00 0 
7f5fa4021000-7f5fa8000000 ---p 00000000 00:00 0 
7f5fa8000000-7f5fa9933000 rw-p 00000000 00:00 0 
7f5fa9933000-7f5fac000000 ---p 00000000 00:00 0 
7f5fac000000-7f5fac021000 rw-p 00000000 00:00 0 
7f5fac021000-7f5fb0000000 ---p 00000000 00:00 0 
7f5fb0000000-7f5fb0021000 rw-p 00000000 00:00 0 
7f5fb0021000-7f5fb4000000 ---p 00000000 00:00 0 
7f5fb4000000-7f5fb4021000 rw-p 00000000 00:00 0 
7f5fb4021000-7f5fb8000000 ---p 00000000 00:00 0 
7f5fb8000000-7f5fb8021000 rw-p 00000000 00:00 0 
7f5fb8021000-7f5fbc000000 ---p 00000000 00:00 0 
7f5fbc000000-7f5fbc021000 rw-p 00000000 00:00 0 
7f5fbc021000-7f5fc0000000 ---p 00000000 00:00 0 
7f5fc3d87000-7f5fc3e00000 r--s 01101000 fd:00 3151802                    /usr/lib/jvm/java-8-openjdk-amd64/lib/tools.jar
7f5fc3e00000-7f5fc3e40000 rw-p 00000000 00:00 0 
7f5fc3e40000-7f5fc4000000 ---p 00000000 00:00 0 
7f5fc4000000-7f5fc4021000 rw-p 00000000 00:00 0 
7f5fc4021000-7f5fc8000000 ---p 00000000 00:00 0 
7f5fc8026000-7f5fc802d000 r--s 00000000 fd:00 2886065                    /usr/lib/x86_64-linux-gnu/gconv/gconv-modules.cache
7f5fc802d000-7f5fc8044000 r--p 00000000 fd:00 3152224                    /usr/share/locale-langpack/hu/LC_MESSAGES/libc.mo
7f5fc8044000-7f5fc8046000 r--s 00004000 fd:00 6557117                    /home/marxj/.m2/repository/org/codehaus/plexus/plexus-compiler-javac/2.8.4/plexus-compiler-javac-2.8.4.jar
7f5fc8046000-7f5fc8048000 r--s 00000000 fd:00 6557115                    /home/marxj/.m2/repository/org/codehaus/plexus/plexus-compiler-manager/2.8.4/plexus-compiler-manager-2.8.4.jar
7f5fc8048000-7f5fc804a000 r--s 00005000 fd:00 6557114                    /home/marxj/.m2/repository/org/codehaus/plexus/plexus-compiler-api/2.8.4/plexus-compiler-api-2.8.4.jar
7f5fc804a000-7f5fc8051000 r--s 00047000 fd:00 6557111                    /home/marxj/.m2/repository/com/thoughtworks/qdox/qdox/2.0-M9/qdox-2.0-M9.jar
7f5fc8051000-7f5fc8053000 r--s 0001a000 fd:00 6557109                    /home/marxj/.m2/repository/org/ow2/asm/asm/6.2/asm-6.2.jar
7f5fc8053000-7f5fc8055000 r--s 00008000 fd:00 5251347                    /home/marxj/.m2/repository/org/codehaus/plexus/plexus-java/0.9.10/plexus-java-0.9.10.jar
7f5fc8055000-7f5fc8057000 r--s 00002000 fd:00 6555553                    /home/marxj/.m2/repository/org/apache/maven/shared/maven-shared-incremental/1.1/maven-shared-incremental-1.1.jar
7f5fc8057000-7f5fc805a000 r--s 00026000 fd:00 6557107                    /home/marxj/.m2/repository/org/apache/maven/shared/maven-shared-utils/3.2.1/maven-shared-utils-3.2.1.jar
7f5fc805a000-7f5fc805c000 r--s 0000d000 fd:00 6556386                    /home/marxj/.m2/repository/org/codehaus/plexus/plexus-interpolation/1.14/plexus-interpolation-1.14.jar
7f5fc805c000-7f5fc8060000 r--s 00033000 fd:00 6557105                    /home/marxj/.m2/repository/org/codehaus/plexus/plexus-utils/2.0.4/plexus-utils-2.0.4.jar
7f5fc8060000-7f5fc8062000 r--s 0000e000 fd:00 6556799                    /home/marxj/.m2/repository/org/apache/maven/plugins/maven-compiler-plugin/3.8.0/maven-compiler-plugin-3.8.0.jar
7f5fc8062000-7f5fc8065000 r--s 00011000 fd:00 6557052                    /home/marxj/.m2/repository/org/codehaus/plexus/plexus-interpolation/1.24/plexus-interpolation-1.24.jar
7f5fc8065000-7f5fc8069000 r--s 0002f000 fd:00 6557050                    /home/marxj/.m2/repository/commons-io/commons-io/2.5/commons-io-2.5.jar
7f5fc8069000-7f5fc806b000 r--s 00001000 fd:00 6557047                    /home/marxj/.m2/repository/org/sonatype/plexus/plexus-build-api/0.0.7/plexus-build-api-0.0.7.jar
7f5fc806b000-7f5fc806d000 r--s 00006000 fd:00 6555551                    /home/marxj/.m2/repository/com/google/code/findbugs/jsr305/2.0.1/jsr305-2.0.1.jar
7f5fc806d000-7f5fc8070000 r--s 00023000 fd:00 6557043                    /home/marxj/.m2/repository/org/apache/maven/shared/maven-shared-utils/3.0.0/maven-shared-utils-3.0.0.jar
7f5fc8070000-7f5fc8072000 r--s 0000b000 fd:00 6557041                    /home/marxj/.m2/repository/org/apache/maven/shared/maven-filtering/3.1.1/maven-filtering-3.1.1.jar
7f5fc8072000-7f5fc8076000 r--s 0003c000 fd:00 6557045                    /home/marxj/.m2/repository/org/codehaus/plexus/plexus-utils/3.1.0/plexus-utils-3.1.0.jar
7f5fc8076000-7f5fc8078000 r--s 00000000 fd:00 6557039                    /home/marxj/.m2/repository/org/codehaus/plexus/plexus-component-annotations/1.7.1/plexus-component-annotations-1.7.1.jar
7f5fc8078000-7f5fc807c000 r--s 00017000 fd:00 6556362                    /home/marxj/.m2/repository/org/sonatype/aether/aether-util/1.7/aether-util-1.7.jar
7f5fc807c000-7f5fc8087000 r--s 00069000 fd:00 6556363                    /home/marxj/.m2/repository/org/sonatype/sisu/sisu-guice/2.1.7/sisu-guice-2.1.7-noaop.jar
7f5fc8087000-7f5fc808c000 r--s 00021000 fd:00 6556382                    /home/marxj/.m2/repository/org/sonatype/sisu/sisu-inject-bean/1.4.2/sisu-inject-bean-1.4.2.jar
7f5fc808c000-7f5fc808d000 r--s 00007000 fd:00 5508276                    /home/marxj/.m2/repository/org/apache/maven/plugins/maven-resources-plugin/3.1.0/maven-resources-plugin-3.1.0.jar
7f5fc808d000-7f5fc8091000 r--s 00034000 fd:00 5114905                    /home/marxj/.m2/repository/org/codehaus/plexus/plexus-utils/3.0/plexus-utils-3.0.jar
7f5fc8091000-7f5fc8093000 r--s 00005000 fd:00 5114875                    /home/marxj/.m2/repository/org/apache/maven/plugins/maven-clean-plugin/2.5/maven-clean-plugin-2.5.jar
7f5fc8093000-7f5fc8293000 rw-p 00000000 00:00 0 
7f5fc8293000-7f5fc8295000 r--s 00004000 fd:00 6555198                    /home/marxj/.m2/repository/org/apache/maven/maven-archiver/2.5/maven-archiver-2.5.jar
7f5fc8295000-7f5fc8297000 r--s 00005000 fd:00 6556790                    /home/marxj/.m2/repository/org/apache/maven/plugins/maven-jar-plugin/2.5/maven-jar-plugin-2.5.jar
7f5fc8297000-7f5fc82a5000 r--s 0007f000 fd:00 6556466                    /home/marxj/.m2/repository/commons-collections/commons-collections/3.2.1/commons-collections-3.2.1.jar
7f5fc82a5000-7f5fc82aa000 r--s 00041000 fd:00 6556789                    /home/marxj/.m2/repository/commons-lang/commons-lang/2.6/commons-lang-2.6.jar
7f5fc82aa000-7f5fc82ac000 r--s 00006000 fd:00 6556787                    /home/marxj/.m2/repository/org/apache/maven/shared/maven-invoker/2.1.1/maven-invoker-2.1.1.jar
7f5fc82ac000-7f5fc82ae000 r--s 00006000 fd:00 6556785                    /home/marxj/.m2/repository/org/apache/maven/shared/maven-common-artifact-filters/1.4/maven-common-artifact-filters-1.4.jar
7f5fc82ae000-7f5fc82b2000 r--s 0001d000 fd:00 5251305                    /home/marxj/.m2/repository/org/eclipse/aether/aether-util/0.9.0.M2/aether-util-0.9.0.M2.jar
7f5fc82b2000-7f5fc82b5000 r--s 0000d000 fd:00 6556783                    /home/marxj/.m2/repository/org/apache/maven/shared/maven-dependency-tree/2.2/maven-dependency-tree-2.2.jar
7f5fc82b5000-7f5fc82b6000 r--s 0000c000 fd:00 6556781                    /home/marxj/.m2/repository/org/ow2/asm/asm/5.0.2/asm-5.0.2.jar
7f5fc82b6000-7f5fc82b8000 r--s 00006000 fd:00 6556779                    /home/marxj/.m2/repository/org/apache/maven/shared/maven-dependency-analyzer/1.5/maven-dependency-analyzer-1.5.jar
7f5fc82b8000-7f5fc82bb000 r--s 0000c000 fd:00 6556777                    /home/marxj/.m2/repository/org/codehaus/plexus/plexus-io/2.0.9/plexus-io-2.0.9.jar
7f5fc82bb000-7f5fc82bd000 r--s 00008000 fd:00 6556773                    /home/marxj/.m2/repository/org/apache/maven/shared/maven-shared-io/1.1/maven-shared-io-1.1.jar
7f5fc82bd000-7f5fc82bf000 r--s 00008000 fd:00 6556772                    /home/marxj/.m2/repository/org/apache/maven/shared/file-management/1.2.1/file-management-1.2.1.jar
7f5fc82bf000-7f5fc82c3000 r--s 00037000 fd:00 5508267                    /home/marxj/.m2/repository/org/codehaus/plexus/plexus-utils/3.0.15/plexus-utils-3.0.15.jar
7f5fc82c3000-7f5fc82c7000 r--s 00014000 fd:00 5508265                    /home/marxj/.m2/repository/org/tukaani/xz/1.2/xz-1.2.jar
7f5fc82c7000-7f5fc82cc000 r--s 0003a000 fd:00 5640573                    /home/marxj/.m2/repository/org/apache/commons/commons-compress/1.5/commons-compress-1.5.jar
7f5fc82cc000-7f5fc82d1000 r--s 00024000 fd:00 6556758                    /home/marxj/.m2/repository/org/codehaus/plexus/plexus-archiver/2.4.4/plexus-archiver-2.4.4.jar
7f5fc82d1000-7f5fc82d3000 r--s 00000000 fd:00 6555556                    /home/marxj/.m2/repository/org/codehaus/plexus/plexus-component-annotations/1.5.5/plexus-component-annotations-1.5.5.jar
7f5fc82d3000-7f5fc82d6000 r--s 0001b000 fd:00 6556462                    /home/marxj/.m2/repository/org/apache/struts/struts-tiles/1.3.8/struts-tiles-1.3.8.jar
7f5fc82d6000-7f5fc82db000 r--s 00039000 fd:00 6556460                    /home/marxj/.m2/repository/org/apache/struts/struts-taglib/1.3.8/struts-taglib-1.3.8.jar
7f5fc82db000-7f5fc82e0000 r--s 00053000 fd:00 6556433                    /home/marxj/.m2/repository/antlr/antlr/2.7.2/antlr-2.7.2.jar
7f5fc82e0000-7f5fc82e6000 r--s 0004b000 fd:00 5907950                    /home/marxj/.m2/repository/org/apache/struts/struts-core/1.3.8/struts-core-1.3.8.jar
7f5fc82e6000-7f5fc82e8000 r--s 00005000 fd:00 6556456                    /home/marxj/.m2/repository/sslext/sslext/1.2-0/sslext-1.2-0.jar
7f5fc82e8000-7f5fc82f0000 r--s 00068000 fd:00 6556455                    /home/marxj/.m2/repository/dom4j/dom4j/1.1/dom4j-1.1.jar
7f5fc82f0000-7f5fc82f2000 r--s 00014000 fd:00 6556450                    /home/marxj/.m2/repository/commons-chain/commons-chain/1.1/commons-chain-1.1.jar
7f5fc82f2000-7f5fc82f8000 r--s 0004f000 fd:00 6294322                    /home/marxj/.m2/repository/org/apache/velocity/velocity-tools/2.0/velocity-tools-2.0.jar
7f5fc82f8000-7f5fc82fa000 r--s 0000e000 fd:00 6556478                    /home/marxj/.m2/repository/oro/oro/2.0.8/oro-2.0.8.jar
7f5fc82fa000-7f5fc8302000 r--s 00058000 fd:00 5907952                    /home/marxj/.m2/repository/org/apache/velocity/velocity/1.5/velocity-1.5.jar
7f5fc8302000-7f5fc8303000 r--s 00001000 fd:00 6556766                    /home/marxj/.m2/repository/org/codehaus/plexus/plexus-velocity/1.1.7/plexus-velocity-1.1.7.jar
7f5fc8303000-7f5fc8304000 r--s 00002000 fd:00 6556475                    /home/marxj/.m2/repository/org/codehaus/plexus/plexus-i18n/1.0-beta-7/plexus-i18n-1.0-beta-7.jar
7f5fc8304000-7f5fc8306000 r--s 00008000 fd:00 6556426                    /home/marxj/.m2/repository/org/apache/maven/doxia/doxia-module-fml/1.4/doxia-module-fml-1.4.jar
7f5fc8306000-7f5fc8307000 r--s 00003000 fd:00 6556420                    /home/marxj/.m2/repository/org/apache/maven/doxia/doxia-module-xhtml/1.4/doxia-module-xhtml-1.4.jar
7f5fc8307000-7f5fc8308000 r--s 0000e000 fd:00 6556443                    /home/marxj/.m2/repository/org/apache/maven/doxia/doxia-decoration-model/1.4/doxia-decoration-model-1.4.jar
7f5fc8308000-7f5fc830a000 r--s 0000b000 fd:00 6556444                    /home/marxj/.m2/repository/org/apache/maven/doxia/doxia-site-renderer/1.4/doxia-site-renderer-1.4.jar
7f5fc830a000-7f5fc830b000 r--s 00002000 fd:00 6556406                    /home/marxj/.m2/repository/org/apache/maven/doxia/doxia-logging-api/1.4/doxia-logging-api-1.4.jar
7f5fc830b000-7f5fc830e000 r--s 00018000 fd:00 6556490                    /home/marxj/.m2/repository/commons-io/commons-io/1.4/commons-io-1.4.jar
7f5fc830e000-7f5fc8310000 r--s 00008000 fd:00 6556764                    /home/marxj/.m2/repository/commons-logging/commons-logging/1.0.4/commons-logging-1.0.4.jar
7f5fc8310000-7f5fc8314000 r--s 00026000 fd:00 6556763                    /home/marxj/.m2/repository/commons-digester/commons-digester/1.6/commons-digester-1.6.jar
7f5fc8314000-7f5fc8319000 r--s 0002a000 fd:00 6556435                    /home/marxj/.m2/repository/commons-beanutils/commons-beanutils/1.7.0/commons-beanutils-1.7.0.jar
7f5fc8319000-7f5fc831c000 r--s 0001f000 fd:00 6556452                    /home/marxj/.m2/repository/commons-validator/commons-validator/1.3.1/commons-validator-1.3.1.jar
7f5fc831c000-7f5fc831e000 r--s 0000a000 fd:00 6556419                    /home/marxj/.m2/repository/commons-codec/commons-codec/1.3/commons-codec-1.3.jar
7f5fc831e000-7f5fc8323000 r--s 00026000 fd:00 6294320                    /home/marxj/.m2/repository/org/apache/httpcomponents/httpcore/4.0.1/httpcore-4.0.1.jar
7f5fc8323000-7f5fc832a000 r--s 00041000 fd:00 5772885                    /home/marxj/.m2/repository/org/apache/httpcomponents/httpclient/4.0.2/httpclient-4.0.2.jar
7f5fc832a000-7f5fc8332000 r--s 00028000 fd:00 6556415                    /home/marxj/.m2/repository/xml-apis/xml-apis/1.3.04/xml-apis-1.3.04.jar
7f5fc8332000-7f5fc834a000 r--s 00115000 fd:00 6556412                    /home/marxj/.m2/repository/xerces/xercesImpl/2.9.1/xercesImpl-2.9.1.jar
7f5fc834a000-7f5fc854a000 rw-p 00000000 00:00 0 
7f5fc854a000-7f5fc855b000 r-xp 00000000 fd:00 3017329                    /usr/lib/jvm/java-8-openjdk-amd64/jre/lib/amd64/libnio.so
7f5fc855b000-7f5fc875b000 ---p 00011000 fd:00 3017329                    /usr/lib/jvm/java-8-openjdk-amd64/jre/lib/amd64/libnio.so
7f5fc875b000-7f5fc875c000 r--p 00011000 fd:00 3017329                    /usr/lib/jvm/java-8-openjdk-amd64/jre/lib/amd64/libnio.so
7f5fc875c000-7f5fc875d000 rw-p 00012000 fd:00 3017329                    /usr/lib/jvm/java-8-openjdk-amd64/jre/lib/amd64/libnio.so
7f5fc875d000-7f5fc8774000 r-xp 00000000 fd:00 3017328                    /usr/lib/jvm/java-8-openjdk-amd64/jre/lib/amd64/libnet.so
7f5fc8774000-7f5fc8973000 ---p 00017000 fd:00 3017328                    /usr/lib/jvm/java-8-openjdk-amd64/jre/lib/amd64/libnet.so
7f5fc8973000-7f5fc8974000 r--p 00016000 fd:00 3017328                    /usr/lib/jvm/java-8-openjdk-amd64/jre/lib/amd64/libnet.so
7f5fc8974000-7f5fc8975000 rw-p 00017000 fd:00 3017328                    /usr/lib/jvm/java-8-openjdk-amd64/jre/lib/amd64/libnet.so
7f5fc8975000-7f5fc8b75000 rw-p 00000000 00:00 0 
7f5fc8b75000-7f5fc8d75000 rw-p 00000000 00:00 0 
7f5fc8d75000-7f5fc8f75000 rw-p 00000000 00:00 0 
7f5fc8f75000-7f5fc8f76000 ---p 00000000 00:00 0 
7f5fc8f76000-7f5fc9076000 rw-p 00000000 00:00 0 
7f5fc9076000-7f5fc9079000 ---p 00000000 00:00 0 
7f5fc9079000-7f5fc9177000 rw-p 00000000 00:00 0 
7f5fc9177000-7f5fc9178000 ---p 00000000 00:00 0 
7f5fc9178000-7f5fc917b000 ---p 00000000 00:00 0 
7f5fc917b000-7f5fc9278000 rw-p 00000000 00:00 0 
7f5fc9278000-7f5fc9279000 ---p 00000000 00:00 0 
7f5fc9279000-7f5fc927c000 ---p 00000000 00:00 0 
7f5fc927c000-7f5fc9379000 rw-p 00000000 00:00 0 
7f5fc9379000-7f5fc937a000 ---p 00000000 00:00 0 
7f5fc937a000-7f5fc937d000 ---p 00000000 00:00 0 
7f5fc937d000-7f5fc947a000 rw-p 00000000 00:00 0 
7f5fc947a000-7f5fc947d000 ---p 00000000 00:00 0 
7f5fc947d000-7f5fc957b000 rw-p 00000000 00:00 0 
7f5fc957b000-7f5fca0cf000 r--p 00000000 fd:00 2628292                    /usr/lib/locale/locale-archive
7f5fca0cf000-7f5fca0d2000 ---p 00000000 00:00 0 
7f5fca0d2000-7f5fcc000000 rw-p 00000000 00:00 0 
7f5fcc000000-7f5fcc021000 rw-p 00000000 00:00 0 
7f5fcc021000-7f5fd0000000 ---p 00000000 00:00 0 
7f5fd0000000-7f5fd0001000 r--s 00002000 fd:00 6556405                    /home/marxj/.m2/repository/org/apache/maven/doxia/doxia-sink-api/1.4/doxia-sink-api-1.4.jar
7f5fd0001000-7f5fd0005000 r--s 00022000 fd:00 6556761                    /home/marxj/.m2/repository/org/apache/maven/doxia/doxia-core/1.2/doxia-core-1.2.jar
7f5fd0005000-7f5fd0007000 r--s 00003000 fd:00 6556759                    /home/marxj/.m2/repository/org/apache/maven/reporting/maven-reporting-impl/2.2/maven-reporting-impl-2.2.jar
7f5fd0007000-7f5fd0008000 r--s 00002000 fd:00 6556360                    /home/marxj/.m2/repository/org/apache/maven/reporting/maven-reporting-api/3.0/maven-reporting-api-3.0.jar
7f5fd0008000-7f5fd0010000 r--s 00049000 fd:00 6556727                    /home/marxj/.m2/repository/backport-util-concurrent/backport-util-concurrent/3.1/backport-util-concurrent-3.1.jar
7f5fd0010000-7f5fd0012000 r--s 00002000 fd:00 6556394                    /home/marxj/.m2/repository/org/sonatype/plexus/plexus-cipher/1.4/plexus-cipher-1.4.jar
7f5fd0012000-7f5fd0013000 r--s 00006000 fd:00 6556390                    /home/marxj/.m2/repository/org/sonatype/plexus/plexus-sec-dispatcher/1.3/plexus-sec-dispatcher-1.3.jar
7f5fd0013000-7f5fd0015000 r--s 00002000 fd:00 6555129                    /home/marxj/.m2/repository/org/codehaus/plexus/plexus-interactivity-api/1.0-alpha-4/plexus-interactivity-api-1.0-alpha-4.jar
7f5fd0015000-7f5fd0017000 r--s 00009000 fd:00 6556749                    /home/marxj/.m2/repository/commons-cli/commons-cli/1.2/commons-cli-1.2.jar
7f5fd0017000-7f5fd0019000 r--s 00003000 fd:00 6556743                    /home/marxj/.m2/repository/org/slf4j/jcl-over-slf4j/1.5.6/jcl-over-slf4j-1.5.6.jar
7f5fd0019000-7f5fd001b000 r--s 00001000 fd:00 5377749                    /home/marxj/.m2/repository/org/slf4j/slf4j-jdk14/1.5.6/slf4j-jdk14-1.5.6.jar
7f5fd001b000-7f5fd001e000 r--s 0001b000 fd:00 6555139                    /home/marxj/.m2/repository/junit/junit/3.8.1/junit-3.8.1.jar
7f5fd001e000-7f5fd0020000 r--s 0000b000 fd:00 6556735                    /home/marxj/.m2/repository/org/codehaus/plexus/plexus-interpolation/1.11/plexus-interpolation-1.11.jar
7f5fd0020000-7f5fd0023000 r--s 00024000 fd:00 5508263                    /home/marxj/.m2/repository/org/apache/maven/plugins/maven-dependency-plugin/2.9/maven-dependency-plugin-2.9.jar
7f5fd0023000-7f5fd0025000 r--s 00005000 fd:00 4983467                    /home/marxj/.m2/repository/org/apache/nifi/nifi-nar-maven-plugin/1.0.0-incubating/nifi-nar-maven-plugin-1.0.0-incubating.jar
7f5fd0025000-7f5fd002a000 r--s 000a0000 fd:00 3017722                    /usr/lib/jvm/java-8-openjdk-amd64/jre/lib/jsse.jar
7f5fd002a000-7f5fd002e000 r--s 0001f000 fd:00 3022150                    /usr/share/java/maven-resolver-api.jar
7f5fd002e000-7f5fd0030000 r--s 00007000 fd:00 3022143                    /usr/share/java/jansi.jar
7f5fd0030000-7f5fd0031000 r--s 00002000 fd:00 3022206                    /usr/share/java/maven3-builder-support.jar
7f5fd0031000-7f5fd003f000 r--s 0009a000 fd:00 3022128                    /usr/share/java/guice.jar
7f5fd003f000-7f5fd0041000 r--s 00006000 fd:00 3022179                    /usr/share/java/plexus-sec-dispatcher.jar
7f5fd0041000-7f5fd0042000 r--s 00002000 fd:00 3022063                    /usr/share/java/geronimo-annotation-1.3-spec.jar
7f5fd0042000-7f5fd0043000 r--s 00000000 fd:00 3021962                    /usr/share/java/atinject-jsr330-api-1.0.jar
7f5fd0043000-7f5fd0045000 r--s 0000e000 fd:00 3022214                    /usr/share/java/maven3-resolver-provider.jar
7f5fd0045000-7f5fd0049000 r--s 00022000 fd:00 3022158                    /usr/share/java/maven-resolver-util.jar
7f5fd0049000-7f5fd004b000 r--s 00008000 fd:00 3022215                    /usr/share/java/maven3-settings-builder.jar
7f5fd004b000-7f5fd0058000 r--s 0008d000 fd:00 3022208                    /usr/share/java/maven3-core.jar
7f5fd0058000-7f5fd0059000 r--s 00001000 fd:00 3021977                    /usr/share/java/geronimo-interceptor-3.0-spec.jar
7f5fd0059000-7f5fd005a000 r--s 00000000 fd:00 3021962                    /usr/share/java/atinject-jsr330-api-1.0.jar
7f5fd005a000-7f5fd005d000 r--s 0000e000 fd:00 3021991                    /usr/share/java/cdi-api.jar
7f5fd005d000-7f5fd005f000 r--s 00003000 fd:00 3022181                    /usr/share/java/jcl-over-slf4j.jar
7f5fd005f000-7f5fd0061000 r--s 00006000 fd:00 3022153                    /usr/share/java/maven-resolver-spi.jar
7f5fd0061000-7f5fd0065000 r--s 00023000 fd:00 3022168                    /usr/share/java/maven-shared-utils.jar
7f5fd0065000-7f5fd0068000 r--s 00011000 fd:00 3022177                    /usr/share/java/plexus-interpolation.jar
7f5fd0068000-7f5fd006a000 r--s 00009000 fd:00 3022184                    /usr/share/java/slf4j-api.jar
7f5fd006a000-7f5fd006b000 r--s 00004000 fd:00 3022217                    /usr/share/java/maven3-slf4j-provider.jar
7f5fd006b000-7f5fd006d000 r--s 00000000 fd:00 3022174                    /usr/share/java/plexus-component-annotations.jar
7f5fd006d000-7f5fd006f000 r--s 00008000 fd:00 3022151                    /usr/share/java/maven-resolver-connector-basic.jar
7f5fd006f000-7f5fd0074000 r--s 00030000 fd:00 3022036                    /usr/share/java/commons-io.jar
7f5fd0074000-7f5fd00a0000 r--s 00208000 fd:00 3022103                    /usr/share/java/guava.jar
7f5fd00a0000-7f5fd00a1000 r--s 0000a000 fd:00 3022216                    /usr/share/java/maven3-settings.jar
7f5fd00a1000-7f5fd00a3000 r--s 00001000 fd:00 3022118                    /usr/share/java/aopalliance-1.0.jar
7f5fd00a3000-7f5fd00ab000 r--s 0006d000 fd:00 3022049                    /usr/share/java/commons-lang3.jar
7f5fd00ab000-7f5fd00ad000 r--s 0000a000 fd:00 3022011                    /usr/share/java/commons-cli.jar
7f5fd00ad000-7f5fd00af000 r--s 00005000 fd:00 3022157                    /usr/share/java/maven-resolver-transport-wagon.jar
7f5fd00af000-7f5fd00b5000 r--s 0002d000 fd:00 3022203                    /usr/share/java/sisu-plexus.jar
7f5fd00b5000-7f5fd00bc000 r--s 00042000 fd:00 3022207                    /usr/share/java/maven3-compat.jar
7f5fd00bc000-7f5fd00bd000 r--s 00001000 fd:00 3022244                    /usr/share/java/wagon-file.jar
7f5fd00bd000-7f5fd00c4000 r--s 00054000 fd:00 3022201                    /usr/share/java/sisu-inject.jar
7f5fd00c4000-7f5fd00f1000 r--s 001ce000 fd:00 3022246                    /usr/share/java/wagon-http-shaded-3.0.0.jar
7f5fd00f1000-7f5fd00f4000 ---p 00000000 00:00 0 
7f5fd00f4000-7f5fd01f2000 rw-p 00000000 00:00 0 
7f5fd01f2000-7f5fd01f3000 ---p 00000000 00:00 0 
7f5fd01f3000-7f5fd1000000 rw-p 00000000 00:00 0 
7f5fd1000000-7f5fd1c10000 rwxp 00000000 00:00 0 
7f5fd1c10000-7f5fe0000000 ---p 00000000 00:00 0 
7f5fe0000000-7f5fe12cb000 rw-p 00000000 00:00 0 
7f5fe12cb000-7f5fe4000000 ---p 00000000 00:00 0 
7f5fe4000000-7f5fe4002000 r--s 0000a000 fd:00 3022212                    /usr/share/java/maven3-plugin-api.jar
7f5fe4002000-7f5fe4003000 r--s 00003000 fd:00 3022170                    /usr/share/java/plexus-cipher.jar
7f5fe4003000-7f5fe4006000 r--s 0000a000 fd:00 3022205                    /usr/share/java/maven3-artifact.jar
7f5fe4006000-7f5fe4009000 r--s 00027000 fd:00 3022211                    /usr/share/java/maven3-model.jar
7f5fe4009000-7f5fe400d000 r--s 0003b000 fd:00 3022145                    /usr/share/java/plexus-utils2.jar
7f5fe400d000-7f5fe4011000 r--s 00028000 fd:00 3022152                    /usr/share/java/maven-resolver-impl.jar
7f5fe4011000-7f5fe4016000 r--s 00026000 fd:00 3022210                    /usr/share/java/maven3-model-builder.jar
7f5fe4016000-7f5fe4019000 r--s 00015000 fd:00 3022209                    /usr/share/java/maven3-embedder.jar
7f5fe4019000-7f5fe4023000 r--s 00116000 fd:00 3017565                    /usr/lib/jvm/java-8-openjdk-amd64/jre/lib/ext/localedata.jar
7f5fe4023000-7f5fe403e000 r--s 001d6000 fd:00 3017566                    /usr/lib/jvm/java-8-openjdk-amd64/jre/lib/ext/nashorn.jar
7f5fe403e000-7f5fe4059000 r--s 00394000 fd:00 3017518                    /usr/lib/jvm/java-8-openjdk-amd64/jre/lib/ext/cldrdata.jar
7f5fe4059000-7f5fe430c000 rw-p 00000000 00:00 0 
7f5fe430c000-7f5fe44db000 r--s 03c33000 fd:00 3017898                    /usr/lib/jvm/java-8-openjdk-amd64/jre/lib/rt.jar
7f5fe44db000-7f5fe4f34000 rw-p 00000000 00:00 0 
7f5fe4f34000-7f5fe4f35000 ---p 00000000 00:00 0 
7f5fe4f35000-7f5fe5035000 rw-p 00000000 00:00 0 
7f5fe5035000-7f5fe5036000 ---p 00000000 00:00 0 
7f5fe5036000-7f5fe5136000 rw-p 00000000 00:00 0 
7f5fe5136000-7f5fe5137000 ---p 00000000 00:00 0 
7f5fe5137000-7f5fe5237000 rw-p 00000000 00:00 0 
7f5fe5237000-7f5fe5238000 ---p 00000000 00:00 0 
7f5fe5238000-7f5fe534d000 rw-p 00000000 00:00 0 
7f5fe534d000-7f5fe547a000 ---p 00000000 00:00 0 
7f5fe547a000-7f5fe548f000 rw-p 00000000 00:00 0 
7f5fe548f000-7f5fe55bc000 ---p 00000000 00:00 0 
7f5fe55bc000-7f5fe5604000 rw-p 00000000 00:00 0 
7f5fe5604000-7f5fe565d000 ---p 00000000 00:00 0 
7f5fe565d000-7f5fe568f000 rw-p 00000000 00:00 0 
7f5fe568f000-7f5fe5a1e000 ---p 00000000 00:00 0 
7f5fe5a1e000-7f5fe5a26000 r-xp 00000000 fd:00 3017336                    /usr/lib/jvm/java-8-openjdk-amd64/jre/lib/amd64/libzip.so
7f5fe5a26000-7f5fe5c25000 ---p 00008000 fd:00 3017336                    /usr/lib/jvm/java-8-openjdk-amd64/jre/lib/amd64/libzip.so
7f5fe5c25000-7f5fe5c26000 r--p 00007000 fd:00 3017336                    /usr/lib/jvm/java-8-openjdk-amd64/jre/lib/amd64/libzip.so
7f5fe5c26000-7f5fe5c27000 rw-p 00008000 fd:00 3017336                    /usr/lib/jvm/java-8-openjdk-amd64/jre/lib/amd64/libzip.so
7f5fe5c27000-7f5fe5c32000 r-xp 00000000 fd:00 5772122                    /lib/x86_64-linux-gnu/libnss_files-2.27.so
7f5fe5c32000-7f5fe5e31000 ---p 0000b000 fd:00 5772122                    /lib/x86_64-linux-gnu/libnss_files-2.27.so
7f5fe5e31000-7f5fe5e32000 r--p 0000a000 fd:00 5772122                    /lib/x86_64-linux-gnu/libnss_files-2.27.so
7f5fe5e32000-7f5fe5e33000 rw-p 0000b000 fd:00 5772122                    /lib/x86_64-linux-gnu/libnss_files-2.27.so
7f5fe5e33000-7f5fe5e39000 rw-p 00000000 00:00 0 
7f5fe5e39000-7f5fe5e50000 r-xp 00000000 fd:00 5772116                    /lib/x86_64-linux-gnu/libnsl-2.27.so
7f5fe5e50000-7f5fe604f000 ---p 00017000 fd:00 5772116                    /lib/x86_64-linux-gnu/libnsl-2.27.so
7f5fe604f000-7f5fe6050000 r--p 00016000 fd:00 5772116                    /lib/x86_64-linux-gnu/libnsl-2.27.so
7f5fe6050000-7f5fe6051000 rw-p 00017000 fd:00 5772116                    /lib/x86_64-linux-gnu/libnsl-2.27.so
7f5fe6051000-7f5fe6053000 rw-p 00000000 00:00 0 
7f5fe6053000-7f5fe605e000 r-xp 00000000 fd:00 5772133                    /lib/x86_64-linux-gnu/libnss_nis-2.27.so
7f5fe605e000-7f5fe625d000 ---p 0000b000 fd:00 5772133                    /lib/x86_64-linux-gnu/libnss_nis-2.27.so
7f5fe625d000-7f5fe625e000 r--p 0000a000 fd:00 5772133                    /lib/x86_64-linux-gnu/libnss_nis-2.27.so
7f5fe625e000-7f5fe625f000 rw-p 0000b000 fd:00 5772133                    /lib/x86_64-linux-gnu/libnss_nis-2.27.so
7f5fe625f000-7f5fe6267000 r-xp 00000000 fd:00 5772118                    /lib/x86_64-linux-gnu/libnss_compat-2.27.so
7f5fe6267000-7f5fe6467000 ---p 00008000 fd:00 5772118                    /lib/x86_64-linux-gnu/libnss_compat-2.27.so
7f5fe6467000-7f5fe6468000 r--p 00008000 fd:00 5772118                    /lib/x86_64-linux-gnu/libnss_compat-2.27.so
7f5fe6468000-7f5fe6469000 rw-p 00009000 fd:00 5772118                    /lib/x86_64-linux-gnu/libnss_compat-2.27.so
7f5fe6469000-7f5fe6497000 r-xp 00000000 fd:00 3017317                    /usr/lib/jvm/java-8-openjdk-amd64/jre/lib/amd64/libjava.so
7f5fe6497000-7f5fe6696000 ---p 0002e000 fd:00 3017317                    /usr/lib/jvm/java-8-openjdk-amd64/jre/lib/amd64/libjava.so
7f5fe6696000-7f5fe6697000 r--p 0002d000 fd:00 3017317                    /usr/lib/jvm/java-8-openjdk-amd64/jre/lib/amd64/libjava.so
7f5fe6697000-7f5fe6699000 rw-p 0002e000 fd:00 3017317                    /usr/lib/jvm/java-8-openjdk-amd64/jre/lib/amd64/libjava.so
7f5fe6699000-7f5fe66a9000 r-xp 00000000 fd:00 3017335                    /usr/lib/jvm/java-8-openjdk-amd64/jre/lib/amd64/libverify.so
7f5fe66a9000-7f5fe68a8000 ---p 00010000 fd:00 3017335                    /usr/lib/jvm/java-8-openjdk-amd64/jre/lib/amd64/libverify.so
7f5fe68a8000-7f5fe68aa000 r--p 0000f000 fd:00 3017335                    /usr/lib/jvm/java-8-openjdk-amd64/jre/lib/amd64/libverify.so
7f5fe68aa000-7f5fe68ab000 rw-p 00011000 fd:00 3017335                    /usr/lib/jvm/java-8-openjdk-amd64/jre/lib/amd64/libverify.so
7f5fe68ab000-7f5fe68b2000 r-xp 00000000 fd:00 5772173                    /lib/x86_64-linux-gnu/librt-2.27.so
7f5fe68b2000-7f5fe6ab1000 ---p 00007000 fd:00 5772173                    /lib/x86_64-linux-gnu/librt-2.27.so
7f5fe6ab1000-7f5fe6ab2000 r--p 00006000 fd:00 5772173                    /lib/x86_64-linux-gnu/librt-2.27.so
7f5fe6ab2000-7f5fe6ab3000 rw-p 00007000 fd:00 5772173                    /lib/x86_64-linux-gnu/librt-2.27.so
7f5fe6ab3000-7f5fe6aca000 r-xp 00000000 fd:00 5767174                    /lib/x86_64-linux-gnu/libgcc_s.so.1
7f5fe6aca000-7f5fe6cc9000 ---p 00017000 fd:00 5767174                    /lib/x86_64-linux-gnu/libgcc_s.so.1
7f5fe6cc9000-7f5fe6cca000 r--p 00016000 fd:00 5767174                    /lib/x86_64-linux-gnu/libgcc_s.so.1
7f5fe6cca000-7f5fe6ccb000 rw-p 00017000 fd:00 5767174                    /lib/x86_64-linux-gnu/libgcc_s.so.1
7f5fe6ccb000-7f5fe6e68000 r-xp 00000000 fd:00 5772095                    /lib/x86_64-linux-gnu/libm-2.27.so
7f5fe6e68000-7f5fe7067000 ---p 0019d000 fd:00 5772095                    /lib/x86_64-linux-gnu/libm-2.27.so
7f5fe7067000-7f5fe7068000 r--p 0019c000 fd:00 5772095                    /lib/x86_64-linux-gnu/libm-2.27.so
7f5fe7068000-7f5fe7069000 rw-p 0019d000 fd:00 5772095                    /lib/x86_64-linux-gnu/libm-2.27.so
7f5fe7069000-7f5fe71e2000 r-xp 00000000 fd:00 2625777                    /usr/lib/x86_64-linux-gnu/libstdc++.so.6.0.25
7f5fe71e2000-7f5fe73e2000 ---p 00179000 fd:00 2625777                    /usr/lib/x86_64-linux-gnu/libstdc++.so.6.0.25
7f5fe73e2000-7f5fe73ec000 r--p 00179000 fd:00 2625777                    /usr/lib/x86_64-linux-gnu/libstdc++.so.6.0.25
7f5fe73ec000-7f5fe73ee000 rw-p 00183000 fd:00 2625777                    /usr/lib/x86_64-linux-gnu/libstdc++.so.6.0.25
7f5fe73ee000-7f5fe73f2000 rw-p 00000000 00:00 0 
7f5fe73f2000-7f5fe808c000 r-xp 00000000 fd:00 3017349                    /usr/lib/jvm/java-8-openjdk-amd64/jre/lib/amd64/server/libjvm.so
7f5fe808c000-7f5fe828b000 ---p 00c9a000 fd:00 3017349                    /usr/lib/jvm/java-8-openjdk-amd64/jre/lib/amd64/server/libjvm.so
7f5fe828b000-7f5fe831f000 r--p 00c99000 fd:00 3017349                    /usr/lib/jvm/java-8-openjdk-amd64/jre/lib/amd64/server/libjvm.so
7f5fe831f000-7f5fe8348000 rw-p 00d2d000 fd:00 3017349                    /usr/lib/jvm/java-8-openjdk-amd64/jre/lib/amd64/server/libjvm.so
7f5fe8348000-7f5fe8378000 rw-p 00000000 00:00 0 
7f5fe8378000-7f5fe8392000 r-xp 00000000 fd:00 5772165                    /lib/x86_64-linux-gnu/libpthread-2.27.so
7f5fe8392000-7f5fe8591000 ---p 0001a000 fd:00 5772165                    /lib/x86_64-linux-gnu/libpthread-2.27.so
7f5fe8591000-7f5fe8592000 r--p 00019000 fd:00 5772165                    /lib/x86_64-linux-gnu/libpthread-2.27.so
7f5fe8592000-7f5fe8593000 rw-p 0001a000 fd:00 5772165                    /lib/x86_64-linux-gnu/libpthread-2.27.so
7f5fe8593000-7f5fe8597000 rw-p 00000000 00:00 0 
7f5fe8597000-7f5fe859a000 r-xp 00000000 fd:00 5772055                    /lib/x86_64-linux-gnu/libdl-2.27.so
7f5fe859a000-7f5fe8799000 ---p 00003000 fd:00 5772055                    /lib/x86_64-linux-gnu/libdl-2.27.so
7f5fe8799000-7f5fe879a000 r--p 00002000 fd:00 5772055                    /lib/x86_64-linux-gnu/libdl-2.27.so
7f5fe879a000-7f5fe879b000 rw-p 00003000 fd:00 5772055                    /lib/x86_64-linux-gnu/libdl-2.27.so
7f5fe879b000-7f5fe87b7000 r-xp 00000000 fd:00 5772204                    /lib/x86_64-linux-gnu/libz.so.1.2.11
7f5fe87b7000-7f5fe89b6000 ---p 0001c000 fd:00 5772204                    /lib/x86_64-linux-gnu/libz.so.1.2.11
7f5fe89b6000-7f5fe89b7000 r--p 0001b000 fd:00 5772204                    /lib/x86_64-linux-gnu/libz.so.1.2.11
7f5fe89b7000-7f5fe89b8000 rw-p 0001c000 fd:00 5772204                    /lib/x86_64-linux-gnu/libz.so.1.2.11
7f5fe89b8000-7f5fe8b9f000 r-xp 00000000 fd:00 5772032                    /lib/x86_64-linux-gnu/libc-2.27.so
7f5fe8b9f000-7f5fe8d9f000 ---p 001e7000 fd:00 5772032                    /lib/x86_64-linux-gnu/libc-2.27.so
7f5fe8d9f000-7f5fe8da3000 r--p 001e7000 fd:00 5772032                    /lib/x86_64-linux-gnu/libc-2.27.so
7f5fe8da3000-7f5fe8da5000 rw-p 001eb000 fd:00 5772032                    /lib/x86_64-linux-gnu/libc-2.27.so
7f5fe8da5000-7f5fe8da9000 rw-p 00000000 00:00 0 
7f5fe8da9000-7f5fe8db7000 r-xp 00000000 fd:00 3014693                    /usr/lib/jvm/java-8-openjdk-amd64/jre/lib/amd64/jli/libjli.so
7f5fe8db7000-7f5fe8fb6000 ---p 0000e000 fd:00 3014693                    /usr/lib/jvm/java-8-openjdk-amd64/jre/lib/amd64/jli/libjli.so
7f5fe8fb6000-7f5fe8fb7000 r--p 0000d000 fd:00 3014693                    /usr/lib/jvm/java-8-openjdk-amd64/jre/lib/amd64/jli/libjli.so
7f5fe8fb7000-7f5fe8fb8000 rw-p 0000e000 fd:00 3014693                    /usr/lib/jvm/java-8-openjdk-amd64/jre/lib/amd64/jli/libjli.so
7f5fe8fb8000-7f5fe8fdf000 r-xp 00000000 fd:00 5772004                    /lib/x86_64-linux-gnu/ld-2.27.so
7f5fe8fdf000-7f5fe8fe0000 r--s 00006000 fd:00 3022213                    /usr/share/java/maven3-repository-metadata.jar
7f5fe8fe0000-7f5fe8fe2000 r--s 0000b000 fd:00 3022148                    /usr/share/java/wagon-provider-api.jar
7f5fe8fe2000-7f5fe8fe8000 r--s 0003b000 fd:00 3017587                    /usr/lib/jvm/java-8-openjdk-amd64/jre/lib/ext/sunjce_provider.jar
7f5fe8fe8000-7f5fe90c0000 rw-p 00000000 00:00 0 
7f5fe90c0000-7f5fe90c1000 ---p 00000000 00:00 0 
7f5fe90c1000-7f5fe90c4000 ---p 00000000 00:00 0 
7f5fe90c4000-7f5fe91c3000 rw-p 00000000 00:00 0 
7f5fe91c3000-7f5fe91c5000 r--s 0000b000 fd:00 3022172                    /usr/share/java/plexus-classworlds.jar
7f5fe91c5000-7f5fe91c6000 r--s 0000a000 fd:00 3017563                    /usr/lib/jvm/java-8-openjdk-amd64/jre/lib/ext/jaccess.jar
7f5fe91c6000-7f5fe91c9000 r--s 00038000 fd:00 3017596                    /usr/lib/jvm/java-8-openjdk-amd64/jre/lib/ext/sunpkcs11.jar
7f5fe91c9000-7f5fe91ca000 r--s 00010000 fd:00 3017597                    /usr/lib/jvm/java-8-openjdk-amd64/jre/lib/ext/zipfs.jar
7f5fe91ca000-7f5fe91cd000 r--s 0000f000 fd:00 3017562                    /usr/lib/jvm/java-8-openjdk-amd64/jre/lib/ext/icedtea-sound.jar
7f5fe91cd000-7f5fe91cf000 r--s 00007000 fd:00 3019098                    /usr/share/java/java-atk-wrapper.jar
7f5fe91cf000-7f5fe91d1000 r--s 00008000 fd:00 3017572                    /usr/lib/jvm/java-8-openjdk-amd64/jre/lib/ext/sunec.jar
7f5fe91d1000-7f5fe91d3000 r--s 00001000 fd:00 3017547                    /usr/lib/jvm/java-8-openjdk-amd64/jre/lib/ext/dnsns.jar
7f5fe91d3000-7f5fe91db000 rw-s 00000000 fd:00 6816080                    /tmp/hsperfdata_marxj/11070
7f5fe91db000-7f5fe91dc000 rw-p 00000000 00:00 0 
7f5fe91dc000-7f5fe91dd000 ---p 00000000 00:00 0 
7f5fe91dd000-7f5fe91df000 rw-p 00000000 00:00 0 
7f5fe91df000-7f5fe91e0000 r--p 00027000 fd:00 5772004                    /lib/x86_64-linux-gnu/ld-2.27.so
7f5fe91e0000-7f5fe91e1000 rw-p 00028000 fd:00 5772004                    /lib/x86_64-linux-gnu/ld-2.27.so
7f5fe91e1000-7f5fe91e2000 rw-p 00000000 00:00 0 
7ffc9fb48000-7ffc9fb69000 rw-p 00000000 00:00 0                          [stack]
7ffc9fbc5000-7ffc9fbc8000 r--p 00000000 00:00 0                          [vvar]
7ffc9fbc8000-7ffc9fbca000 r-xp 00000000 00:00 0                          [vdso]
ffffffffff600000-ffffffffff601000 r-xp 00000000 00:00 0                  [vsyscall]

VM Arguments:
jvm_args: -Dclassworlds.conf=/usr/share/maven/bin/m2.conf -Dmaven.home=/usr/share/maven -Dlibrary.jansi.path=/usr/share/maven/lib/jansi-native -Dmaven.multiModuleProjectDirectory=/home/marxj/Asztal/Egyetem/2018-2019-2/szakdolgozat 
java_command: org.codehaus.plexus.classworlds.launcher.Launcher clean install -Dmaven.test=skip
java_class_path (initial): /usr/share/maven/boot/plexus-classworlds-2.x.jar
Launcher Type: SUN_STANDARD

Environment Variables:
JAVA_HOME=/usr/lib/jvm/java-8-openjdk-amd64/jre
PATH=/usr/local/sbin:/usr/local/bin:/usr/sbin:/usr/bin:/sbin:/bin:/usr/games:/usr/local/games:/snap/bin
USERNAME=marxj
SHELL=/bin/bash
DISPLAY=:0

Signal Handlers:
SIGSEGV: [libjvm.so+0xab2ea0], sa_mask[0]=11111111011111111101111111111110, sa_flags=SA_RESTART|SA_SIGINFO
SIGBUS: [libjvm.so+0xab2ea0], sa_mask[0]=11111111011111111101111111111110, sa_flags=SA_RESTART|SA_SIGINFO
SIGFPE: [libjvm.so+0x8e87b0], sa_mask[0]=11111111011111111101111111111110, sa_flags=SA_RESTART|SA_SIGINFO
SIGPIPE: [libjvm.so+0x8e87b0], sa_mask[0]=11111111011111111101111111111110, sa_flags=SA_RESTART|SA_SIGINFO
SIGXFSZ: [libjvm.so+0x8e87b0], sa_mask[0]=11111111011111111101111111111110, sa_flags=SA_RESTART|SA_SIGINFO
SIGILL: [libjvm.so+0x8e87b0], sa_mask[0]=11111111011111111101111111111110, sa_flags=SA_RESTART|SA_SIGINFO
SIGUSR1: SIG_DFL, sa_mask[0]=00000000000000000000000000000000, sa_flags=none
SIGUSR2: [libjvm.so+0x8e8660], sa_mask[0]=00000000000000000000000000000000, sa_flags=SA_RESTART|SA_SIGINFO
SIGHUP: [libjvm.so+0x8e8cd0], sa_mask[0]=11111111011111111101111111111110, sa_flags=SA_RESTART|SA_SIGINFO
SIGINT: [libjvm.so+0x8e8cd0], sa_mask[0]=11111111011111111101111111111110, sa_flags=SA_RESTART|SA_SIGINFO
SIGTERM: [libjvm.so+0x8e8cd0], sa_mask[0]=11111111011111111101111111111110, sa_flags=SA_RESTART|SA_SIGINFO
SIGQUIT: [libjvm.so+0x8e8cd0], sa_mask[0]=11111111011111111101111111111110, sa_flags=SA_RESTART|SA_SIGINFO


---------------  S Y S T E M  ---------------

OS:DISTRIB_ID=Ubuntu
DISTRIB_RELEASE=18.04
DISTRIB_CODENAME=bionic
DISTRIB_DESCRIPTION="Ubuntu 18.04.2 LTS"

uname:Linux 4.15.0-46-generic #49-Ubuntu SMP Wed Feb 6 09:33:07 UTC 2019 x86_64
libc:glibc 2.27 NPTL 2.27 
rlimit: STACK 8192k, CORE 0k, NPROC 15274, NOFILE 4096, AS infinity
load average:1,23 0,73 0,95

/proc/meminfo:
MemTotal:        3955524 kB
MemFree:           91476 kB
MemAvailable:      11416 kB
Buffers:            1268 kB
Cached:           141500 kB
SwapCached:        10448 kB
Active:          2881260 kB
Inactive:         591384 kB
Active(anon):    2857652 kB
Inactive(anon):   571624 kB
Active(file):      23608 kB
Inactive(file):    19760 kB
Unevictable:          48 kB
Mlocked:              48 kB
SwapTotal:        999420 kB
SwapFree:              0 kB
Dirty:                20 kB
Writeback:             0 kB
AnonPages:       3320496 kB
Mapped:           188852 kB
Shmem:             98888 kB
Slab:             114996 kB
SReclaimable:      41052 kB
SUnreclaim:        73944 kB
KernelStack:       19360 kB
PageTables:        93652 kB
NFS_Unstable:          0 kB
Bounce:                0 kB
WritebackTmp:          0 kB
CommitLimit:     2977180 kB
Committed_AS:   14799364 kB
VmallocTotal:   34359738367 kB
VmallocUsed:           0 kB
VmallocChunk:          0 kB
HardwareCorrupted:     0 kB
AnonHugePages:         0 kB
ShmemHugePages:        0 kB
ShmemPmdMapped:        0 kB
CmaTotal:              0 kB
CmaFree:               0 kB
HugePages_Total:       0
HugePages_Free:        0
HugePages_Rsvd:        0
HugePages_Surp:        0
Hugepagesize:       2048 kB
DirectMap4k:      403188 kB
DirectMap2M:     3706880 kB
DirectMap1G:     1048576 kB

container (cgroup) information:
container_type: cgroupv1
cpu_cpuset_cpus: 0-3
cpu_memory_nodes: 0
active_processor_count: 4
cpu_quota: -1
cpu_period: 100000
cpu_shares: -1
memory_limit_in_bytes: -1
memory_and_swap_limit_in_bytes: -2
memory_soft_limit_in_bytes: -1
memory_usage_in_bytes: 3551514624
memory_max_usage_in_bytes: 0


CPU:total 4 (initial active 4) (2 cores per cpu, 2 threads per core) family 6 model 61 stepping 4, cmov, cx8, fxsr, mmx, sse, sse2, sse3, ssse3, sse4.1, sse4.2, popcnt, avx, avx2, aes, clmul, erms, 3dnowpref, lzcnt, ht, tsc, tscinvbit, bmi1, bmi2, adx

/proc/cpuinfo:
processor	: 0
vendor_id	: GenuineIntel
cpu family	: 6
model		: 61
model name	: Intel(R) Core(TM) i5-5200U CPU @ 2.20GHz
stepping	: 4
microcode	: 0x2b
cpu MHz		: 2494.078
cache size	: 3072 KB
physical id	: 0
siblings	: 4
core id		: 0
cpu cores	: 2
apicid		: 0
initial apicid	: 0
fpu		: yes
fpu_exception	: yes
cpuid level	: 20
wp		: yes
flags		: fpu vme de pse tsc msr pae mce cx8 apic sep mtrr pge mca cmov pat pse36 clflush dts acpi mmx fxsr sse sse2 ss ht tm pbe syscall nx pdpe1gb rdtscp lm constant_tsc arch_perfmon pebs bts rep_good nopl xtopology nonstop_tsc cpuid aperfmperf pni pclmulqdq dtes64 monitor ds_cpl vmx est tm2 ssse3 sdbg fma cx16 xtpr pdcm pcid sse4_1 sse4_2 x2apic movbe popcnt tsc_deadline_timer aes xsave avx f16c rdrand lahf_lm abm 3dnowprefetch cpuid_fault epb invpcid_single pti ssbd ibrs ibpb stibp tpr_shadow vnmi flexpriority ept vpid fsgsbase tsc_adjust bmi1 avx2 smep bmi2 erms invpcid rdseed adx smap intel_pt xsaveopt dtherm ida arat pln pts flush_l1d
bugs		: cpu_meltdown spectre_v1 spectre_v2 spec_store_bypass l1tf
bogomips	: 4389.57
clflush size	: 64
cache_alignment	: 64
address sizes	: 39 bits physical, 48 bits virtual
power management:

processor	: 1
vendor_id	: GenuineIntel
cpu family	: 6
model		: 61
model name	: Intel(R) Core(TM) i5-5200U CPU @ 2.20GHz
stepping	: 4
microcode	: 0x2b
cpu MHz		: 2494.074
cache size	: 3072 KB
physical id	: 0
siblings	: 4
core id		: 1
cpu cores	: 2
apicid		: 2
initial apicid	: 2
fpu		: yes
fpu_exception	: yes
cpuid level	: 20
wp		: yes
flags		: fpu vme de pse tsc msr pae mce cx8 apic sep mtrr pge mca cmov pat pse36 clflush dts acpi mmx fxsr sse sse2 ss ht tm pbe syscall nx pdpe1gb rdtscp lm constant_tsc arch_perfmon pebs bts rep_good nopl xtopology nonstop_tsc cpuid aperfmperf pni pclmulqdq dtes64 monitor ds_cpl vmx est tm2 ssse3 sdbg fma cx16 xtpr pdcm pcid sse4_1 sse4_2 x2apic movbe popcnt tsc_deadline_timer aes xsave avx f16c rdrand lahf_lm abm 3dnowprefetch cpuid_fault epb invpcid_single pti ssbd ibrs ibpb stibp tpr_shadow vnmi flexpriority ept vpid fsgsbase tsc_adjust bmi1 avx2 smep bmi2 erms invpcid rdseed adx smap intel_pt xsaveopt dtherm ida arat pln pts flush_l1d
bugs		: cpu_meltdown spectre_v1 spectre_v2 spec_store_bypass l1tf
bogomips	: 4389.57
clflush size	: 64
cache_alignment	: 64
address sizes	: 39 bits physical, 48 bits virtual
power management:

processor	: 2
vendor_id	: GenuineIntel
cpu family	: 6
model		: 61
model name	: Intel(R) Core(TM) i5-5200U CPU @ 2.20GHz
stepping	: 4
microcode	: 0x2b
cpu MHz		: 2498.261
cache size	: 3072 KB
physical id	: 0
siblings	: 4
core id		: 0
cpu cores	: 2
apicid		: 1
initial apicid	: 1
fpu		: yes
fpu_exception	: yes
cpuid level	: 20
wp		: yes
flags		: fpu vme de pse tsc msr pae mce cx8 apic sep mtrr pge mca cmov pat pse36 clflush dts acpi mmx fxsr sse sse2 ss ht tm pbe syscall nx pdpe1gb rdtscp lm constant_tsc arch_perfmon pebs bts rep_good nopl xtopology nonstop_tsc cpuid aperfmperf pni pclmulqdq dtes64 monitor ds_cpl vmx est tm2 ssse3 sdbg fma cx16 xtpr pdcm pcid sse4_1 sse4_2 x2apic movbe popcnt tsc_deadline_timer aes xsave avx f16c rdrand lahf_lm abm 3dnowprefetch cpuid_fault epb invpcid_single pti ssbd ibrs ibpb stibp tpr_shadow vnmi flexpriority ept vpid fsgsbase tsc_adjust bmi1 avx2 smep bmi2 erms invpcid rdseed adx smap intel_pt xsaveopt dtherm ida arat pln pts flush_l1d
bugs		: cpu_meltdown spectre_v1 spectre_v2 spec_store_bypass l1tf
bogomips	: 4389.57
clflush size	: 64
cache_alignment	: 64
address sizes	: 39 bits physical, 48 bits virtual
power management:

processor	: 3
vendor_id	: GenuineIntel
cpu family	: 6
model		: 61
model name	: Intel(R) Core(TM) i5-5200U CPU @ 2.20GHz
stepping	: 4
microcode	: 0x2b
cpu MHz		: 2494.083
cache size	: 3072 KB
physical id	: 0
siblings	: 4
core id		: 1
cpu cores	: 2
apicid		: 3
initial apicid	: 3
fpu		: yes
fpu_exception	: yes
cpuid level	: 20
wp		: yes
flags		: fpu vme de pse tsc msr pae mce cx8 apic sep mtrr pge mca cmov pat pse36 clflush dts acpi mmx fxsr sse sse2 ss ht tm pbe syscall nx pdpe1gb rdtscp lm constant_tsc arch_perfmon pebs bts rep_good nopl xtopology nonstop_tsc cpuid aperfmperf pni pclmulqdq dtes64 monitor ds_cpl vmx est tm2 ssse3 sdbg fma cx16 xtpr pdcm pcid sse4_1 sse4_2 x2apic movbe popcnt tsc_deadline_timer aes xsave avx f16c rdrand lahf_lm abm 3dnowprefetch cpuid_fault epb invpcid_single pti ssbd ibrs ibpb stibp tpr_shadow vnmi flexpriority ept vpid fsgsbase tsc_adjust bmi1 avx2 smep bmi2 erms invpcid rdseed adx smap intel_pt xsaveopt dtherm ida arat pln pts flush_l1d
bugs		: cpu_meltdown spectre_v1 spectre_v2 spec_store_bypass l1tf
bogomips	: 4389.57
clflush size	: 64
cache_alignment	: 64
address sizes	: 39 bits physical, 48 bits virtual
power management:



Memory: 4k page, physical 3955524k(90184k free), swap 999420k(0k free)

vm_info: OpenJDK 64-Bit Server VM (25.191-b12) for linux-amd64 JRE (1.8.0_191-8u191-b12-2ubuntu0.18.04.1-b12), built on Jan 14 2019 21:02:00 by "buildd" with gcc 7.3.0

time: Mon Mar 11 13:51:30 2019
elapsed time: 6 seconds (0d 0h 0m 6s)

