#
# There is insufficient memory for the Java Runtime Environment to continue.
# Native memory allocation (mmap) failed to map 76021760 bytes for committing reserved memory.
# Possible reasons:
#   The system is out of physical RAM or swap space
#   In 32 bit mode, the process size limit was hit
# Possible solutions:
#   Reduce memory load on the system
#   Increase physical memory or swap space
#   Check if swap backing store is full
#   Use 64 bit Java on a 64 bit OS
#   Decrease Java heap size (-Xmx/-Xms)
#   Decrease number of Java threads
#   Decrease Java thread stack sizes (-Xss)
#   Set larger code cache with -XX:ReservedCodeCacheSize=
# This output file may be truncated or incomplete.
#
#  Out of Memory Error (os_linux.cpp:2746), pid=11024, tid=0x00007f30086cc700
#
# JRE version: OpenJDK Runtime Environment (8.0_191-b12) (build 1.8.0_191-8u191-b12-2ubuntu0.18.04.1-b12)
# Java VM: OpenJDK 64-Bit Server VM (25.191-b12 mixed mode linux-amd64 compressed oops)
# Failed to write core dump. Core dumps have been disabled. To enable core dumping, try "ulimit -c unlimited" before starting Java again
#

---------------  T H R E A D  ---------------

Current thread (0x00007f3020079800):  VMThread [stack: 0x00007f30085cd000,0x00007f30086cd000] [id=11053]

Stack: [0x00007f30085cd000,0x00007f30086cd000],  sp=0x00007f30086cb450,  free space=1017k
Native frames: (J=compiled Java code, j=interpreted, Vv=VM code, C=native code)
V  [libjvm.so+0xab2552]
V  [libjvm.so+0x4d9e37]
V  [libjvm.so+0x8ed5e0]
V  [libjvm.so+0x8e470e]
V  [libjvm.so+0x968466]
V  [libjvm.so+0x9697d8]
V  [libjvm.so+0x965dd6]
V  [libjvm.so+0x95e529]
V  [libjvm.so+0x455fe3]
V  [libjvm.so+0xab36c1]
V  [libjvm.so+0xab8dd6]
V  [libjvm.so+0xab7075]
V  [libjvm.so+0xab79ed]
V  [libjvm.so+0xab7dc7]
V  [libjvm.so+0x8ea992]

VM_Operation (0x00007f302738fac0): CollectForMetadataAllocation, mode: safepoint, requested by thread 0x00007f302000b800


---------------  P R O C E S S  ---------------

Java Threads: ( => current thread )
  0x00007f30200c9000 JavaThread "Service Thread" daemon [_thread_blocked, id=11060, stack(0x00007f30032aa000,0x00007f30033ab000)]
  0x00007f30200be000 JavaThread "C1 CompilerThread2" daemon [_thread_blocked, id=11059, stack(0x00007f30033ac000,0x00007f30034ac000)]
  0x00007f30200bc800 JavaThread "C2 CompilerThread1" daemon [_thread_blocked, id=11058, stack(0x00007f30080c8000,0x00007f30081c8000)]
  0x00007f30200b9800 JavaThread "C2 CompilerThread0" daemon [_thread_in_native, id=11057, stack(0x00007f30081c9000,0x00007f30082c9000)]
  0x00007f30200b8000 JavaThread "Signal Dispatcher" daemon [_thread_blocked, id=11056, stack(0x00007f30082c9000,0x00007f30083ca000)]
  0x00007f3020085800 JavaThread "Finalizer" daemon [_thread_blocked, id=11055, stack(0x00007f30083ca000,0x00007f30084cb000)]
  0x00007f3020083000 JavaThread "Reference Handler" daemon [_thread_blocked, id=11054, stack(0x00007f30084cb000,0x00007f30085cc000)]
  0x00007f302000b800 JavaThread "main" [_thread_blocked, id=11048, stack(0x00007f3027295000,0x00007f3027395000)]

Other Threads:
=>0x00007f3020079800 VMThread [stack: 0x00007f30085cd000,0x00007f30086cd000] [id=11053]
  0x00007f30200cb800 WatcherThread [stack: 0x00007f30031aa000,0x00007f30032aa000] [id=11061]

VM state:at safepoint (normal execution)

VM Mutex/Monitor currently owned by a thread:  ([mutex/lock_event])
[0x00007f3020007fc0] Threads_lock - owner thread: 0x00007f3020079800
[0x00007f30200084c0] Heap_lock - owner thread: 0x00007f302000b800

Heap:
 PSYoungGen      total 134144K, used 8085K [0x00000000ebe00000, 0x00000000f4d00000, 0x0000000100000000)
  eden space 124416K, 0% used [0x00000000ebe00000,0x00000000ebe00000,0x00000000f3780000)
  from space 9728K, 83% used [0x00000000f3780000,0x00000000f3f65570,0x00000000f4100000)
  to   space 7168K, 0% used [0x00000000f4100000,0x00000000f4100000,0x00000000f4800000)
 ParOldGen       total 42496K, used 14409K [0x00000000c3a00000, 0x00000000c6380000, 0x00000000ebe00000)
  object space 42496K, 33% used [0x00000000c3a00000,0x00000000c48126f8,0x00000000c6380000)
 Metaspace       used 20418K, capacity 21108K, committed 21248K, reserved 1069056K
  class space    used 2364K, capacity 2515K, committed 2560K, reserved 1048576K

Card table byte_map: [0x00007f3010641000,0x00007f3010825000] byte_map_base: 0x00007f3010024000

Marking Bits: (ParMarkBitMap*) 0x00007f302652f340
 Begin Bits: [0x00007f300a1d0000, 0x00007f300b0e8000)
 End Bits:   [0x00007f300b0e8000, 0x00007f300c000000)

Polling page: 0x00007f30273b0000

CodeCache: size=245760Kb used=12476Kb max_used=12476Kb free=233283Kb
 bounds [0x00007f3010be5000, 0x00007f3011825000, 0x00007f301fbe5000]
 total_blobs=4030 nmethods=3670 adapters=273
 compilation: enabled

Compilation events (10 events):
Event: 6,449 Thread 0x00007f30200be000 3693       3       java.lang.reflect.Modifier::isVolatile (13 bytes)
Event: 6,449 Thread 0x00007f30200be000 nmethod 3693 0x00007f3011819450 code [0x00007f30118195c0, 0x00007f3011819750]
Event: 6,449 Thread 0x00007f30200be000 3694       3       sun.reflect.UnsafeFieldAccessorImpl::<init> (56 bytes)
Event: 6,450 Thread 0x00007f30200be000 nmethod 3694 0x00007f30118197d0 code [0x00007f3011819980, 0x00007f301181a098]
Event: 6,450 Thread 0x00007f30200be000 3696       3       java.lang.CharacterDataLatin1::isJavaIdentifierPart (20 bytes)
Event: 6,450 Thread 0x00007f30200be000 nmethod 3696 0x00007f301181a290 code [0x00007f301181a400, 0x00007f301181a650]
Event: 6,450 Thread 0x00007f30200be000 3695       3       sun.reflect.FieldAccessorImpl::<init> (5 bytes)
Event: 6,450 Thread 0x00007f30200be000 nmethod 3695 0x00007f301181a790 code [0x00007f301181a900, 0x00007f301181ab10]
Event: 6,452 Thread 0x00007f30200be000 3697   !   3       org.eclipse.sisu.inject.InjectorBindings::getWildcardBindings (152 bytes)
Event: 6,454 Thread 0x00007f30200be000 nmethod 3697 0x00007f301181ac10 code [0x00007f301181aea0, 0x00007f301181c238]

GC Heap History (10 events):
Event: 1,460 GC heap after
Heap after GC invocations=4 (full 0):
 PSYoungGen      total 34304K, used 2544K [0x00000000ebe00000, 0x00000000ee200000, 0x0000000100000000)
  eden space 31744K, 0% used [0x00000000ebe00000,0x00000000ebe00000,0x00000000edd00000)
  from space 2560K, 99% used [0x00000000edf80000,0x00000000ee1fc010,0x00000000ee200000)
  to   space 2560K, 0% used [0x00000000edd00000,0x00000000edd00000,0x00000000edf80000)
 ParOldGen       total 42496K, used 4048K [0x00000000c3a00000, 0x00000000c6380000, 0x00000000ebe00000)
  object space 42496K, 9% used [0x00000000c3a00000,0x00000000c3df4090,0x00000000c6380000)
 Metaspace       used 11088K, capacity 11298K, committed 11520K, reserved 1058816K
  class space    used 1359K, capacity 1443K, committed 1536K, reserved 1048576K
}
Event: 2,144 GC heap before
{Heap before GC invocations=5 (full 0):
 PSYoungGen      total 34304K, used 34288K [0x00000000ebe00000, 0x00000000ee200000, 0x0000000100000000)
  eden space 31744K, 100% used [0x00000000ebe00000,0x00000000edd00000,0x00000000edd00000)
  from space 2560K, 99% used [0x00000000edf80000,0x00000000ee1fc010,0x00000000ee200000)
  to   space 2560K, 0% used [0x00000000edd00000,0x00000000edd00000,0x00000000edf80000)
 ParOldGen       total 42496K, used 4048K [0x00000000c3a00000, 0x00000000c6380000, 0x00000000ebe00000)
  object space 42496K, 9% used [0x00000000c3a00000,0x00000000c3df4090,0x00000000c6380000)
 Metaspace       used 13721K, capacity 13914K, committed 14208K, reserved 1060864K
  class space    used 1689K, capacity 1799K, committed 1920K, reserved 1048576K
Event: 2,155 GC heap after
Heap after GC invocations=5 (full 0):
 PSYoungGen      total 34304K, used 2560K [0x00000000ebe00000, 0x00000000f0800000, 0x0000000100000000)
  eden space 31744K, 0% used [0x00000000ebe00000,0x00000000ebe00000,0x00000000edd00000)
  from space 2560K, 100% used [0x00000000edd00000,0x00000000edf80000,0x00000000edf80000)
  to   space 6144K, 0% used [0x00000000f0200000,0x00000000f0200000,0x00000000f0800000)
 ParOldGen       total 42496K, used 6835K [0x00000000c3a00000, 0x00000000c6380000, 0x00000000ebe00000)
  object space 42496K, 16% used [0x00000000c3a00000,0x00000000c40acf58,0x00000000c6380000)
 Metaspace       used 13721K, capacity 13914K, committed 14208K, reserved 1060864K
  class space    used 1689K, capacity 1799K, committed 1920K, reserved 1048576K
}
Event: 3,020 GC heap before
{Heap before GC invocations=6 (full 0):
 PSYoungGen      total 34304K, used 34304K [0x00000000ebe00000, 0x00000000f0800000, 0x0000000100000000)
  eden space 31744K, 100% used [0x00000000ebe00000,0x00000000edd00000,0x00000000edd00000)
  from space 2560K, 100% used [0x00000000edd00000,0x00000000edf80000,0x00000000edf80000)
  to   space 6144K, 0% used [0x00000000f0200000,0x00000000f0200000,0x00000000f0800000)
 ParOldGen       total 42496K, used 6835K [0x00000000c3a00000, 0x00000000c6380000, 0x00000000ebe00000)
  object space 42496K, 16% used [0x00000000c3a00000,0x00000000c40acf58,0x00000000c6380000)
 Metaspace       used 15944K, capacity 16250K, committed 16384K, reserved 1062912K
  class space    used 1912K, capacity 2008K, committed 2048K, reserved 1048576K
Event: 3,068 GC heap after
Heap after GC invocations=6 (full 0):
 PSYoungGen      total 69632K, used 5082K [0x00000000ebe00000, 0x00000000f0800000, 0x0000000100000000)
  eden space 63488K, 0% used [0x00000000ebe00000,0x00000000ebe00000,0x00000000efc00000)
  from space 6144K, 82% used [0x00000000f0200000,0x00000000f06f6a58,0x00000000f0800000)
  to   space 6144K, 0% used [0x00000000efc00000,0x00000000efc00000,0x00000000f0200000)
 ParOldGen       total 42496K, used 6843K [0x00000000c3a00000, 0x00000000c6380000, 0x00000000ebe00000)
  object space 42496K, 16% used [0x00000000c3a00000,0x00000000c40aef58,0x00000000c6380000)
 Metaspace       used 15944K, capacity 16250K, committed 16384K, reserved 1062912K
  class space    used 1912K, capacity 2008K, committed 2048K, reserved 1048576K
}
Event: 4,154 GC heap before
{Heap before GC invocations=7 (full 0):
 PSYoungGen      total 69632K, used 68570K [0x00000000ebe00000, 0x00000000f0800000, 0x0000000100000000)
  eden space 63488K, 100% used [0x00000000ebe00000,0x00000000efc00000,0x00000000efc00000)
  from space 6144K, 82% used [0x00000000f0200000,0x00000000f06f6a58,0x00000000f0800000)
  to   space 6144K, 0% used [0x00000000efc00000,0x00000000efc00000,0x00000000f0200000)
 ParOldGen       total 42496K, used 6843K [0x00000000c3a00000, 0x00000000c6380000, 0x00000000ebe00000)
  object space 42496K, 16% used [0x00000000c3a00000,0x00000000c40aef58,0x00000000c6380000)
 Metaspace       used 16472K, capacity 16716K, committed 16896K, reserved 1064960K
  class space    used 1917K, capacity 2011K, committed 2048K, reserved 1048576K
Event: 4,166 GC heap after
Heap after GC invocations=7 (full 0):
 PSYoungGen      total 69632K, used 6080K [0x00000000ebe00000, 0x00000000f4800000, 0x0000000100000000)
  eden space 63488K, 0% used [0x00000000ebe00000,0x00000000ebe00000,0x00000000efc00000)
  from space 6144K, 98% used [0x00000000efc00000,0x00000000f01f0020,0x00000000f0200000)
  to   space 7168K, 0% used [0x00000000f4100000,0x00000000f4100000,0x00000000f4800000)
 ParOldGen       total 42496K, used 7995K [0x00000000c3a00000, 0x00000000c6380000, 0x00000000ebe00000)
  object space 42496K, 18% used [0x00000000c3a00000,0x00000000c41cefe8,0x00000000c6380000)
 Metaspace       used 16472K, capacity 16716K, committed 16896K, reserved 1064960K
  class space    used 1917K, capacity 2011K, committed 2048K, reserved 1048576K
}
Event: 5,237 GC heap before
{Heap before GC invocations=8 (full 0):
 PSYoungGen      total 69632K, used 69568K [0x00000000ebe00000, 0x00000000f4800000, 0x0000000100000000)
  eden space 63488K, 100% used [0x00000000ebe00000,0x00000000efc00000,0x00000000efc00000)
  from space 6144K, 98% used [0x00000000efc00000,0x00000000f01f0020,0x00000000f0200000)
  to   space 7168K, 0% used [0x00000000f4100000,0x00000000f4100000,0x00000000f4800000)
 ParOldGen       total 42496K, used 7995K [0x00000000c3a00000, 0x00000000c6380000, 0x00000000ebe00000)
  object space 42496K, 18% used [0x00000000c3a00000,0x00000000c41cefe8,0x00000000c6380000)
 Metaspace       used 18770K, capacity 19090K, committed 19328K, reserved 1067008K
  class space    used 2206K, capacity 2354K, committed 2432K, reserved 1048576K
Event: 5,255 GC heap after
Heap after GC invocations=8 (full 0):
 PSYoungGen      total 131584K, used 7152K [0x00000000ebe00000, 0x00000000f4d00000, 0x0000000100000000)
  eden space 124416K, 0% used [0x00000000ebe00000,0x00000000ebe00000,0x00000000f3780000)
  from space 7168K, 99% used [0x00000000f4100000,0x00000000f47fc010,0x00000000f4800000)
  to   space 9728K, 0% used [0x00000000f3780000,0x00000000f3780000,0x00000000f4100000)
 ParOldGen       total 42496K, used 12353K [0x00000000c3a00000, 0x00000000c6380000, 0x00000000ebe00000)
  object space 42496K, 29% used [0x00000000c3a00000,0x00000000c46106a8,0x00000000c6380000)
 Metaspace       used 18770K, capacity 19090K, committed 19328K, reserved 1067008K
  class space    used 2206K, capacity 2354K, committed 2432K, reserved 1048576K
}
Event: 6,525 GC heap before
{Heap before GC invocations=9 (full 0):
 PSYoungGen      total 131584K, used 49411K [0x00000000ebe00000, 0x00000000f4d00000, 0x0000000100000000)
  eden space 124416K, 33% used [0x00000000ebe00000,0x00000000ee744d08,0x00000000f3780000)
  from space 7168K, 99% used [0x00000000f4100000,0x00000000f47fc010,0x00000000f4800000)
  to   space 9728K, 0% used [0x00000000f3780000,0x00000000f3780000,0x00000000f4100000)
 ParOldGen       total 42496K, used 12353K [0x00000000c3a00000, 0x00000000c6380000, 0x00000000ebe00000)
  object space 42496K, 29% used [0x00000000c3a00000,0x00000000c46106a8,0x00000000c6380000)
 Metaspace       used 20418K, capacity 21108K, committed 21248K, reserved 1069056K
  class space    used 2364K, capacity 2515K, committed 2560K, reserved 1048576K

Deoptimization events (10 events):
Event: 4,923 Thread 0x00007f302000b800 Uncommon trap: reason=class_check action=maybe_recompile pc=0x00007f3011474bf4 method=java.util.regex.Pattern$CharProperty$1.isSatisfiedBy(I)Z @ 5
Event: 4,923 Thread 0x00007f302000b800 Uncommon trap: reason=class_check action=maybe_recompile pc=0x00007f3011474be0 method=java.util.regex.Pattern$7.isSatisfiedBy(I)Z @ 16
Event: 4,923 Thread 0x00007f302000b800 Uncommon trap: reason=class_check action=maybe_recompile pc=0x00007f3011474be0 method=java.util.regex.Pattern$7.isSatisfiedBy(I)Z @ 16
Event: 4,923 Thread 0x00007f302000b800 Uncommon trap: reason=class_check action=maybe_recompile pc=0x00007f30114bcd34 method=java.util.regex.Pattern$CharProperty$1.isSatisfiedBy(I)Z @ 5
Event: 4,923 Thread 0x00007f302000b800 Uncommon trap: reason=class_check action=maybe_recompile pc=0x00007f30114bcd34 method=java.util.regex.Pattern$CharProperty$1.isSatisfiedBy(I)Z @ 5
Event: 4,923 Thread 0x00007f302000b800 Uncommon trap: reason=class_check action=maybe_recompile pc=0x00007f30114bcd34 method=java.util.regex.Pattern$CharProperty$1.isSatisfiedBy(I)Z @ 5
Event: 5,181 Thread 0x00007f302000b800 Uncommon trap: reason=unstable_if action=reinterpret pc=0x00007f3010fa07d4 method=java.util.HashMap.getNode(ILjava/lang/Object;)Ljava/util/HashMap$Node; @ 53
Event: 5,383 Thread 0x00007f302000b800 Uncommon trap: reason=unstable_if action=reinterpret pc=0x00007f30115843c4 method=java.util.WeakHashMap.expungeStaleEntries()V @ 66
Event: 6,440 Thread 0x00007f302000b800 Uncommon trap: reason=unstable_if action=reinterpret pc=0x00007f301170a70c method=com.google.inject.internal.InjectorImpl.callInContext(Lcom/google/inject/internal/ContextualCallable;)Ljava/lang/Object; @ 161
Event: 6,442 Thread 0x00007f302000b800 Uncommon trap: reason=unstable_if action=reinterpret pc=0x00007f301172194c method=com.google.inject.internal.InjectorImpl.callInContext(Lcom/google/inject/internal/ContextualCallable;)Ljava/lang/Object; @ 161

Classes redefined (0 events):
No events

Internal exceptions (10 events):
Event: 2,423 Thread 0x00007f302000b800 Exception <a 'java/lang/NullPointerException'> (0x00000000ec79ebb0) thrown at [/build/openjdk-8-5w_p1G/openjdk-8-8u191-b12/src/hotspot/src/share/vm/interpreter/linkResolver.cpp, line 1185]
Event: 2,423 Thread 0x00007f302000b800 Exception <a 'java/lang/NullPointerException'> (0x00000000ec7a5898) thrown at [/build/openjdk-8-5w_p1G/openjdk-8-8u191-b12/src/hotspot/src/share/vm/interpreter/linkResolver.cpp, line 1185]
Event: 2,423 Thread 0x00007f302000b800 Exception <a 'java/lang/NullPointerException'> (0x00000000ec7a5ab0) thrown at [/build/openjdk-8-5w_p1G/openjdk-8-8u191-b12/src/hotspot/src/share/vm/interpreter/linkResolver.cpp, line 1185]
Event: 2,423 Thread 0x00007f302000b800 Exception <a 'java/lang/NullPointerException'> (0x00000000ec7a5cc8) thrown at [/build/openjdk-8-5w_p1G/openjdk-8-8u191-b12/src/hotspot/src/share/vm/interpreter/linkResolver.cpp, line 1185]
Event: 4,037 Thread 0x00007f302000b800 Implicit null exception at 0x00007f30114bd63c to 0x00007f30114be119
Event: 4,535 Thread 0x00007f302000b800 Exception <a 'java/lang/NoClassDefFoundError': org/sonatype/aether/version/VersionConstraint> (0x00000000ed485d60) thrown at [/build/openjdk-8-5w_p1G/openjdk-8-8u191-b12/src/hotspot/src/share/vm/classfile/systemDictionary.cpp, line 199]
Event: 4,815 Thread 0x00007f302000b800 Implicit null exception at 0x00007f3010f6a535 to 0x00007f3010f6a73d
Event: 4,815 Thread 0x00007f302000b800 Implicit null exception at 0x00007f3010f0316f to 0x00007f3010f031d9
Event: 6,440 Thread 0x00007f302000b800 Implicit null exception at 0x00007f3011708286 to 0x00007f301170a6f5
Event: 6,442 Thread 0x00007f302000b800 Implicit null exception at 0x00007f301171fae1 to 0x00007f3011721941

Events (10 events):
Event: 6,516 loading class org/codehaus/plexus/logging/Logger done
Event: 6,517 loading class javax/tools/ToolProvider
Event: 6,519 loading class javax/tools/ToolProvider done
Event: 6,519 loading class org/codehaus/plexus/util/StringUtils
Event: 6,519 loading class org/codehaus/plexus/util/StringUtils done
Event: 6,519 loading class org/codehaus/plexus/util/StringUtils
Event: 6,519 loading class org/codehaus/plexus/util/StringUtils done
Event: 6,519 loading class org/codehaus/plexus/util/StringUtils
Event: 6,519 loading class org/codehaus/plexus/util/StringUtils done
Event: 6,523 Executing VM operation: CollectForMetadataAllocation


Dynamic libraries:
c3a00000-c6380000 rw-p 00000000 00:00 0 
c6380000-ebe00000 ---p 00000000 00:00 0 
ebe00000-f4d00000 rw-p 00000000 00:00 0 
f9580000-100000000 ---p 00000000 00:00 0 
100000000-100280000 rw-p 00000000 00:00 0 
100280000-140000000 ---p 00000000 00:00 0 
5645b1752000-5645b1753000 r-xp 00000000 fd:00 2890028                    /usr/lib/jvm/java-8-openjdk-amd64/jre/bin/java
5645b1952000-5645b1953000 r--p 00000000 fd:00 2890028                    /usr/lib/jvm/java-8-openjdk-amd64/jre/bin/java
5645b1953000-5645b1954000 rw-p 00001000 fd:00 2890028                    /usr/lib/jvm/java-8-openjdk-amd64/jre/bin/java
5645b213f000-5645b2160000 rw-p 00000000 00:00 0                          [heap]
7f2fd4000000-7f2fd4021000 rw-p 00000000 00:00 0 
7f2fd4021000-7f2fd8000000 ---p 00000000 00:00 0 
7f2fd8000000-7f2fd8021000 rw-p 00000000 00:00 0 
7f2fd8021000-7f2fdc000000 ---p 00000000 00:00 0 
7f2fdc000000-7f2fddc4e000 rw-p 00000000 00:00 0 
7f2fddc4e000-7f2fe0000000 ---p 00000000 00:00 0 
7f2fe0000000-7f2fe1597000 rw-p 00000000 00:00 0 
7f2fe1597000-7f2fe4000000 ---p 00000000 00:00 0 
7f2fe4000000-7f2fe4021000 rw-p 00000000 00:00 0 
7f2fe4021000-7f2fe8000000 ---p 00000000 00:00 0 
7f2fe8000000-7f2fea437000 rw-p 00000000 00:00 0 
7f2fea437000-7f2fec000000 ---p 00000000 00:00 0 
7f2fec000000-7f2fec021000 rw-p 00000000 00:00 0 
7f2fec021000-7f2ff0000000 ---p 00000000 00:00 0 
7f2ff0000000-7f2ff0021000 rw-p 00000000 00:00 0 
7f2ff0021000-7f2ff4000000 ---p 00000000 00:00 0 
7f2ff4000000-7f2ff4021000 rw-p 00000000 00:00 0 
7f2ff4021000-7f2ff8000000 ---p 00000000 00:00 0 
7f2ff8000000-7f2ff8021000 rw-p 00000000 00:00 0 
7f2ff8021000-7f2ffc000000 ---p 00000000 00:00 0 
7f2ffc000000-7f2ffc021000 rw-p 00000000 00:00 0 
7f2ffc021000-7f3000000000 ---p 00000000 00:00 0 
7f3001f9c000-7f300219c000 rw-p 00000000 00:00 0 
7f30021fa000-7f3002201000 r--s 00000000 fd:00 2886065                    /usr/lib/x86_64-linux-gnu/gconv/gconv-modules.cache
7f3002201000-7f3002218000 r--p 00000000 fd:00 3152224                    /usr/share/locale-langpack/hu/LC_MESSAGES/libc.mo
7f3002218000-7f3002258000 rw-p 00000000 00:00 0 
7f3002258000-7f3002418000 ---p 00000000 00:00 0 
7f3002418000-7f300241a000 r--s 00004000 fd:00 6557117                    /home/marxj/.m2/repository/org/codehaus/plexus/plexus-compiler-javac/2.8.4/plexus-compiler-javac-2.8.4.jar
7f300241a000-7f300241c000 r--s 00000000 fd:00 6557115                    /home/marxj/.m2/repository/org/codehaus/plexus/plexus-compiler-manager/2.8.4/plexus-compiler-manager-2.8.4.jar
7f300241c000-7f300241e000 r--s 00005000 fd:00 6557114                    /home/marxj/.m2/repository/org/codehaus/plexus/plexus-compiler-api/2.8.4/plexus-compiler-api-2.8.4.jar
7f300241e000-7f3002425000 r--s 00047000 fd:00 6557111                    /home/marxj/.m2/repository/com/thoughtworks/qdox/qdox/2.0-M9/qdox-2.0-M9.jar
7f3002425000-7f3002427000 r--s 0001a000 fd:00 6557109                    /home/marxj/.m2/repository/org/ow2/asm/asm/6.2/asm-6.2.jar
7f3002427000-7f3002429000 r--s 00008000 fd:00 5251347                    /home/marxj/.m2/repository/org/codehaus/plexus/plexus-java/0.9.10/plexus-java-0.9.10.jar
7f3002429000-7f300242b000 r--s 00002000 fd:00 6555553                    /home/marxj/.m2/repository/org/apache/maven/shared/maven-shared-incremental/1.1/maven-shared-incremental-1.1.jar
7f300242b000-7f300242e000 r--s 00026000 fd:00 6557107                    /home/marxj/.m2/repository/org/apache/maven/shared/maven-shared-utils/3.2.1/maven-shared-utils-3.2.1.jar
7f300242e000-7f3002430000 r--s 0000d000 fd:00 6556386                    /home/marxj/.m2/repository/org/codehaus/plexus/plexus-interpolation/1.14/plexus-interpolation-1.14.jar
7f3002430000-7f3002434000 r--s 00033000 fd:00 6557105                    /home/marxj/.m2/repository/org/codehaus/plexus/plexus-utils/2.0.4/plexus-utils-2.0.4.jar
7f3002434000-7f3002436000 r--s 0000e000 fd:00 6556799                    /home/marxj/.m2/repository/org/apache/maven/plugins/maven-compiler-plugin/3.8.0/maven-compiler-plugin-3.8.0.jar
7f3002436000-7f3002439000 r--s 00011000 fd:00 6557052                    /home/marxj/.m2/repository/org/codehaus/plexus/plexus-interpolation/1.24/plexus-interpolation-1.24.jar
7f3002439000-7f300243d000 r--s 0002f000 fd:00 6557050                    /home/marxj/.m2/repository/commons-io/commons-io/2.5/commons-io-2.5.jar
7f300243d000-7f300243f000 r--s 00001000 fd:00 6557047                    /home/marxj/.m2/repository/org/sonatype/plexus/plexus-build-api/0.0.7/plexus-build-api-0.0.7.jar
7f300243f000-7f3002441000 r--s 00006000 fd:00 6555551                    /home/marxj/.m2/repository/com/google/code/findbugs/jsr305/2.0.1/jsr305-2.0.1.jar
7f3002441000-7f3002444000 r--s 00023000 fd:00 6557043                    /home/marxj/.m2/repository/org/apache/maven/shared/maven-shared-utils/3.0.0/maven-shared-utils-3.0.0.jar
7f3002444000-7f3002446000 r--s 0000b000 fd:00 6557041                    /home/marxj/.m2/repository/org/apache/maven/shared/maven-filtering/3.1.1/maven-filtering-3.1.1.jar
7f3002446000-7f300244a000 r--s 0003c000 fd:00 6557045                    /home/marxj/.m2/repository/org/codehaus/plexus/plexus-utils/3.1.0/plexus-utils-3.1.0.jar
7f300244a000-7f300244c000 r--s 00000000 fd:00 6557039                    /home/marxj/.m2/repository/org/codehaus/plexus/plexus-component-annotations/1.7.1/plexus-component-annotations-1.7.1.jar
7f300244c000-7f3002450000 r--s 00017000 fd:00 6556362                    /home/marxj/.m2/repository/org/sonatype/aether/aether-util/1.7/aether-util-1.7.jar
7f3002450000-7f300245b000 r--s 00069000 fd:00 6556363                    /home/marxj/.m2/repository/org/sonatype/sisu/sisu-guice/2.1.7/sisu-guice-2.1.7-noaop.jar
7f300245b000-7f3002460000 r--s 00021000 fd:00 6556382                    /home/marxj/.m2/repository/org/sonatype/sisu/sisu-inject-bean/1.4.2/sisu-inject-bean-1.4.2.jar
7f3002460000-7f3002461000 r--s 00007000 fd:00 5508276                    /home/marxj/.m2/repository/org/apache/maven/plugins/maven-resources-plugin/3.1.0/maven-resources-plugin-3.1.0.jar
7f3002461000-7f3002465000 r--s 00034000 fd:00 5114905                    /home/marxj/.m2/repository/org/codehaus/plexus/plexus-utils/3.0/plexus-utils-3.0.jar
7f3002465000-7f3002467000 r--s 00005000 fd:00 5114875                    /home/marxj/.m2/repository/org/apache/maven/plugins/maven-clean-plugin/2.5/maven-clean-plugin-2.5.jar
7f3002467000-7f3002667000 rw-p 00000000 00:00 0 
7f3002667000-7f3002669000 r--s 00004000 fd:00 6555198                    /home/marxj/.m2/repository/org/apache/maven/maven-archiver/2.5/maven-archiver-2.5.jar
7f3002669000-7f300266b000 r--s 00005000 fd:00 6556790                    /home/marxj/.m2/repository/org/apache/maven/plugins/maven-jar-plugin/2.5/maven-jar-plugin-2.5.jar
7f300266b000-7f3002679000 r--s 0007f000 fd:00 6556466                    /home/marxj/.m2/repository/commons-collections/commons-collections/3.2.1/commons-collections-3.2.1.jar
7f3002679000-7f300267e000 r--s 00041000 fd:00 6556789                    /home/marxj/.m2/repository/commons-lang/commons-lang/2.6/commons-lang-2.6.jar
7f300267e000-7f3002680000 r--s 00006000 fd:00 6556787                    /home/marxj/.m2/repository/org/apache/maven/shared/maven-invoker/2.1.1/maven-invoker-2.1.1.jar
7f3002680000-7f3002682000 r--s 00006000 fd:00 6556785                    /home/marxj/.m2/repository/org/apache/maven/shared/maven-common-artifact-filters/1.4/maven-common-artifact-filters-1.4.jar
7f3002682000-7f3002686000 r--s 0001d000 fd:00 5251305                    /home/marxj/.m2/repository/org/eclipse/aether/aether-util/0.9.0.M2/aether-util-0.9.0.M2.jar
7f3002686000-7f3002689000 r--s 0000d000 fd:00 6556783                    /home/marxj/.m2/repository/org/apache/maven/shared/maven-dependency-tree/2.2/maven-dependency-tree-2.2.jar
7f3002689000-7f300268a000 r--s 0000c000 fd:00 6556781                    /home/marxj/.m2/repository/org/ow2/asm/asm/5.0.2/asm-5.0.2.jar
7f300268a000-7f300268c000 r--s 00006000 fd:00 6556779                    /home/marxj/.m2/repository/org/apache/maven/shared/maven-dependency-analyzer/1.5/maven-dependency-analyzer-1.5.jar
7f300268c000-7f300268f000 r--s 0000c000 fd:00 6556777                    /home/marxj/.m2/repository/org/codehaus/plexus/plexus-io/2.0.9/plexus-io-2.0.9.jar
7f300268f000-7f3002691000 r--s 00008000 fd:00 6556773                    /home/marxj/.m2/repository/org/apache/maven/shared/maven-shared-io/1.1/maven-shared-io-1.1.jar
7f3002691000-7f3002693000 r--s 00008000 fd:00 6556772                    /home/marxj/.m2/repository/org/apache/maven/shared/file-management/1.2.1/file-management-1.2.1.jar
7f3002693000-7f3002697000 r--s 00037000 fd:00 5508267                    /home/marxj/.m2/repository/org/codehaus/plexus/plexus-utils/3.0.15/plexus-utils-3.0.15.jar
7f3002697000-7f300269b000 r--s 00014000 fd:00 5508265                    /home/marxj/.m2/repository/org/tukaani/xz/1.2/xz-1.2.jar
7f300269b000-7f30026a0000 r--s 0003a000 fd:00 5640573                    /home/marxj/.m2/repository/org/apache/commons/commons-compress/1.5/commons-compress-1.5.jar
7f30026a0000-7f30026a5000 r--s 00024000 fd:00 6556758                    /home/marxj/.m2/repository/org/codehaus/plexus/plexus-archiver/2.4.4/plexus-archiver-2.4.4.jar
7f30026a5000-7f30026a7000 r--s 00000000 fd:00 6555556                    /home/marxj/.m2/repository/org/codehaus/plexus/plexus-component-annotations/1.5.5/plexus-component-annotations-1.5.5.jar
7f30026a7000-7f30026aa000 r--s 0001b000 fd:00 6556462                    /home/marxj/.m2/repository/org/apache/struts/struts-tiles/1.3.8/struts-tiles-1.3.8.jar
7f30026aa000-7f30026af000 r--s 00039000 fd:00 6556460                    /home/marxj/.m2/repository/org/apache/struts/struts-taglib/1.3.8/struts-taglib-1.3.8.jar
7f30026af000-7f30026b4000 r--s 00053000 fd:00 6556433                    /home/marxj/.m2/repository/antlr/antlr/2.7.2/antlr-2.7.2.jar
7f30026b4000-7f30026ba000 r--s 0004b000 fd:00 5907950                    /home/marxj/.m2/repository/org/apache/struts/struts-core/1.3.8/struts-core-1.3.8.jar
7f30026ba000-7f30026bc000 r--s 00005000 fd:00 6556456                    /home/marxj/.m2/repository/sslext/sslext/1.2-0/sslext-1.2-0.jar
7f30026bc000-7f30026c4000 r--s 00068000 fd:00 6556455                    /home/marxj/.m2/repository/dom4j/dom4j/1.1/dom4j-1.1.jar
7f30026c4000-7f30026c6000 r--s 00014000 fd:00 6556450                    /home/marxj/.m2/repository/commons-chain/commons-chain/1.1/commons-chain-1.1.jar
7f30026c6000-7f30026cc000 r--s 0004f000 fd:00 6294322                    /home/marxj/.m2/repository/org/apache/velocity/velocity-tools/2.0/velocity-tools-2.0.jar
7f30026cc000-7f30026ce000 r--s 0000e000 fd:00 6556478                    /home/marxj/.m2/repository/oro/oro/2.0.8/oro-2.0.8.jar
7f30026ce000-7f30026d6000 r--s 00058000 fd:00 5907952                    /home/marxj/.m2/repository/org/apache/velocity/velocity/1.5/velocity-1.5.jar
7f30026d6000-7f30026d7000 r--s 00001000 fd:00 6556766                    /home/marxj/.m2/repository/org/codehaus/plexus/plexus-velocity/1.1.7/plexus-velocity-1.1.7.jar
7f30026d7000-7f30026d8000 r--s 00002000 fd:00 6556475                    /home/marxj/.m2/repository/org/codehaus/plexus/plexus-i18n/1.0-beta-7/plexus-i18n-1.0-beta-7.jar
7f30026d8000-7f30026da000 r--s 00008000 fd:00 6556426                    /home/marxj/.m2/repository/org/apache/maven/doxia/doxia-module-fml/1.4/doxia-module-fml-1.4.jar
7f30026da000-7f30026db000 r--s 00003000 fd:00 6556420                    /home/marxj/.m2/repository/org/apache/maven/doxia/doxia-module-xhtml/1.4/doxia-module-xhtml-1.4.jar
7f30026db000-7f30026dc000 r--s 0000e000 fd:00 6556443                    /home/marxj/.m2/repository/org/apache/maven/doxia/doxia-decoration-model/1.4/doxia-decoration-model-1.4.jar
7f30026dc000-7f30026de000 r--s 0000b000 fd:00 6556444                    /home/marxj/.m2/repository/org/apache/maven/doxia/doxia-site-renderer/1.4/doxia-site-renderer-1.4.jar
7f30026de000-7f30026df000 r--s 00002000 fd:00 6556406                    /home/marxj/.m2/repository/org/apache/maven/doxia/doxia-logging-api/1.4/doxia-logging-api-1.4.jar
7f30026df000-7f30026e0000 r--s 00002000 fd:00 6556405                    /home/marxj/.m2/repository/org/apache/maven/doxia/doxia-sink-api/1.4/doxia-sink-api-1.4.jar
7f30026e0000-7f30026e3000 r--s 00018000 fd:00 6556490                    /home/marxj/.m2/repository/commons-io/commons-io/1.4/commons-io-1.4.jar
7f30026e3000-7f30026e5000 r--s 00008000 fd:00 6556764                    /home/marxj/.m2/repository/commons-logging/commons-logging/1.0.4/commons-logging-1.0.4.jar
7f30026e5000-7f30026e9000 r--s 00026000 fd:00 6556763                    /home/marxj/.m2/repository/commons-digester/commons-digester/1.6/commons-digester-1.6.jar
7f30026e9000-7f30026ee000 r--s 0002a000 fd:00 6556435                    /home/marxj/.m2/repository/commons-beanutils/commons-beanutils/1.7.0/commons-beanutils-1.7.0.jar
7f30026ee000-7f30026f1000 r--s 0001f000 fd:00 6556452                    /home/marxj/.m2/repository/commons-validator/commons-validator/1.3.1/commons-validator-1.3.1.jar
7f30026f1000-7f30026f3000 r--s 0000a000 fd:00 6556419                    /home/marxj/.m2/repository/commons-codec/commons-codec/1.3/commons-codec-1.3.jar
7f30026f3000-7f30026f8000 r--s 00026000 fd:00 6294320                    /home/marxj/.m2/repository/org/apache/httpcomponents/httpcore/4.0.1/httpcore-4.0.1.jar
7f30026f8000-7f30026ff000 r--s 00041000 fd:00 5772885                    /home/marxj/.m2/repository/org/apache/httpcomponents/httpclient/4.0.2/httpclient-4.0.2.jar
7f30026ff000-7f3002707000 r--s 00028000 fd:00 6556415                    /home/marxj/.m2/repository/xml-apis/xml-apis/1.3.04/xml-apis-1.3.04.jar
7f3002707000-7f300271f000 r--s 00115000 fd:00 6556412                    /home/marxj/.m2/repository/xerces/xercesImpl/2.9.1/xercesImpl-2.9.1.jar
7f300271f000-7f3002723000 r--s 00022000 fd:00 6556761                    /home/marxj/.m2/repository/org/apache/maven/doxia/doxia-core/1.2/doxia-core-1.2.jar
7f3002723000-7f3002725000 r--s 00003000 fd:00 6556759                    /home/marxj/.m2/repository/org/apache/maven/reporting/maven-reporting-impl/2.2/maven-reporting-impl-2.2.jar
7f3002725000-7f3002726000 r--s 00002000 fd:00 6556360                    /home/marxj/.m2/repository/org/apache/maven/reporting/maven-reporting-api/3.0/maven-reporting-api-3.0.jar
7f3002726000-7f300272e000 r--s 00049000 fd:00 6556727                    /home/marxj/.m2/repository/backport-util-concurrent/backport-util-concurrent/3.1/backport-util-concurrent-3.1.jar
7f300272e000-7f3002730000 r--s 00002000 fd:00 6556394                    /home/marxj/.m2/repository/org/sonatype/plexus/plexus-cipher/1.4/plexus-cipher-1.4.jar
7f3002730000-7f3002731000 r--s 00006000 fd:00 6556390                    /home/marxj/.m2/repository/org/sonatype/plexus/plexus-sec-dispatcher/1.3/plexus-sec-dispatcher-1.3.jar
7f3002731000-7f3002733000 r--s 00002000 fd:00 6555129                    /home/marxj/.m2/repository/org/codehaus/plexus/plexus-interactivity-api/1.0-alpha-4/plexus-interactivity-api-1.0-alpha-4.jar
7f3002733000-7f3002735000 r--s 00009000 fd:00 6556749                    /home/marxj/.m2/repository/commons-cli/commons-cli/1.2/commons-cli-1.2.jar
7f3002735000-7f3002737000 r--s 00003000 fd:00 6556743                    /home/marxj/.m2/repository/org/slf4j/jcl-over-slf4j/1.5.6/jcl-over-slf4j-1.5.6.jar
7f3002737000-7f3002739000 r--s 00001000 fd:00 5377749                    /home/marxj/.m2/repository/org/slf4j/slf4j-jdk14/1.5.6/slf4j-jdk14-1.5.6.jar
7f3002739000-7f300273c000 r--s 0001b000 fd:00 6555139                    /home/marxj/.m2/repository/junit/junit/3.8.1/junit-3.8.1.jar
7f300273c000-7f300273e000 r--s 0000b000 fd:00 6556735                    /home/marxj/.m2/repository/org/codehaus/plexus/plexus-interpolation/1.11/plexus-interpolation-1.11.jar
7f300273e000-7f3002741000 r--s 00024000 fd:00 5508263                    /home/marxj/.m2/repository/org/apache/maven/plugins/maven-dependency-plugin/2.9/maven-dependency-plugin-2.9.jar
7f3002741000-7f3002743000 r--s 00005000 fd:00 4983467                    /home/marxj/.m2/repository/org/apache/nifi/nifi-nar-maven-plugin/1.0.0-incubating/nifi-nar-maven-plugin-1.0.0-incubating.jar
7f3002743000-7f3002754000 r-xp 00000000 fd:00 3017329                    /usr/lib/jvm/java-8-openjdk-amd64/jre/lib/amd64/libnio.so
7f3002754000-7f3002954000 ---p 00011000 fd:00 3017329                    /usr/lib/jvm/java-8-openjdk-amd64/jre/lib/amd64/libnio.so
7f3002954000-7f3002955000 r--p 00011000 fd:00 3017329                    /usr/lib/jvm/java-8-openjdk-amd64/jre/lib/amd64/libnio.so
7f3002955000-7f3002956000 rw-p 00012000 fd:00 3017329                    /usr/lib/jvm/java-8-openjdk-amd64/jre/lib/amd64/libnio.so
7f3002956000-7f300296d000 r-xp 00000000 fd:00 3017328                    /usr/lib/jvm/java-8-openjdk-amd64/jre/lib/amd64/libnet.so
7f300296d000-7f3002b6c000 ---p 00017000 fd:00 3017328                    /usr/lib/jvm/java-8-openjdk-amd64/jre/lib/amd64/libnet.so
7f3002b6c000-7f3002b6d000 r--p 00016000 fd:00 3017328                    /usr/lib/jvm/java-8-openjdk-amd64/jre/lib/amd64/libnet.so
7f3002b6d000-7f3002b6e000 rw-p 00017000 fd:00 3017328                    /usr/lib/jvm/java-8-openjdk-amd64/jre/lib/amd64/libnet.so
7f3002b6e000-7f3002b73000 r--s 000a0000 fd:00 3017722                    /usr/lib/jvm/java-8-openjdk-amd64/jre/lib/jsse.jar
7f3002b73000-7f3002d73000 rw-p 00000000 00:00 0 
7f3002d73000-7f3002f73000 rw-p 00000000 00:00 0 
7f3002f73000-7f3003173000 rw-p 00000000 00:00 0 
7f3003173000-7f3003177000 r--s 0001f000 fd:00 3022150                    /usr/share/java/maven-resolver-api.jar
7f3003177000-7f3003179000 r--s 00007000 fd:00 3022143                    /usr/share/java/jansi.jar
7f3003179000-7f300317a000 r--s 00002000 fd:00 3022206                    /usr/share/java/maven3-builder-support.jar
7f300317a000-7f3003188000 r--s 0009a000 fd:00 3022128                    /usr/share/java/guice.jar
7f3003188000-7f300318a000 r--s 00006000 fd:00 3022179                    /usr/share/java/plexus-sec-dispatcher.jar
7f300318a000-7f300318b000 r--s 00002000 fd:00 3022063                    /usr/share/java/geronimo-annotation-1.3-spec.jar
7f300318b000-7f300318c000 r--s 00000000 fd:00 3021962                    /usr/share/java/atinject-jsr330-api-1.0.jar
7f300318c000-7f300318e000 r--s 0000e000 fd:00 3022214                    /usr/share/java/maven3-resolver-provider.jar
7f300318e000-7f3003192000 r--s 00022000 fd:00 3022158                    /usr/share/java/maven-resolver-util.jar
7f3003192000-7f3003194000 r--s 00008000 fd:00 3022215                    /usr/share/java/maven3-settings-builder.jar
7f3003194000-7f30031a1000 r--s 0008d000 fd:00 3022208                    /usr/share/java/maven3-core.jar
7f30031a1000-7f30031a2000 r--s 00001000 fd:00 3021977                    /usr/share/java/geronimo-interceptor-3.0-spec.jar
7f30031a2000-7f30031a5000 r--s 0000e000 fd:00 3021991                    /usr/share/java/cdi-api.jar
7f30031a5000-7f30031a7000 r--s 00003000 fd:00 3022181                    /usr/share/java/jcl-over-slf4j.jar
7f30031a7000-7f30031a9000 r--s 00006000 fd:00 3022153                    /usr/share/java/maven-resolver-spi.jar
7f30031a9000-7f30031aa000 ---p 00000000 00:00 0 
7f30031aa000-7f30032aa000 rw-p 00000000 00:00 0 
7f30032aa000-7f30032ad000 ---p 00000000 00:00 0 
7f30032ad000-7f30033ab000 rw-p 00000000 00:00 0 
7f30033ab000-7f30033ac000 ---p 00000000 00:00 0 
7f30033ac000-7f30033af000 ---p 00000000 00:00 0 
7f30033af000-7f30034ac000 rw-p 00000000 00:00 0 
7f30034ac000-7f3004000000 r--p 00000000 fd:00 2628292                    /usr/lib/locale/locale-archive
7f3004000000-7f3004021000 rw-p 00000000 00:00 0 
7f3004021000-7f3008000000 ---p 00000000 00:00 0 
7f3008000000-7f3008001000 r--s 00000000 fd:00 3021962                    /usr/share/java/atinject-jsr330-api-1.0.jar
7f3008001000-7f3008005000 r--s 00023000 fd:00 3022168                    /usr/share/java/maven-shared-utils.jar
7f3008005000-7f3008008000 r--s 00011000 fd:00 3022177                    /usr/share/java/plexus-interpolation.jar
7f3008008000-7f300800a000 r--s 00009000 fd:00 3022184                    /usr/share/java/slf4j-api.jar
7f300800a000-7f300800b000 r--s 00004000 fd:00 3022217                    /usr/share/java/maven3-slf4j-provider.jar
7f300800b000-7f300800d000 r--s 00000000 fd:00 3022174                    /usr/share/java/plexus-component-annotations.jar
7f300800d000-7f300800f000 r--s 00008000 fd:00 3022151                    /usr/share/java/maven-resolver-connector-basic.jar
7f300800f000-7f3008014000 r--s 00030000 fd:00 3022036                    /usr/share/java/commons-io.jar
7f3008014000-7f3008040000 r--s 00208000 fd:00 3022103                    /usr/share/java/guava.jar
7f3008040000-7f3008041000 r--s 0000a000 fd:00 3022216                    /usr/share/java/maven3-settings.jar
7f3008041000-7f3008043000 r--s 00001000 fd:00 3022118                    /usr/share/java/aopalliance-1.0.jar
7f3008043000-7f300804b000 r--s 0006d000 fd:00 3022049                    /usr/share/java/commons-lang3.jar
7f300804b000-7f300804d000 r--s 0000a000 fd:00 3022011                    /usr/share/java/commons-cli.jar
7f300804d000-7f300804f000 r--s 00005000 fd:00 3022157                    /usr/share/java/maven-resolver-transport-wagon.jar
7f300804f000-7f3008055000 r--s 0002d000 fd:00 3022203                    /usr/share/java/sisu-plexus.jar
7f3008055000-7f300805c000 r--s 00042000 fd:00 3022207                    /usr/share/java/maven3-compat.jar
7f300805c000-7f300805d000 r--s 00001000 fd:00 3022244                    /usr/share/java/wagon-file.jar
7f300805d000-7f3008064000 r--s 00054000 fd:00 3022201                    /usr/share/java/sisu-inject.jar
7f3008064000-7f3008091000 r--s 001ce000 fd:00 3022246                    /usr/share/java/wagon-http-shaded-3.0.0.jar
7f3008091000-7f30080ac000 r--s 001d6000 fd:00 3017566                    /usr/lib/jvm/java-8-openjdk-amd64/jre/lib/ext/nashorn.jar
7f30080ac000-7f30080c7000 r--s 00394000 fd:00 3017518                    /usr/lib/jvm/java-8-openjdk-amd64/jre/lib/ext/cldrdata.jar
7f30080c7000-7f30080c8000 ---p 00000000 00:00 0 
7f30080c8000-7f30080cb000 ---p 00000000 00:00 0 
7f30080cb000-7f30081c8000 rw-p 00000000 00:00 0 
7f30081c8000-7f30081c9000 ---p 00000000 00:00 0 
7f30081c9000-7f30081cc000 ---p 00000000 00:00 0 
7f30081cc000-7f30082c9000 rw-p 00000000 00:00 0 
7f30082c9000-7f30082cc000 ---p 00000000 00:00 0 
7f30082cc000-7f30083ca000 rw-p 00000000 00:00 0 
7f30083ca000-7f30083cd000 ---p 00000000 00:00 0 
7f30083cd000-7f30084cb000 rw-p 00000000 00:00 0 
7f30084cb000-7f30084ce000 ---p 00000000 00:00 0 
7f30084ce000-7f30085cc000 rw-p 00000000 00:00 0 
7f30085cc000-7f30085cd000 ---p 00000000 00:00 0 
7f30085cd000-7f300961e000 rw-p 00000000 00:00 0 
7f300961e000-7f30097ed000 r--s 03c33000 fd:00 3017898                    /usr/lib/jvm/java-8-openjdk-amd64/jre/lib/rt.jar
7f30097ed000-7f300c000000 rw-p 00000000 00:00 0 
7f300c000000-7f300c021000 rw-p 00000000 00:00 0 
7f300c021000-7f3010000000 ---p 00000000 00:00 0 
7f3010000000-7f3010002000 r--s 0000a000 fd:00 3022212                    /usr/share/java/maven3-plugin-api.jar
7f3010002000-7f3010003000 r--s 00003000 fd:00 3022170                    /usr/share/java/plexus-cipher.jar
7f3010003000-7f3010006000 r--s 0000a000 fd:00 3022205                    /usr/share/java/maven3-artifact.jar
7f3010006000-7f3010009000 r--s 00027000 fd:00 3022211                    /usr/share/java/maven3-model.jar
7f3010009000-7f301000d000 r--s 0003b000 fd:00 3022145                    /usr/share/java/plexus-utils2.jar
7f301000d000-7f3010011000 r--s 00028000 fd:00 3022152                    /usr/share/java/maven-resolver-impl.jar
7f3010011000-7f3010016000 r--s 00026000 fd:00 3022210                    /usr/share/java/maven3-model-builder.jar
7f3010016000-7f30100fb000 rw-p 00000000 00:00 0 
7f30100fb000-7f30100fc000 ---p 00000000 00:00 0 
7f30100fc000-7f30101fc000 rw-p 00000000 00:00 0 
7f30101fc000-7f30101fd000 ---p 00000000 00:00 0 
7f30101fd000-7f30102fd000 rw-p 00000000 00:00 0 
7f30102fd000-7f30102fe000 ---p 00000000 00:00 0 
7f30102fe000-7f30103fe000 rw-p 00000000 00:00 0 
7f30103fe000-7f30103ff000 ---p 00000000 00:00 0 
7f30103ff000-7f3010514000 rw-p 00000000 00:00 0 
7f3010514000-7f3010641000 ---p 00000000 00:00 0 
7f3010641000-7f3010656000 rw-p 00000000 00:00 0 
7f3010656000-7f3010783000 ---p 00000000 00:00 0 
7f3010783000-7f30107cb000 rw-p 00000000 00:00 0 
7f30107cb000-7f3010824000 ---p 00000000 00:00 0 
7f3010824000-7f3010856000 rw-p 00000000 00:00 0 
7f3010856000-7f3010be5000 ---p 00000000 00:00 0 
7f3010be5000-7f3011825000 rwxp 00000000 00:00 0 
7f3011825000-7f301fbe5000 ---p 00000000 00:00 0 
7f301fbe5000-7f301fbed000 r-xp 00000000 fd:00 3017336                    /usr/lib/jvm/java-8-openjdk-amd64/jre/lib/amd64/libzip.so
7f301fbed000-7f301fdec000 ---p 00008000 fd:00 3017336                    /usr/lib/jvm/java-8-openjdk-amd64/jre/lib/amd64/libzip.so
7f301fdec000-7f301fded000 r--p 00007000 fd:00 3017336                    /usr/lib/jvm/java-8-openjdk-amd64/jre/lib/amd64/libzip.so
7f301fded000-7f301fdee000 rw-p 00008000 fd:00 3017336                    /usr/lib/jvm/java-8-openjdk-amd64/jre/lib/amd64/libzip.so
7f301fdee000-7f301fdf9000 r-xp 00000000 fd:00 5772122                    /lib/x86_64-linux-gnu/libnss_files-2.27.so
7f301fdf9000-7f301fff8000 ---p 0000b000 fd:00 5772122                    /lib/x86_64-linux-gnu/libnss_files-2.27.so
7f301fff8000-7f301fff9000 r--p 0000a000 fd:00 5772122                    /lib/x86_64-linux-gnu/libnss_files-2.27.so
7f301fff9000-7f301fffa000 rw-p 0000b000 fd:00 5772122                    /lib/x86_64-linux-gnu/libnss_files-2.27.so
7f301fffa000-7f3020000000 rw-p 00000000 00:00 0 
7f3020000000-7f3021298000 rw-p 00000000 00:00 0 
7f3021298000-7f3024000000 ---p 00000000 00:00 0 
7f3024000000-7f3024003000 r--s 00015000 fd:00 3022209                    /usr/share/java/maven3-embedder.jar
7f3024003000-7f302400d000 r--s 00116000 fd:00 3017565                    /usr/lib/jvm/java-8-openjdk-amd64/jre/lib/ext/localedata.jar
7f302400d000-7f3024024000 r-xp 00000000 fd:00 5772116                    /lib/x86_64-linux-gnu/libnsl-2.27.so
7f3024024000-7f3024223000 ---p 00017000 fd:00 5772116                    /lib/x86_64-linux-gnu/libnsl-2.27.so
7f3024223000-7f3024224000 r--p 00016000 fd:00 5772116                    /lib/x86_64-linux-gnu/libnsl-2.27.so
7f3024224000-7f3024225000 rw-p 00017000 fd:00 5772116                    /lib/x86_64-linux-gnu/libnsl-2.27.so
7f3024225000-7f3024227000 rw-p 00000000 00:00 0 
7f3024227000-7f3024232000 r-xp 00000000 fd:00 5772133                    /lib/x86_64-linux-gnu/libnss_nis-2.27.so
7f3024232000-7f3024431000 ---p 0000b000 fd:00 5772133                    /lib/x86_64-linux-gnu/libnss_nis-2.27.so
7f3024431000-7f3024432000 r--p 0000a000 fd:00 5772133                    /lib/x86_64-linux-gnu/libnss_nis-2.27.so
7f3024432000-7f3024433000 rw-p 0000b000 fd:00 5772133                    /lib/x86_64-linux-gnu/libnss_nis-2.27.so
7f3024433000-7f302443b000 r-xp 00000000 fd:00 5772118                    /lib/x86_64-linux-gnu/libnss_compat-2.27.so
7f302443b000-7f302463b000 ---p 00008000 fd:00 5772118                    /lib/x86_64-linux-gnu/libnss_compat-2.27.so
7f302463b000-7f302463c000 r--p 00008000 fd:00 5772118                    /lib/x86_64-linux-gnu/libnss_compat-2.27.so
7f302463c000-7f302463d000 rw-p 00009000 fd:00 5772118                    /lib/x86_64-linux-gnu/libnss_compat-2.27.so
7f302463d000-7f302466b000 r-xp 00000000 fd:00 3017317                    /usr/lib/jvm/java-8-openjdk-amd64/jre/lib/amd64/libjava.so
7f302466b000-7f302486a000 ---p 0002e000 fd:00 3017317                    /usr/lib/jvm/java-8-openjdk-amd64/jre/lib/amd64/libjava.so
7f302486a000-7f302486b000 r--p 0002d000 fd:00 3017317                    /usr/lib/jvm/java-8-openjdk-amd64/jre/lib/amd64/libjava.so
7f302486b000-7f302486d000 rw-p 0002e000 fd:00 3017317                    /usr/lib/jvm/java-8-openjdk-amd64/jre/lib/amd64/libjava.so
7f302486d000-7f302487d000 r-xp 00000000 fd:00 3017335                    /usr/lib/jvm/java-8-openjdk-amd64/jre/lib/amd64/libverify.so
7f302487d000-7f3024a7c000 ---p 00010000 fd:00 3017335                    /usr/lib/jvm/java-8-openjdk-amd64/jre/lib/amd64/libverify.so
7f3024a7c000-7f3024a7e000 r--p 0000f000 fd:00 3017335                    /usr/lib/jvm/java-8-openjdk-amd64/jre/lib/amd64/libverify.so
7f3024a7e000-7f3024a7f000 rw-p 00011000 fd:00 3017335                    /usr/lib/jvm/java-8-openjdk-amd64/jre/lib/amd64/libverify.so
7f3024a7f000-7f3024a86000 r-xp 00000000 fd:00 5772173                    /lib/x86_64-linux-gnu/librt-2.27.so
7f3024a86000-7f3024c85000 ---p 00007000 fd:00 5772173                    /lib/x86_64-linux-gnu/librt-2.27.so
7f3024c85000-7f3024c86000 r--p 00006000 fd:00 5772173                    /lib/x86_64-linux-gnu/librt-2.27.so
7f3024c86000-7f3024c87000 rw-p 00007000 fd:00 5772173                    /lib/x86_64-linux-gnu/librt-2.27.so
7f3024c87000-7f3024c9e000 r-xp 00000000 fd:00 5767174                    /lib/x86_64-linux-gnu/libgcc_s.so.1
7f3024c9e000-7f3024e9d000 ---p 00017000 fd:00 5767174                    /lib/x86_64-linux-gnu/libgcc_s.so.1
7f3024e9d000-7f3024e9e000 r--p 00016000 fd:00 5767174                    /lib/x86_64-linux-gnu/libgcc_s.so.1
7f3024e9e000-7f3024e9f000 rw-p 00017000 fd:00 5767174                    /lib/x86_64-linux-gnu/libgcc_s.so.1
7f3024e9f000-7f302503c000 r-xp 00000000 fd:00 5772095                    /lib/x86_64-linux-gnu/libm-2.27.so
7f302503c000-7f302523b000 ---p 0019d000 fd:00 5772095                    /lib/x86_64-linux-gnu/libm-2.27.so
7f302523b000-7f302523c000 r--p 0019c000 fd:00 5772095                    /lib/x86_64-linux-gnu/libm-2.27.so
7f302523c000-7f302523d000 rw-p 0019d000 fd:00 5772095                    /lib/x86_64-linux-gnu/libm-2.27.so
7f302523d000-7f30253b6000 r-xp 00000000 fd:00 2625777                    /usr/lib/x86_64-linux-gnu/libstdc++.so.6.0.25
7f30253b6000-7f30255b6000 ---p 00179000 fd:00 2625777                    /usr/lib/x86_64-linux-gnu/libstdc++.so.6.0.25
7f30255b6000-7f30255c0000 r--p 00179000 fd:00 2625777                    /usr/lib/x86_64-linux-gnu/libstdc++.so.6.0.25
7f30255c0000-7f30255c2000 rw-p 00183000 fd:00 2625777                    /usr/lib/x86_64-linux-gnu/libstdc++.so.6.0.25
7f30255c2000-7f30255c6000 rw-p 00000000 00:00 0 
7f30255c6000-7f3026260000 r-xp 00000000 fd:00 3017349                    /usr/lib/jvm/java-8-openjdk-amd64/jre/lib/amd64/server/libjvm.so
7f3026260000-7f302645f000 ---p 00c9a000 fd:00 3017349                    /usr/lib/jvm/java-8-openjdk-amd64/jre/lib/amd64/server/libjvm.so
7f302645f000-7f30264f3000 r--p 00c99000 fd:00 3017349                    /usr/lib/jvm/java-8-openjdk-amd64/jre/lib/amd64/server/libjvm.so
7f30264f3000-7f302651c000 rw-p 00d2d000 fd:00 3017349                    /usr/lib/jvm/java-8-openjdk-amd64/jre/lib/amd64/server/libjvm.so
7f302651c000-7f302654c000 rw-p 00000000 00:00 0 
7f302654c000-7f3026566000 r-xp 00000000 fd:00 5772165                    /lib/x86_64-linux-gnu/libpthread-2.27.so
7f3026566000-7f3026765000 ---p 0001a000 fd:00 5772165                    /lib/x86_64-linux-gnu/libpthread-2.27.so
7f3026765000-7f3026766000 r--p 00019000 fd:00 5772165                    /lib/x86_64-linux-gnu/libpthread-2.27.so
7f3026766000-7f3026767000 rw-p 0001a000 fd:00 5772165                    /lib/x86_64-linux-gnu/libpthread-2.27.so
7f3026767000-7f302676b000 rw-p 00000000 00:00 0 
7f302676b000-7f302676e000 r-xp 00000000 fd:00 5772055                    /lib/x86_64-linux-gnu/libdl-2.27.so
7f302676e000-7f302696d000 ---p 00003000 fd:00 5772055                    /lib/x86_64-linux-gnu/libdl-2.27.so
7f302696d000-7f302696e000 r--p 00002000 fd:00 5772055                    /lib/x86_64-linux-gnu/libdl-2.27.so
7f302696e000-7f302696f000 rw-p 00003000 fd:00 5772055                    /lib/x86_64-linux-gnu/libdl-2.27.so
7f302696f000-7f302698b000 r-xp 00000000 fd:00 5772204                    /lib/x86_64-linux-gnu/libz.so.1.2.11
7f302698b000-7f3026b8a000 ---p 0001c000 fd:00 5772204                    /lib/x86_64-linux-gnu/libz.so.1.2.11
7f3026b8a000-7f3026b8b000 r--p 0001b000 fd:00 5772204                    /lib/x86_64-linux-gnu/libz.so.1.2.11
7f3026b8b000-7f3026b8c000 rw-p 0001c000 fd:00 5772204                    /lib/x86_64-linux-gnu/libz.so.1.2.11
7f3026b8c000-7f3026d73000 r-xp 00000000 fd:00 5772032                    /lib/x86_64-linux-gnu/libc-2.27.so
7f3026d73000-7f3026f73000 ---p 001e7000 fd:00 5772032                    /lib/x86_64-linux-gnu/libc-2.27.so
7f3026f73000-7f3026f77000 r--p 001e7000 fd:00 5772032                    /lib/x86_64-linux-gnu/libc-2.27.so
7f3026f77000-7f3026f79000 rw-p 001eb000 fd:00 5772032                    /lib/x86_64-linux-gnu/libc-2.27.so
7f3026f79000-7f3026f7d000 rw-p 00000000 00:00 0 
7f3026f7d000-7f3026f8b000 r-xp 00000000 fd:00 3014693                    /usr/lib/jvm/java-8-openjdk-amd64/jre/lib/amd64/jli/libjli.so
7f3026f8b000-7f302718a000 ---p 0000e000 fd:00 3014693                    /usr/lib/jvm/java-8-openjdk-amd64/jre/lib/amd64/jli/libjli.so
7f302718a000-7f302718b000 r--p 0000d000 fd:00 3014693                    /usr/lib/jvm/java-8-openjdk-amd64/jre/lib/amd64/jli/libjli.so
7f302718b000-7f302718c000 rw-p 0000e000 fd:00 3014693                    /usr/lib/jvm/java-8-openjdk-amd64/jre/lib/amd64/jli/libjli.so
7f302718c000-7f30271b3000 r-xp 00000000 fd:00 5772004                    /lib/x86_64-linux-gnu/ld-2.27.so
7f30271b3000-7f30271b4000 r--s 00006000 fd:00 3022213                    /usr/share/java/maven3-repository-metadata.jar
7f30271b4000-7f30271b6000 r--s 0000b000 fd:00 3022148                    /usr/share/java/wagon-provider-api.jar
7f30271b6000-7f30271bc000 r--s 0003b000 fd:00 3017587                    /usr/lib/jvm/java-8-openjdk-amd64/jre/lib/ext/sunjce_provider.jar
7f30271bc000-7f3027294000 rw-p 00000000 00:00 0 
7f3027294000-7f3027295000 ---p 00000000 00:00 0 
7f3027295000-7f3027298000 ---p 00000000 00:00 0 
7f3027298000-7f3027397000 rw-p 00000000 00:00 0 
7f3027397000-7f3027399000 r--s 0000b000 fd:00 3022172                    /usr/share/java/plexus-classworlds.jar
7f3027399000-7f302739a000 r--s 0000a000 fd:00 3017563                    /usr/lib/jvm/java-8-openjdk-amd64/jre/lib/ext/jaccess.jar
7f302739a000-7f302739d000 r--s 00038000 fd:00 3017596                    /usr/lib/jvm/java-8-openjdk-amd64/jre/lib/ext/sunpkcs11.jar
7f302739d000-7f302739e000 r--s 00010000 fd:00 3017597                    /usr/lib/jvm/java-8-openjdk-amd64/jre/lib/ext/zipfs.jar
7f302739e000-7f30273a1000 r--s 0000f000 fd:00 3017562                    /usr/lib/jvm/java-8-openjdk-amd64/jre/lib/ext/icedtea-sound.jar
7f30273a1000-7f30273a3000 r--s 00007000 fd:00 3019098                    /usr/share/java/java-atk-wrapper.jar
7f30273a3000-7f30273a5000 r--s 00008000 fd:00 3017572                    /usr/lib/jvm/java-8-openjdk-amd64/jre/lib/ext/sunec.jar
7f30273a5000-7f30273a7000 r--s 00001000 fd:00 3017547                    /usr/lib/jvm/java-8-openjdk-amd64/jre/lib/ext/dnsns.jar
7f30273a7000-7f30273af000 rw-s 00000000 fd:00 6816080                    /tmp/hsperfdata_marxj/11024
7f30273af000-7f30273b0000 rw-p 00000000 00:00 0 
7f30273b0000-7f30273b1000 ---p 00000000 00:00 0 
7f30273b1000-7f30273b3000 rw-p 00000000 00:00 0 
7f30273b3000-7f30273b4000 r--p 00027000 fd:00 5772004                    /lib/x86_64-linux-gnu/ld-2.27.so
7f30273b4000-7f30273b5000 rw-p 00028000 fd:00 5772004                    /lib/x86_64-linux-gnu/ld-2.27.so
7f30273b5000-7f30273b6000 rw-p 00000000 00:00 0 
7ffd07118000-7ffd07139000 rw-p 00000000 00:00 0                          [stack]
7ffd07188000-7ffd0718b000 r--p 00000000 00:00 0                          [vvar]
7ffd0718b000-7ffd0718d000 r-xp 00000000 00:00 0                          [vdso]
ffffffffff600000-ffffffffff601000 r-xp 00000000 00:00 0                  [vsyscall]

VM Arguments:
jvm_args: -Dclassworlds.conf=/usr/share/maven/bin/m2.conf -Dmaven.home=/usr/share/maven -Dlibrary.jansi.path=/usr/share/maven/lib/jansi-native -Dmaven.multiModuleProjectDirectory=/home/marxj/Asztal/Egyetem/2018-2019-2/szakdolgozat 
java_command: org.codehaus.plexus.classworlds.launcher.Launcher clean install -Dmaven.test=skip
java_class_path (initial): /usr/share/maven/boot/plexus-classworlds-2.x.jar
Launcher Type: SUN_STANDARD

Environment Variables:
JAVA_HOME=/usr/lib/jvm/java-8-openjdk-amd64/jre
PATH=/usr/local/sbin:/usr/local/bin:/usr/sbin:/usr/bin:/sbin:/bin:/usr/games:/usr/local/games:/snap/bin
USERNAME=marxj
SHELL=/bin/bash
DISPLAY=:0

Signal Handlers:
SIGSEGV: [libjvm.so+0xab2ea0], sa_mask[0]=11111111011111111101111111111110, sa_flags=SA_RESTART|SA_SIGINFO
SIGBUS: [libjvm.so+0xab2ea0], sa_mask[0]=11111111011111111101111111111110, sa_flags=SA_RESTART|SA_SIGINFO
SIGFPE: [libjvm.so+0x8e87b0], sa_mask[0]=11111111011111111101111111111110, sa_flags=SA_RESTART|SA_SIGINFO
SIGPIPE: [libjvm.so+0x8e87b0], sa_mask[0]=11111111011111111101111111111110, sa_flags=SA_RESTART|SA_SIGINFO
SIGXFSZ: [libjvm.so+0x8e87b0], sa_mask[0]=11111111011111111101111111111110, sa_flags=SA_RESTART|SA_SIGINFO
SIGILL: [libjvm.so+0x8e87b0], sa_mask[0]=11111111011111111101111111111110, sa_flags=SA_RESTART|SA_SIGINFO
SIGUSR1: SIG_DFL, sa_mask[0]=00000000000000000000000000000000, sa_flags=none
SIGUSR2: [libjvm.so+0x8e8660], sa_mask[0]=00000000000000000000000000000000, sa_flags=SA_RESTART|SA_SIGINFO
SIGHUP: [libjvm.so+0x8e8cd0], sa_mask[0]=11111111011111111101111111111110, sa_flags=SA_RESTART|SA_SIGINFO
SIGINT: [libjvm.so+0x8e8cd0], sa_mask[0]=11111111011111111101111111111110, sa_flags=SA_RESTART|SA_SIGINFO
SIGTERM: [libjvm.so+0x8e8cd0], sa_mask[0]=11111111011111111101111111111110, sa_flags=SA_RESTART|SA_SIGINFO
SIGQUIT: [libjvm.so+0x8e8cd0], sa_mask[0]=11111111011111111101111111111110, sa_flags=SA_RESTART|SA_SIGINFO


---------------  S Y S T E M  ---------------

OS:DISTRIB_ID=Ubuntu
DISTRIB_RELEASE=18.04
DISTRIB_CODENAME=bionic
DISTRIB_DESCRIPTION="Ubuntu 18.04.2 LTS"

uname:Linux 4.15.0-46-generic #49-Ubuntu SMP Wed Feb 6 09:33:07 UTC 2019 x86_64
libc:glibc 2.27 NPTL 2.27 
rlimit: STACK 8192k, CORE 0k, NPROC 15274, NOFILE 4096, AS infinity
load average:1,04 0,67 0,94

/proc/meminfo:
MemTotal:        3955524 kB
MemFree:           89180 kB
MemAvailable:      10624 kB
Buffers:            1676 kB
Cached:           143284 kB
SwapCached:        10872 kB
Active:          2883272 kB
Inactive:         589324 kB
Active(anon):    2855296 kB
Inactive(anon):   570996 kB
Active(file):      27976 kB
Inactive(file):    18328 kB
Unevictable:          48 kB
Mlocked:              48 kB
SwapTotal:        999420 kB
SwapFree:              0 kB
Dirty:               452 kB
Writeback:             0 kB
AnonPages:       3317560 kB
Mapped:           190360 kB
Shmem:             98340 kB
Slab:             115040 kB
SReclaimable:      41124 kB
SUnreclaim:        73916 kB
KernelStack:       19584 kB
PageTables:        93780 kB
NFS_Unstable:          0 kB
Bounce:                0 kB
WritebackTmp:          0 kB
CommitLimit:     2977180 kB
Committed_AS:   14797528 kB
VmallocTotal:   34359738367 kB
VmallocUsed:           0 kB
VmallocChunk:          0 kB
HardwareCorrupted:     0 kB
AnonHugePages:         0 kB
ShmemHugePages:        0 kB
ShmemPmdMapped:        0 kB
CmaTotal:              0 kB
CmaFree:               0 kB
HugePages_Total:       0
HugePages_Free:        0
HugePages_Rsvd:        0
HugePages_Surp:        0
Hugepagesize:       2048 kB
DirectMap4k:      403188 kB
DirectMap2M:     3706880 kB
DirectMap1G:     1048576 kB

container (cgroup) information:
container_type: cgroupv1
cpu_cpuset_cpus: 0-3
cpu_memory_nodes: 0
active_processor_count: 4
cpu_quota: -1
cpu_period: 100000
cpu_shares: -1
memory_limit_in_bytes: -1
memory_and_swap_limit_in_bytes: -2
memory_soft_limit_in_bytes: -1
memory_usage_in_bytes: 3550732288
memory_max_usage_in_bytes: 0


CPU:total 4 (initial active 4) (2 cores per cpu, 2 threads per core) family 6 model 61 stepping 4, cmov, cx8, fxsr, mmx, sse, sse2, sse3, ssse3, sse4.1, sse4.2, popcnt, avx, avx2, aes, clmul, erms, 3dnowpref, lzcnt, ht, tsc, tscinvbit, bmi1, bmi2, adx

/proc/cpuinfo:
processor	: 0
vendor_id	: GenuineIntel
cpu family	: 6
model		: 61
model name	: Intel(R) Core(TM) i5-5200U CPU @ 2.20GHz
stepping	: 4
microcode	: 0x2b
cpu MHz		: 2494.074
cache size	: 3072 KB
physical id	: 0
siblings	: 4
core id		: 0
cpu cores	: 2
apicid		: 0
initial apicid	: 0
fpu		: yes
fpu_exception	: yes
cpuid level	: 20
wp		: yes
flags		: fpu vme de pse tsc msr pae mce cx8 apic sep mtrr pge mca cmov pat pse36 clflush dts acpi mmx fxsr sse sse2 ss ht tm pbe syscall nx pdpe1gb rdtscp lm constant_tsc arch_perfmon pebs bts rep_good nopl xtopology nonstop_tsc cpuid aperfmperf pni pclmulqdq dtes64 monitor ds_cpl vmx est tm2 ssse3 sdbg fma cx16 xtpr pdcm pcid sse4_1 sse4_2 x2apic movbe popcnt tsc_deadline_timer aes xsave avx f16c rdrand lahf_lm abm 3dnowprefetch cpuid_fault epb invpcid_single pti ssbd ibrs ibpb stibp tpr_shadow vnmi flexpriority ept vpid fsgsbase tsc_adjust bmi1 avx2 smep bmi2 erms invpcid rdseed adx smap intel_pt xsaveopt dtherm ida arat pln pts flush_l1d
bugs		: cpu_meltdown spectre_v1 spectre_v2 spec_store_bypass l1tf
bogomips	: 4389.57
clflush size	: 64
cache_alignment	: 64
address sizes	: 39 bits physical, 48 bits virtual
power management:

processor	: 1
vendor_id	: GenuineIntel
cpu family	: 6
model		: 61
model name	: Intel(R) Core(TM) i5-5200U CPU @ 2.20GHz
stepping	: 4
microcode	: 0x2b
cpu MHz		: 2494.078
cache size	: 3072 KB
physical id	: 0
siblings	: 4
core id		: 1
cpu cores	: 2
apicid		: 2
initial apicid	: 2
fpu		: yes
fpu_exception	: yes
cpuid level	: 20
wp		: yes
flags		: fpu vme de pse tsc msr pae mce cx8 apic sep mtrr pge mca cmov pat pse36 clflush dts acpi mmx fxsr sse sse2 ss ht tm pbe syscall nx pdpe1gb rdtscp lm constant_tsc arch_perfmon pebs bts rep_good nopl xtopology nonstop_tsc cpuid aperfmperf pni pclmulqdq dtes64 monitor ds_cpl vmx est tm2 ssse3 sdbg fma cx16 xtpr pdcm pcid sse4_1 sse4_2 x2apic movbe popcnt tsc_deadline_timer aes xsave avx f16c rdrand lahf_lm abm 3dnowprefetch cpuid_fault epb invpcid_single pti ssbd ibrs ibpb stibp tpr_shadow vnmi flexpriority ept vpid fsgsbase tsc_adjust bmi1 avx2 smep bmi2 erms invpcid rdseed adx smap intel_pt xsaveopt dtherm ida arat pln pts flush_l1d
bugs		: cpu_meltdown spectre_v1 spectre_v2 spec_store_bypass l1tf
bogomips	: 4389.57
clflush size	: 64
cache_alignment	: 64
address sizes	: 39 bits physical, 48 bits virtual
power management:

processor	: 2
vendor_id	: GenuineIntel
cpu family	: 6
model		: 61
model name	: Intel(R) Core(TM) i5-5200U CPU @ 2.20GHz
stepping	: 4
microcode	: 0x2b
cpu MHz		: 2494.076
cache size	: 3072 KB
physical id	: 0
siblings	: 4
core id		: 0
cpu cores	: 2
apicid		: 1
initial apicid	: 1
fpu		: yes
fpu_exception	: yes
cpuid level	: 20
wp		: yes
flags		: fpu vme de pse tsc msr pae mce cx8 apic sep mtrr pge mca cmov pat pse36 clflush dts acpi mmx fxsr sse sse2 ss ht tm pbe syscall nx pdpe1gb rdtscp lm constant_tsc arch_perfmon pebs bts rep_good nopl xtopology nonstop_tsc cpuid aperfmperf pni pclmulqdq dtes64 monitor ds_cpl vmx est tm2 ssse3 sdbg fma cx16 xtpr pdcm pcid sse4_1 sse4_2 x2apic movbe popcnt tsc_deadline_timer aes xsave avx f16c rdrand lahf_lm abm 3dnowprefetch cpuid_fault epb invpcid_single pti ssbd ibrs ibpb stibp tpr_shadow vnmi flexpriority ept vpid fsgsbase tsc_adjust bmi1 avx2 smep bmi2 erms invpcid rdseed adx smap intel_pt xsaveopt dtherm ida arat pln pts flush_l1d
bugs		: cpu_meltdown spectre_v1 spectre_v2 spec_store_bypass l1tf
bogomips	: 4389.57
clflush size	: 64
cache_alignment	: 64
address sizes	: 39 bits physical, 48 bits virtual
power management:

processor	: 3
vendor_id	: GenuineIntel
cpu family	: 6
model		: 61
model name	: Intel(R) Core(TM) i5-5200U CPU @ 2.20GHz
stepping	: 4
microcode	: 0x2b
cpu MHz		: 2494.071
cache size	: 3072 KB
physical id	: 0
siblings	: 4
core id		: 1
cpu cores	: 2
apicid		: 3
initial apicid	: 3
fpu		: yes
fpu_exception	: yes
cpuid level	: 20
wp		: yes
flags		: fpu vme de pse tsc msr pae mce cx8 apic sep mtrr pge mca cmov pat pse36 clflush dts acpi mmx fxsr sse sse2 ss ht tm pbe syscall nx pdpe1gb rdtscp lm constant_tsc arch_perfmon pebs bts rep_good nopl xtopology nonstop_tsc cpuid aperfmperf pni pclmulqdq dtes64 monitor ds_cpl vmx est tm2 ssse3 sdbg fma cx16 xtpr pdcm pcid sse4_1 sse4_2 x2apic movbe popcnt tsc_deadline_timer aes xsave avx f16c rdrand lahf_lm abm 3dnowprefetch cpuid_fault epb invpcid_single pti ssbd ibrs ibpb stibp tpr_shadow vnmi flexpriority ept vpid fsgsbase tsc_adjust bmi1 avx2 smep bmi2 erms invpcid rdseed adx smap intel_pt xsaveopt dtherm ida arat pln pts flush_l1d
bugs		: cpu_meltdown spectre_v1 spectre_v2 spec_store_bypass l1tf
bogomips	: 4389.57
clflush size	: 64
cache_alignment	: 64
address sizes	: 39 bits physical, 48 bits virtual
power management:



Memory: 4k page, physical 3955524k(88396k free), swap 999420k(0k free)

vm_info: OpenJDK 64-Bit Server VM (25.191-b12) for linux-amd64 JRE (1.8.0_191-8u191-b12-2ubuntu0.18.04.1-b12), built on Jan 14 2019 21:02:00 by "buildd" with gcc 7.3.0

time: Mon Mar 11 13:50:46 2019
elapsed time: 6 seconds (0d 0h 0m 6s)

