#
# There is insufficient memory for the Java Runtime Environment to continue.
# Native memory allocation (mmap) failed to map 79691776 bytes for committing reserved memory.
# Possible reasons:
#   The system is out of physical RAM or swap space
#   In 32 bit mode, the process size limit was hit
# Possible solutions:
#   Reduce memory load on the system
#   Increase physical memory or swap space
#   Check if swap backing store is full
#   Use 64 bit Java on a 64 bit OS
#   Decrease Java heap size (-Xmx/-Xms)
#   Decrease number of Java threads
#   Decrease Java thread stack sizes (-Xss)
#   Set larger code cache with -XX:ReservedCodeCacheSize=
# This output file may be truncated or incomplete.
#
#  Out of Memory Error (os_linux.cpp:2746), pid=8337, tid=0x00007fdc146ab700
#
# JRE version: OpenJDK Runtime Environment (8.0_191-b12) (build 1.8.0_191-8u191-b12-2ubuntu0.18.04.1-b12)
# Java VM: OpenJDK 64-Bit Server VM (25.191-b12 mixed mode linux-amd64 compressed oops)
# Failed to write core dump. Core dumps have been disabled. To enable core dumping, try "ulimit -c unlimited" before starting Java again
#

---------------  T H R E A D  ---------------

Current thread (0x00007fdc2c079800):  VMThread [stack: 0x00007fdc145ac000,0x00007fdc146ac000] [id=8368]

Stack: [0x00007fdc145ac000,0x00007fdc146ac000],  sp=0x00007fdc146aa450,  free space=1017k
Native frames: (J=compiled Java code, j=interpreted, Vv=VM code, C=native code)
V  [libjvm.so+0xab2552]
V  [libjvm.so+0x4d9e37]
V  [libjvm.so+0x8ed5e0]
V  [libjvm.so+0x8e470e]
V  [libjvm.so+0x968466]
V  [libjvm.so+0x9697d8]
V  [libjvm.so+0x965dd6]
V  [libjvm.so+0x95e529]
V  [libjvm.so+0x455fe3]
V  [libjvm.so+0xab36c1]
V  [libjvm.so+0xab8dd6]
V  [libjvm.so+0xab7075]
V  [libjvm.so+0xab79ed]
V  [libjvm.so+0xab7dc7]
V  [libjvm.so+0x8ea992]

VM_Operation (0x00007fdc3334d270): CollectForMetadataAllocation, mode: safepoint, requested by thread 0x00007fdc2c00b800


---------------  P R O C E S S  ---------------

Java Threads: ( => current thread )
  0x00007fdc2c0e3000 JavaThread "Service Thread" daemon [_thread_blocked, id=8375, stack(0x00007fdc0f2aa000,0x00007fdc0f3ab000)]
  0x00007fdc2c0be000 JavaThread "C1 CompilerThread2" daemon [_thread_blocked, id=8374, stack(0x00007fdc0f3ac000,0x00007fdc0f4ac000)]
  0x00007fdc2c0bc800 JavaThread "C2 CompilerThread1" daemon [_thread_blocked, id=8373, stack(0x00007fdc140a7000,0x00007fdc141a7000)]
  0x00007fdc2c0b9800 JavaThread "C2 CompilerThread0" daemon [_thread_in_native, id=8372, stack(0x00007fdc141a8000,0x00007fdc142a8000)]
  0x00007fdc2c0b8000 JavaThread "Signal Dispatcher" daemon [_thread_blocked, id=8371, stack(0x00007fdc142a8000,0x00007fdc143a9000)]
  0x00007fdc2c085800 JavaThread "Finalizer" daemon [_thread_blocked, id=8370, stack(0x00007fdc143a9000,0x00007fdc144aa000)]
  0x00007fdc2c083000 JavaThread "Reference Handler" daemon [_thread_blocked, id=8369, stack(0x00007fdc144aa000,0x00007fdc145ab000)]
  0x00007fdc2c00b800 JavaThread "main" [_thread_blocked, id=8363, stack(0x00007fdc33254000,0x00007fdc33354000)]

Other Threads:
=>0x00007fdc2c079800 VMThread [stack: 0x00007fdc145ac000,0x00007fdc146ac000] [id=8368]
  0x00007fdc2c0e5800 WatcherThread [stack: 0x00007fdc0f1aa000,0x00007fdc0f2aa000] [id=8376]

VM state:at safepoint (normal execution)

VM Mutex/Monitor currently owned by a thread:  ([mutex/lock_event])
[0x00007fdc2c008000] Threads_lock - owner thread: 0x00007fdc2c079800
[0x00007fdc2c008500] Heap_lock - owner thread: 0x00007fdc2c00b800

Heap:
 PSYoungGen      total 134144K, used 10745K [0x00000000ebe00000, 0x00000000f4e00000, 0x0000000100000000)
  eden space 123392K, 0% used [0x00000000ebe00000,0x00000000ebe00000,0x00000000f3680000)
  from space 10752K, 99% used [0x00000000f3680000,0x00000000f40fe488,0x00000000f4100000)
  to   space 8192K, 0% used [0x00000000f4100000,0x00000000f4100000,0x00000000f4900000)
 ParOldGen       total 42496K, used 15655K [0x00000000c3a00000, 0x00000000c6380000, 0x00000000ebe00000)
  object space 42496K, 36% used [0x00000000c3a00000,0x00000000c4949df8,0x00000000c6380000)
 Metaspace       used 20688K, capacity 21140K, committed 21296K, reserved 1069056K
  class space    used 2421K, capacity 2572K, committed 2608K, reserved 1048576K

Card table byte_map: [0x00007fdc30002000,0x00007fdc301e6000] byte_map_base: 0x00007fdc2f9e5000

Marking Bits: (ParMarkBitMap*) 0x00007fdc324ee340
 Begin Bits: [0x00007fdc161d0000, 0x00007fdc170e8000)
 End Bits:   [0x00007fdc170e8000, 0x00007fdc18000000)

Polling page: 0x00007fdc3336f000

CodeCache: size=245760Kb used=13418Kb max_used=13444Kb free=232341Kb
 bounds [0x00007fdc1c9cb000, 0x00007fdc1d6fb000, 0x00007fdc2b9cb000]
 total_blobs=4231 nmethods=3887 adapters=258
 compilation: enabled

Compilation events (10 events):
Event: 6,010 Thread 0x00007fdc2c0be000 3919       3       org.eclipse.sisu.inject.RankedSequence$Itr::hasNext (122 bytes)
Event: 6,011 Thread 0x00007fdc2c0be000 nmethod 3919 0x00007fdc1d6e4350 code [0x00007fdc1d6e4500, 0x00007fdc1d6e4b88]
Event: 6,011 Thread 0x00007fdc2c0be000 3920       3       org.eclipse.sisu.inject.InjectorBindings::subscribe (46 bytes)
Event: 6,011 Thread 0x00007fdc2c0be000 nmethod 3920 0x00007fdc1d6e4d50 code [0x00007fdc1d6e4ee0, 0x00007fdc1d6e5328]
Event: 6,011 Thread 0x00007fdc2c0be000 3921       3       org.eclipse.sisu.inject.RankedSequence::removeThis (44 bytes)
Event: 6,012 Thread 0x00007fdc2c0be000 nmethod 3921 0x00007fdc1d6e5490 code [0x00007fdc1d6e5640, 0x00007fdc1d6e5e08]
Event: 6,030 Thread 0x00007fdc2c0bc800 nmethod 3851 0x00007fdc1d6ec990 code [0x00007fdc1d6ecf60, 0x00007fdc1d6f0998]
Event: 6,030 Thread 0x00007fdc2c0bc800 3886       4       java.lang.Integer::equals (29 bytes)
Event: 6,031 Thread 0x00007fdc2c0bc800 nmethod 3886 0x00007fdc1d6e9a90 code [0x00007fdc1d6e9be0, 0x00007fdc1d6e9c78]
Event: 6,031 Thread 0x00007fdc2c0bc800 3880       4       java.util.Properties$LineReader::readLine (468 bytes)

GC Heap History (10 events):
Event: 1,149 GC heap after
Heap after GC invocations=4 (full 0):
 PSYoungGen      total 34304K, used 2560K [0x00000000ebe00000, 0x00000000ee200000, 0x0000000100000000)
  eden space 31744K, 0% used [0x00000000ebe00000,0x00000000ebe00000,0x00000000edd00000)
  from space 2560K, 100% used [0x00000000edf80000,0x00000000ee200000,0x00000000ee200000)
  to   space 2560K, 0% used [0x00000000edd00000,0x00000000edd00000,0x00000000edf80000)
 ParOldGen       total 42496K, used 4179K [0x00000000c3a00000, 0x00000000c6380000, 0x00000000ebe00000)
  object space 42496K, 9% used [0x00000000c3a00000,0x00000000c3e14f80,0x00000000c6380000)
 Metaspace       used 11157K, capacity 11298K, committed 11520K, reserved 1058816K
  class space    used 1364K, capacity 1443K, committed 1536K, reserved 1048576K
}
Event: 1,681 GC heap before
{Heap before GC invocations=5 (full 0):
 PSYoungGen      total 34304K, used 34304K [0x00000000ebe00000, 0x00000000ee200000, 0x0000000100000000)
  eden space 31744K, 100% used [0x00000000ebe00000,0x00000000edd00000,0x00000000edd00000)
  from space 2560K, 100% used [0x00000000edf80000,0x00000000ee200000,0x00000000ee200000)
  to   space 2560K, 0% used [0x00000000edd00000,0x00000000edd00000,0x00000000edf80000)
 ParOldGen       total 42496K, used 4179K [0x00000000c3a00000, 0x00000000c6380000, 0x00000000ebe00000)
  object space 42496K, 9% used [0x00000000c3a00000,0x00000000c3e14f80,0x00000000c6380000)
 Metaspace       used 13749K, capacity 13978K, committed 14208K, reserved 1060864K
  class space    used 1689K, capacity 1799K, committed 1920K, reserved 1048576K
Event: 1,689 GC heap after
Heap after GC invocations=5 (full 0):
 PSYoungGen      total 34304K, used 2528K [0x00000000ebe00000, 0x00000000f0800000, 0x0000000100000000)
  eden space 31744K, 0% used [0x00000000ebe00000,0x00000000ebe00000,0x00000000edd00000)
  from space 2560K, 98% used [0x00000000edd00000,0x00000000edf78020,0x00000000edf80000)
  to   space 6144K, 0% used [0x00000000f0200000,0x00000000f0200000,0x00000000f0800000)
 ParOldGen       total 42496K, used 6948K [0x00000000c3a00000, 0x00000000c6380000, 0x00000000ebe00000)
  object space 42496K, 16% used [0x00000000c3a00000,0x00000000c40c9318,0x00000000c6380000)
 Metaspace       used 13749K, capacity 13978K, committed 14208K, reserved 1060864K
  class space    used 1689K, capacity 1799K, committed 1920K, reserved 1048576K
}
Event: 2,387 GC heap before
{Heap before GC invocations=6 (full 0):
 PSYoungGen      total 34304K, used 34272K [0x00000000ebe00000, 0x00000000f0800000, 0x0000000100000000)
  eden space 31744K, 100% used [0x00000000ebe00000,0x00000000edd00000,0x00000000edd00000)
  from space 2560K, 98% used [0x00000000edd00000,0x00000000edf78020,0x00000000edf80000)
  to   space 6144K, 0% used [0x00000000f0200000,0x00000000f0200000,0x00000000f0800000)
 ParOldGen       total 42496K, used 6948K [0x00000000c3a00000, 0x00000000c6380000, 0x00000000ebe00000)
  object space 42496K, 16% used [0x00000000c3a00000,0x00000000c40c9318,0x00000000c6380000)
 Metaspace       used 15954K, capacity 16214K, committed 16384K, reserved 1062912K
  class space    used 1917K, capacity 2040K, committed 2048K, reserved 1048576K
Event: 2,399 GC heap after
Heap after GC invocations=6 (full 0):
 PSYoungGen      total 69120K, used 5850K [0x00000000ebe00000, 0x00000000f0900000, 0x0000000100000000)
  eden space 62976K, 0% used [0x00000000ebe00000,0x00000000ebe00000,0x00000000efb80000)
  from space 6144K, 95% used [0x00000000f0200000,0x00000000f07b6a78,0x00000000f0800000)
  to   space 6656K, 0% used [0x00000000efb80000,0x00000000efb80000,0x00000000f0200000)
 ParOldGen       total 42496K, used 6956K [0x00000000c3a00000, 0x00000000c6380000, 0x00000000ebe00000)
  object space 42496K, 16% used [0x00000000c3a00000,0x00000000c40cb318,0x00000000c6380000)
 Metaspace       used 15954K, capacity 16214K, committed 16384K, reserved 1062912K
  class space    used 1917K, capacity 2040K, committed 2048K, reserved 1048576K
}
Event: 3,133 GC heap before
{Heap before GC invocations=7 (full 0):
 PSYoungGen      total 69120K, used 68826K [0x00000000ebe00000, 0x00000000f0900000, 0x0000000100000000)
  eden space 62976K, 100% used [0x00000000ebe00000,0x00000000efb80000,0x00000000efb80000)
  from space 6144K, 95% used [0x00000000f0200000,0x00000000f07b6a78,0x00000000f0800000)
  to   space 6656K, 0% used [0x00000000efb80000,0x00000000efb80000,0x00000000f0200000)
 ParOldGen       total 42496K, used 6956K [0x00000000c3a00000, 0x00000000c6380000, 0x00000000ebe00000)
  object space 42496K, 16% used [0x00000000c3a00000,0x00000000c40cb318,0x00000000c6380000)
 Metaspace       used 16485K, capacity 16818K, committed 17152K, reserved 1064960K
  class space    used 1922K, capacity 2044K, committed 2048K, reserved 1048576K
Event: 3,148 GC heap after
Heap after GC invocations=7 (full 0):
 PSYoungGen      total 69632K, used 6624K [0x00000000ebe00000, 0x00000000f4900000, 0x0000000100000000)
  eden space 62976K, 0% used [0x00000000ebe00000,0x00000000ebe00000,0x00000000efb80000)
  from space 6656K, 99% used [0x00000000efb80000,0x00000000f01f8020,0x00000000f0200000)
  to   space 8192K, 0% used [0x00000000f4100000,0x00000000f4100000,0x00000000f4900000)
 ParOldGen       total 42496K, used 8060K [0x00000000c3a00000, 0x00000000c6380000, 0x00000000ebe00000)
  object space 42496K, 18% used [0x00000000c3a00000,0x00000000c41df398,0x00000000c6380000)
 Metaspace       used 16485K, capacity 16818K, committed 17152K, reserved 1064960K
  class space    used 1922K, capacity 2044K, committed 2048K, reserved 1048576K
}
Event: 3,949 GC heap before
{Heap before GC invocations=8 (full 0):
 PSYoungGen      total 69632K, used 69600K [0x00000000ebe00000, 0x00000000f4900000, 0x0000000100000000)
  eden space 62976K, 100% used [0x00000000ebe00000,0x00000000efb80000,0x00000000efb80000)
  from space 6656K, 99% used [0x00000000efb80000,0x00000000f01f8020,0x00000000f0200000)
  to   space 8192K, 0% used [0x00000000f4100000,0x00000000f4100000,0x00000000f4900000)
 ParOldGen       total 42496K, used 8060K [0x00000000c3a00000, 0x00000000c6380000, 0x00000000ebe00000)
  object space 42496K, 18% used [0x00000000c3a00000,0x00000000c41df398,0x00000000c6380000)
 Metaspace       used 18461K, capacity 18812K, committed 18944K, reserved 1067008K
  class space    used 2175K, capacity 2285K, committed 2304K, reserved 1048576K
Event: 3,968 GC heap after
Heap after GC invocations=8 (full 0):
 PSYoungGen      total 131584K, used 8176K [0x00000000ebe00000, 0x00000000f4e00000, 0x0000000100000000)
  eden space 123392K, 0% used [0x00000000ebe00000,0x00000000ebe00000,0x00000000f3680000)
  from space 8192K, 99% used [0x00000000f4100000,0x00000000f48fc010,0x00000000f4900000)
  to   space 10752K, 0% used [0x00000000f3680000,0x00000000f3680000,0x00000000f4100000)
 ParOldGen       total 42496K, used 11429K [0x00000000c3a00000, 0x00000000c6380000, 0x00000000ebe00000)
  object space 42496K, 26% used [0x00000000c3a00000,0x00000000c4529678,0x00000000c6380000)
 Metaspace       used 18461K, capacity 18812K, committed 18944K, reserved 1067008K
  class space    used 2175K, capacity 2285K, committed 2304K, reserved 1048576K
}
Event: 6,033 GC heap before
{Heap before GC invocations=9 (full 0):
 PSYoungGen      total 131584K, used 96843K [0x00000000ebe00000, 0x00000000f4e00000, 0x0000000100000000)
  eden space 123392K, 71% used [0x00000000ebe00000,0x00000000f1496f60,0x00000000f3680000)
  from space 8192K, 99% used [0x00000000f4100000,0x00000000f48fc010,0x00000000f4900000)
  to   space 10752K, 0% used [0x00000000f3680000,0x00000000f3680000,0x00000000f4100000)
 ParOldGen       total 42496K, used 11429K [0x00000000c3a00000, 0x00000000c6380000, 0x00000000ebe00000)
  object space 42496K, 26% used [0x00000000c3a00000,0x00000000c4529678,0x00000000c6380000)
 Metaspace       used 20688K, capacity 21140K, committed 21296K, reserved 1069056K
  class space    used 2421K, capacity 2572K, committed 2608K, reserved 1048576K

Deoptimization events (10 events):
Event: 5,435 Thread 0x00007fdc2c00b800 Uncommon trap: reason=bimorphic action=maybe_recompile pc=0x00007fdc1cf8801c method=java.lang.ThreadLocal.get()Ljava/lang/Object; @ 6
Event: 5,437 Thread 0x00007fdc2c00b800 Uncommon trap: reason=bimorphic action=maybe_recompile pc=0x00007fdc1cf8801c method=java.lang.ThreadLocal.get()Ljava/lang/Object; @ 6
Event: 5,458 Thread 0x00007fdc2c00b800 Uncommon trap: reason=unstable_if action=reinterpret pc=0x00007fdc1d3e8a48 method=org.eclipse.sisu.plexus.RealmFilteredBeans$FilteredItr.hasNext()Z @ 57
Event: 5,697 Thread 0x00007fdc2c00b800 Uncommon trap: reason=unstable_if action=reinterpret pc=0x00007fdc1cd4fd0c method=java.util.HashMap.hash(Ljava/lang/Object;)I @ 1
Event: 5,698 Thread 0x00007fdc2c00b800 Uncommon trap: reason=unstable_if action=reinterpret pc=0x00007fdc1cce1ce8 method=java.util.HashMap.hash(Ljava/lang/Object;)I @ 1
Event: 5,735 Thread 0x00007fdc2c00b800 Uncommon trap: reason=unstable_if action=reinterpret pc=0x00007fdc1d056b50 method=java.util.HashMap$HashIterator.<init>(Ljava/util/HashMap;)V @ 45
Event: 5,789 Thread 0x00007fdc2c00b800 Uncommon trap: reason=null_check action=make_not_entrant pc=0x00007fdc1d56db94 method=java.lang.Integer.equals(Ljava/lang/Object;)Z @ 1
Event: 5,789 Thread 0x00007fdc2c00b800 Uncommon trap: reason=null_check action=make_not_entrant pc=0x00007fdc1d5d35e4 method=java.lang.Integer.equals(Ljava/lang/Object;)Z @ 1
Event: 5,789 Thread 0x00007fdc2c00b800 Uncommon trap: reason=unstable_if action=reinterpret pc=0x00007fdc1cd48d54 method=java.util.HashMap.getNode(ILjava/lang/Object;)Ljava/util/HashMap$Node; @ 53
Event: 5,978 Thread 0x00007fdc2c00b800 Uncommon trap: reason=bimorphic action=maybe_recompile pc=0x00007fdc1d10e8d0 method=java.util.regex.Pattern$CharProperty.match(Ljava/util/regex/Matcher;ILjava/lang/CharSequence;)Z @ 37

Classes redefined (0 events):
No events

Internal exceptions (10 events):
Event: 2,007 Thread 0x00007fdc2c00b800 Implicit null exception at 0x00007fdc1ccf14b3 to 0x00007fdc1ccf1885
Event: 2,007 Thread 0x00007fdc2c00b800 Implicit null exception at 0x00007fdc1cbc8fb6 to 0x00007fdc1cbc9369
Event: 2,453 Thread 0x00007fdc2c00b800 Implicit null exception at 0x00007fdc1d11ebbc to 0x00007fdc1d11f699
Event: 3,749 Thread 0x00007fdc2c00b800 Exception <a 'java/lang/NoClassDefFoundError': org/sonatype/aether/version/VersionConstraint> (0x00000000ee6e9990) thrown at [/build/openjdk-8-5w_p1G/openjdk-8-8u191-b12/src/hotspot/src/share/vm/classfile/systemDictionary.cpp, line 199]
Event: 5,053 Thread 0x00007fdc2c00b800 Exception <a 'java/lang/NoClassDefFoundError': com/google/inject/ConfigurationException> (0x00000000ee4cb4e8) thrown at [/build/openjdk-8-5w_p1G/openjdk-8-8u191-b12/src/hotspot/src/share/vm/classfile/systemDictionary.cpp, line 199]
Event: 5,380 Thread 0x00007fdc2c00b800 Implicit null exception at 0x00007fdc1d55f8d8 to 0x00007fdc1d5613c9
Event: 5,697 Thread 0x00007fdc2c00b800 Implicit null exception at 0x00007fdc1cd4faf5 to 0x00007fdc1cd4fcfd
Event: 5,698 Thread 0x00007fdc2c00b800 Implicit null exception at 0x00007fdc1cce1c6f to 0x00007fdc1cce1cd9
Event: 5,789 Thread 0x00007fdc2c00b800 Implicit null exception at 0x00007fdc1d56a994 to 0x00007fdc1d56db71
Event: 5,789 Thread 0x00007fdc2c00b800 Implicit null exception at 0x00007fdc1d5d358c to 0x00007fdc1d5d35d5

Events (10 events):
Event: 6,028 loading class org/codehaus/plexus/component/configurator/converters/basic/CharConverter done
Event: 6,029 loading class org/codehaus/plexus/component/configurator/converters/basic/ByteConverter
Event: 6,029 loading class org/codehaus/plexus/component/configurator/converters/basic/ByteConverter done
Event: 6,029 loading class org/codehaus/plexus/component/configurator/converters/basic/ShortConverter
Event: 6,029 loading class org/codehaus/plexus/component/configurator/converters/basic/ShortConverter done
Event: 6,029 loading class org/codehaus/plexus/component/configurator/converters/composite/PlexusConfigurationConverter
Event: 6,029 loading class org/codehaus/plexus/component/configurator/converters/composite/PlexusConfigurationConverter done
Event: 6,030 loading class org/codehaus/plexus/component/configurator/converters/special/ClassRealmConverter
Event: 6,030 loading class org/codehaus/plexus/component/configurator/converters/special/ClassRealmConverter done
Event: 6,031 Executing VM operation: CollectForMetadataAllocation


Dynamic libraries:
c3a00000-c6380000 rw-p 00000000 00:00 0 
c6380000-ebe00000 ---p 00000000 00:00 0 
ebe00000-f4e00000 rw-p 00000000 00:00 0 
f9a00000-100000000 ---p 00000000 00:00 0 
100000000-10028c000 rw-p 00000000 00:00 0 
10028c000-140000000 ---p 00000000 00:00 0 
5647ecc0d000-5647ecc0e000 r-xp 00000000 fd:00 2890028                    /usr/lib/jvm/java-8-openjdk-amd64/jre/bin/java
5647ece0d000-5647ece0e000 r--p 00000000 fd:00 2890028                    /usr/lib/jvm/java-8-openjdk-amd64/jre/bin/java
5647ece0e000-5647ece0f000 rw-p 00001000 fd:00 2890028                    /usr/lib/jvm/java-8-openjdk-amd64/jre/bin/java
5647eed45000-5647eed66000 rw-p 00000000 00:00 0                          [heap]
7fdbe0000000-7fdbe0021000 rw-p 00000000 00:00 0 
7fdbe0021000-7fdbe4000000 ---p 00000000 00:00 0 
7fdbe4000000-7fdbe4021000 rw-p 00000000 00:00 0 
7fdbe4021000-7fdbe8000000 ---p 00000000 00:00 0 
7fdbe8000000-7fdbe8f6b000 rw-p 00000000 00:00 0 
7fdbe8f6b000-7fdbec000000 ---p 00000000 00:00 0 
7fdbec000000-7fdbece03000 rw-p 00000000 00:00 0 
7fdbece03000-7fdbf0000000 ---p 00000000 00:00 0 
7fdbf0000000-7fdbf0021000 rw-p 00000000 00:00 0 
7fdbf0021000-7fdbf4000000 ---p 00000000 00:00 0 
7fdbf4000000-7fdbf53fa000 rw-p 00000000 00:00 0 
7fdbf53fa000-7fdbf8000000 ---p 00000000 00:00 0 
7fdbf8000000-7fdbf8021000 rw-p 00000000 00:00 0 
7fdbf8021000-7fdbfc000000 ---p 00000000 00:00 0 
7fdbfc000000-7fdbfc021000 rw-p 00000000 00:00 0 
7fdbfc021000-7fdc00000000 ---p 00000000 00:00 0 
7fdc00000000-7fdc00021000 rw-p 00000000 00:00 0 
7fdc00021000-7fdc04000000 ---p 00000000 00:00 0 
7fdc04000000-7fdc04021000 rw-p 00000000 00:00 0 
7fdc04021000-7fdc08000000 ---p 00000000 00:00 0 
7fdc08000000-7fdc08021000 rw-p 00000000 00:00 0 
7fdc08021000-7fdc0c000000 ---p 00000000 00:00 0 
7fdc0deec000-7fdc0def3000 r--s 00000000 fd:00 2886065                    /usr/lib/x86_64-linux-gnu/gconv/gconv-modules.cache
7fdc0def3000-7fdc0df0a000 r--p 00000000 fd:00 3152224                    /usr/share/locale-langpack/hu/LC_MESSAGES/libc.mo
7fdc0df0a000-7fdc0df0d000 r--s 00023000 fd:00 6557043                    /home/marxj/.m2/repository/org/apache/maven/shared/maven-shared-utils/3.0.0/maven-shared-utils-3.0.0.jar
7fdc0df0d000-7fdc0df18000 r--s 00069000 fd:00 6556363                    /home/marxj/.m2/repository/org/sonatype/sisu/sisu-guice/2.1.7/sisu-guice-2.1.7-noaop.jar
7fdc0df18000-7fdc0df1d000 r--s 00021000 fd:00 6556382                    /home/marxj/.m2/repository/org/sonatype/sisu/sisu-inject-bean/1.4.2/sisu-inject-bean-1.4.2.jar
7fdc0df1d000-7fdc0df21000 r--s 00033000 fd:00 6557105                    /home/marxj/.m2/repository/org/codehaus/plexus/plexus-utils/2.0.4/plexus-utils-2.0.4.jar
7fdc0df21000-7fdc0df23000 r--s 00006000 fd:00 6426834                    /home/marxj/.m2/repository/org/apache/maven/plugins/maven-clean-plugin/3.0.0/maven-clean-plugin-3.0.0.jar
7fdc0df23000-7fdc0df63000 rw-p 00000000 00:00 0 
7fdc0df63000-7fdc0e123000 ---p 00000000 00:00 0 
7fdc0e123000-7fdc0e129000 r--s 0003d000 fd:00 6685250                    /home/marxj/.m2/repository/ch/qos/logback/logback-classic/1.1.2/logback-classic-1.1.2.jar
7fdc0e129000-7fdc0e133000 r--s 0005f000 fd:00 6685248                    /home/marxj/.m2/repository/ch/qos/logback/logback-core/1.1.2/logback-core-1.1.2.jar
7fdc0e133000-7fdc0e135000 r--s 0000d000 fd:00 6555200                    /home/marxj/.m2/repository/org/codehaus/plexus/plexus-interpolation/1.15/plexus-interpolation-1.15.jar
7fdc0e135000-7fdc0e139000 r--s 00035000 fd:00 6555659                    /home/marxj/.m2/repository/org/codehaus/plexus/plexus-utils/3.0.8/plexus-utils-3.0.8.jar
7fdc0e139000-7fdc0e13b000 r--s 0000b000 fd:00 6685245                    /home/marxj/.m2/repository/org/fusesource/hawtbuf/hawtbuf/1.9/hawtbuf-1.9.jar
7fdc0e13b000-7fdc0e13f000 r--s 0001a000 fd:00 5640618                    /home/marxj/.m2/repository/org/sonatype/spice/zapper/spice-zapper/1.3/spice-zapper-1.3.jar
7fdc0e13f000-7fdc0e145000 r--s 0003f000 fd:00 6030352                    /home/marxj/.m2/repository/org/apache/httpcomponents/httpcore/4.3.2/httpcore-4.3.2.jar
7fdc0e145000-7fdc0e151000 r--s 00085000 fd:00 5640616                    /home/marxj/.m2/repository/org/apache/httpcomponents/httpclient/4.3.5/httpclient-4.3.5.jar
7fdc0e151000-7fdc0e351000 rw-p 00000000 00:00 0 
7fdc0e352000-7fdc0e353000 r--s 00006000 fd:00 6685234                    /home/marxj/.m2/repository/org/fusesource/hawtbuf/hawtbuf-proto/1.9/hawtbuf-proto-1.9.jar
7fdc0e353000-7fdc0e355000 r--s 00003000 fd:00 6685240                    /home/marxj/.m2/repository/org/slf4j/jcl-over-slf4j/1.7.7/jcl-over-slf4j-1.7.7.jar
7fdc0e355000-7fdc0e35b000 r--s 00033000 fd:00 6557333                    /home/marxj/.m2/repository/commons-codec/commons-codec/1.6/commons-codec-1.6.jar
7fdc0e35b000-7fdc0e35c000 r--s 00007000 fd:00 6685203                    /home/marxj/.m2/repository/com/fasterxml/jackson/module/jackson-module-jaxb-annotations/2.3.1/jackson-module-jaxb-annotations-2.3.1.jar
7fdc0e35c000-7fdc0e35d000 r--s 00006000 fd:00 6685236                    /home/marxj/.m2/repository/com/fasterxml/jackson/jaxrs/jackson-jaxrs-base/2.3.1/jackson-jaxrs-base-2.3.1.jar
7fdc0e35d000-7fdc0e35f000 r--s 00003000 fd:00 6685217                    /home/marxj/.m2/repository/com/fasterxml/jackson/jaxrs/jackson-jaxrs-json-provider/2.3.1/jackson-jaxrs-json-provider-2.3.1.jar
7fdc0e35f000-7fdc0e371000 r--s 000ce000 fd:00 6685235                    /home/marxj/.m2/repository/com/fasterxml/jackson/core/jackson-databind/2.3.1/jackson-databind-2.3.1.jar
7fdc0e371000-7fdc0e375000 r--s 0002d000 fd:00 6685232                    /home/marxj/.m2/repository/com/fasterxml/jackson/core/jackson-core/2.3.1/jackson-core-2.3.1.jar
7fdc0e375000-7fdc0e377000 r--s 00007000 fd:00 6685228                    /home/marxj/.m2/repository/com/fasterxml/jackson/core/jackson-annotations/2.3.1/jackson-annotations-2.3.1.jar
7fdc0e377000-7fdc0e378000 r--s 00001000 fd:00 6685227                    /home/marxj/.m2/repository/org/sonatype/sisu/siesta/siesta-jackson/1.7/siesta-jackson-1.7.jar
7fdc0e378000-7fdc0e379000 r--s 00003000 fd:00 6685224                    /home/marxj/.m2/repository/com/sun/jersey/contribs/jersey-apache-client4/1.17.1/jersey-apache-client4-1.17.1.jar
7fdc0e379000-7fdc0e37c000 r--s 0001d000 fd:00 6685223                    /home/marxj/.m2/repository/com/sun/jersey/jersey-client/1.17.1/jersey-client-1.17.1.jar
7fdc0e37c000-7fdc0e380000 r--s 0000c000 fd:00 6685220                    /home/marxj/.m2/repository/javax/validation/validation-api/1.1.0.Final/validation-api-1.1.0.Final.jar
7fdc0e380000-7fdc0e38b000 r--s 00068000 fd:00 6685218                    /home/marxj/.m2/repository/com/sun/jersey/jersey-core/1.17.1/jersey-core-1.17.1.jar
7fdc0e38b000-7fdc0e38d000 r--s 0000a000 fd:00 6685213                    /home/marxj/.m2/repository/javax/ws/rs/jsr311-api/1.1.1/jsr311-api-1.1.1.jar
7fdc0e38d000-7fdc0e38e000 r--s 00002000 fd:00 6685214                    /home/marxj/.m2/repository/org/sonatype/sisu/siesta/siesta-common/1.7/siesta-common-1.7.jar
7fdc0e38e000-7fdc0e38f000 r--s 00004000 fd:00 6685212                    /home/marxj/.m2/repository/org/sonatype/sisu/siesta/siesta-client/1.7/siesta-client-1.7.jar
7fdc0e38f000-7fdc0e393000 r--s 0002f000 fd:00 6685210                    /home/marxj/.m2/repository/commons-beanutils/commons-beanutils-core/1.8.3/commons-beanutils-core-1.8.3.jar
7fdc0e393000-7fdc0e3a3000 r--s 0007d000 fd:00 6685208                    /home/marxj/.m2/repository/joda-time/joda-time/2.2/joda-time-2.2.jar
7fdc0e3a3000-7fdc0e3a5000 r--s 00005000 fd:00 6685206                    /home/marxj/.m2/repository/xpp3/xpp3_min/1.1.4c/xpp3_min-1.1.4c.jar
7fdc0e3a5000-7fdc0e3a6000 r--s 00001000 fd:00 6685204                    /home/marxj/.m2/repository/xmlpull/xmlpull/1.1.3.1/xmlpull-1.1.3.1.jar
7fdc0e3a6000-7fdc0e3b3000 r--s 00075000 fd:00 6685190                    /home/marxj/.m2/repository/com/thoughtworks/xstream/xstream/1.4.7/xstream-1.4.7.jar
7fdc0e3b3000-7fdc0e3b7000 r--s 0002a000 fd:00 6557331                    /home/marxj/.m2/repository/commons-io/commons-io/2.4/commons-io-2.4.jar
7fdc0e3b7000-7fdc0e3b8000 r--s 00002000 fd:00 6685200                    /home/marxj/.m2/repository/com/intellij/annotations/9.0.4/annotations-9.0.4.jar
7fdc0e3b8000-7fdc0e3ba000 r--s 00006000 fd:00 6555551                    /home/marxj/.m2/repository/com/google/code/findbugs/jsr305/2.0.1/jsr305-2.0.1.jar
7fdc0e3ba000-7fdc0e3bf000 r--s 00023000 fd:00 6686431                    /home/marxj/.m2/repository/org/sonatype/nexus/plugins/nexus-restlet1x-model/2.14.3-02/nexus-restlet1x-model-2.14.3-02.jar
7fdc0e3bf000-7fdc0e3c6000 r--s 0002e000 fd:00 6686429                    /home/marxj/.m2/repository/org/sonatype/nexus/nexus-client-core/2.14.3-02/nexus-client-core-2.14.3-02.jar
7fdc0e3c6000-7fdc0e3ef000 r--s 001ee000 fd:00 6685194                    /home/marxj/.m2/repository/com/google/guava/guava/14.0.1/guava-14.0.1.jar
7fdc0e3ef000-7fdc0e3f1000 r--s 00002000 fd:00 6685191                    /home/marxj/.m2/repository/org/sonatype/plexus/plexus-cipher/1.7/plexus-cipher-1.7.jar
7fdc0e3f1000-7fdc0e3f2000 r--s 00006000 fd:00 6685192                    /home/marxj/.m2/repository/org/sonatype/plexus/plexus-sec-dispatcher/1.4/plexus-sec-dispatcher-1.4.jar
7fdc0e3f2000-7fdc0e3f3000 r--s 00003000 fd:00 6686427                    /home/marxj/.m2/repository/org/sonatype/nexus/maven/nexus-common/1.6.8/nexus-common-1.6.8.jar
7fdc0e3f3000-7fdc0e3fa000 r--s 00037000 fd:00 6686425                    /home/marxj/.m2/repository/org/sonatype/plugins/nexus-staging-maven-plugin/1.6.8/nexus-staging-maven-plugin-1.6.8.jar
7fdc0e3fa000-7fdc0e5fa000 rw-p 00000000 00:00 0 
7fdc0e5fa000-7fdc0e5fc000 r--s 00004000 fd:00 6555198                    /home/marxj/.m2/repository/org/apache/maven/maven-archiver/2.5/maven-archiver-2.5.jar
7fdc0e5fc000-7fdc0e5fe000 r--s 00005000 fd:00 6556790                    /home/marxj/.m2/repository/org/apache/maven/plugins/maven-jar-plugin/2.5/maven-jar-plugin-2.5.jar
7fdc0e5fe000-7fdc0e602000 r--s 0001d000 fd:00 5251305                    /home/marxj/.m2/repository/org/eclipse/aether/aether-util/0.9.0.M2/aether-util-0.9.0.M2.jar
7fdc0e602000-7fdc0e605000 r--s 0000d000 fd:00 6556783                    /home/marxj/.m2/repository/org/apache/maven/shared/maven-dependency-tree/2.2/maven-dependency-tree-2.2.jar
7fdc0e605000-7fdc0e613000 r--s 0007f000 fd:00 6556466                    /home/marxj/.m2/repository/commons-collections/commons-collections/3.2.1/commons-collections-3.2.1.jar
7fdc0e613000-7fdc0e618000 r--s 00041000 fd:00 6556789                    /home/marxj/.m2/repository/commons-lang/commons-lang/2.6/commons-lang-2.6.jar
7fdc0e618000-7fdc0e61a000 r--s 00006000 fd:00 6556787                    /home/marxj/.m2/repository/org/apache/maven/shared/maven-invoker/2.1.1/maven-invoker-2.1.1.jar
7fdc0e61a000-7fdc0e61c000 r--s 00006000 fd:00 6556785                    /home/marxj/.m2/repository/org/apache/maven/shared/maven-common-artifact-filters/1.4/maven-common-artifact-filters-1.4.jar
7fdc0e61c000-7fdc0e61d000 r--s 0000c000 fd:00 6556781                    /home/marxj/.m2/repository/org/ow2/asm/asm/5.0.2/asm-5.0.2.jar
7fdc0e61d000-7fdc0e61f000 r--s 00006000 fd:00 6556779                    /home/marxj/.m2/repository/org/apache/maven/shared/maven-dependency-analyzer/1.5/maven-dependency-analyzer-1.5.jar
7fdc0e61f000-7fdc0e622000 r--s 0000c000 fd:00 6556777                    /home/marxj/.m2/repository/org/codehaus/plexus/plexus-io/2.0.9/plexus-io-2.0.9.jar
7fdc0e622000-7fdc0e624000 r--s 00008000 fd:00 6556773                    /home/marxj/.m2/repository/org/apache/maven/shared/maven-shared-io/1.1/maven-shared-io-1.1.jar
7fdc0e624000-7fdc0e626000 r--s 00008000 fd:00 6556772                    /home/marxj/.m2/repository/org/apache/maven/shared/file-management/1.2.1/file-management-1.2.1.jar
7fdc0e626000-7fdc0e62a000 r--s 00014000 fd:00 5508265                    /home/marxj/.m2/repository/org/tukaani/xz/1.2/xz-1.2.jar
7fdc0e62a000-7fdc0e62f000 r--s 0003a000 fd:00 5640573                    /home/marxj/.m2/repository/org/apache/commons/commons-compress/1.5/commons-compress-1.5.jar
7fdc0e62f000-7fdc0e634000 r--s 00024000 fd:00 6556758                    /home/marxj/.m2/repository/org/codehaus/plexus/plexus-archiver/2.4.4/plexus-archiver-2.4.4.jar
7fdc0e634000-7fdc0e637000 r--s 0001b000 fd:00 6556462                    /home/marxj/.m2/repository/org/apache/struts/struts-tiles/1.3.8/struts-tiles-1.3.8.jar
7fdc0e637000-7fdc0e63c000 r--s 00039000 fd:00 6556460                    /home/marxj/.m2/repository/org/apache/struts/struts-taglib/1.3.8/struts-taglib-1.3.8.jar
7fdc0e63c000-7fdc0e641000 r--s 00053000 fd:00 6556433                    /home/marxj/.m2/repository/antlr/antlr/2.7.2/antlr-2.7.2.jar
7fdc0e641000-7fdc0e647000 r--s 0004b000 fd:00 5907950                    /home/marxj/.m2/repository/org/apache/struts/struts-core/1.3.8/struts-core-1.3.8.jar
7fdc0e647000-7fdc0e649000 r--s 00005000 fd:00 6556456                    /home/marxj/.m2/repository/sslext/sslext/1.2-0/sslext-1.2-0.jar
7fdc0e649000-7fdc0e651000 r--s 00068000 fd:00 6556455                    /home/marxj/.m2/repository/dom4j/dom4j/1.1/dom4j-1.1.jar
7fdc0e651000-7fdc0e653000 r--s 00014000 fd:00 6556450                    /home/marxj/.m2/repository/commons-chain/commons-chain/1.1/commons-chain-1.1.jar
7fdc0e653000-7fdc0e659000 r--s 0004f000 fd:00 6294322                    /home/marxj/.m2/repository/org/apache/velocity/velocity-tools/2.0/velocity-tools-2.0.jar
7fdc0e659000-7fdc0e65b000 r--s 0000e000 fd:00 6556478                    /home/marxj/.m2/repository/oro/oro/2.0.8/oro-2.0.8.jar
7fdc0e65b000-7fdc0e663000 r--s 00058000 fd:00 5907952                    /home/marxj/.m2/repository/org/apache/velocity/velocity/1.5/velocity-1.5.jar
7fdc0e663000-7fdc0e664000 r--s 00001000 fd:00 6556766                    /home/marxj/.m2/repository/org/codehaus/plexus/plexus-velocity/1.1.7/plexus-velocity-1.1.7.jar
7fdc0e664000-7fdc0e665000 r--s 00002000 fd:00 6556475                    /home/marxj/.m2/repository/org/codehaus/plexus/plexus-i18n/1.0-beta-7/plexus-i18n-1.0-beta-7.jar
7fdc0e665000-7fdc0e667000 r--s 00008000 fd:00 6556426                    /home/marxj/.m2/repository/org/apache/maven/doxia/doxia-module-fml/1.4/doxia-module-fml-1.4.jar
7fdc0e667000-7fdc0e668000 r--s 00003000 fd:00 6556420                    /home/marxj/.m2/repository/org/apache/maven/doxia/doxia-module-xhtml/1.4/doxia-module-xhtml-1.4.jar
7fdc0e668000-7fdc0e669000 r--s 0000e000 fd:00 6556443                    /home/marxj/.m2/repository/org/apache/maven/doxia/doxia-decoration-model/1.4/doxia-decoration-model-1.4.jar
7fdc0e669000-7fdc0e66b000 r--s 0000b000 fd:00 6556444                    /home/marxj/.m2/repository/org/apache/maven/doxia/doxia-site-renderer/1.4/doxia-site-renderer-1.4.jar
7fdc0e66b000-7fdc0e66c000 r--s 00002000 fd:00 6556406                    /home/marxj/.m2/repository/org/apache/maven/doxia/doxia-logging-api/1.4/doxia-logging-api-1.4.jar
7fdc0e66c000-7fdc0e66d000 r--s 00002000 fd:00 6556405                    /home/marxj/.m2/repository/org/apache/maven/doxia/doxia-sink-api/1.4/doxia-sink-api-1.4.jar
7fdc0e66d000-7fdc0e670000 r--s 00018000 fd:00 6556490                    /home/marxj/.m2/repository/commons-io/commons-io/1.4/commons-io-1.4.jar
7fdc0e670000-7fdc0e672000 r--s 00008000 fd:00 6556764                    /home/marxj/.m2/repository/commons-logging/commons-logging/1.0.4/commons-logging-1.0.4.jar
7fdc0e672000-7fdc0e676000 r--s 00026000 fd:00 6556763                    /home/marxj/.m2/repository/commons-digester/commons-digester/1.6/commons-digester-1.6.jar
7fdc0e676000-7fdc0e67b000 r--s 0002a000 fd:00 6556435                    /home/marxj/.m2/repository/commons-beanutils/commons-beanutils/1.7.0/commons-beanutils-1.7.0.jar
7fdc0e67b000-7fdc0e67e000 r--s 0001f000 fd:00 6556452                    /home/marxj/.m2/repository/commons-validator/commons-validator/1.3.1/commons-validator-1.3.1.jar
7fdc0e67e000-7fdc0e680000 r--s 0000a000 fd:00 6556419                    /home/marxj/.m2/repository/commons-codec/commons-codec/1.3/commons-codec-1.3.jar
7fdc0e680000-7fdc0e685000 r--s 00026000 fd:00 6294320                    /home/marxj/.m2/repository/org/apache/httpcomponents/httpcore/4.0.1/httpcore-4.0.1.jar
7fdc0e685000-7fdc0e68c000 r--s 00041000 fd:00 5772885                    /home/marxj/.m2/repository/org/apache/httpcomponents/httpclient/4.0.2/httpclient-4.0.2.jar
7fdc0e68c000-7fdc0e694000 r--s 00028000 fd:00 6556415                    /home/marxj/.m2/repository/xml-apis/xml-apis/1.3.04/xml-apis-1.3.04.jar
7fdc0e694000-7fdc0e6ac000 r--s 00115000 fd:00 6556412                    /home/marxj/.m2/repository/xerces/xercesImpl/2.9.1/xercesImpl-2.9.1.jar
7fdc0e6ac000-7fdc0e6b0000 r--s 00022000 fd:00 6556761                    /home/marxj/.m2/repository/org/apache/maven/doxia/doxia-core/1.2/doxia-core-1.2.jar
7fdc0e6b0000-7fdc0e6b2000 r--s 00003000 fd:00 6556759                    /home/marxj/.m2/repository/org/apache/maven/reporting/maven-reporting-impl/2.2/maven-reporting-impl-2.2.jar
7fdc0e6b2000-7fdc0e6b3000 r--s 00002000 fd:00 6556360                    /home/marxj/.m2/repository/org/apache/maven/reporting/maven-reporting-api/3.0/maven-reporting-api-3.0.jar
7fdc0e6b3000-7fdc0e6bb000 r--s 00049000 fd:00 6556727                    /home/marxj/.m2/repository/backport-util-concurrent/backport-util-concurrent/3.1/backport-util-concurrent-3.1.jar
7fdc0e6bb000-7fdc0e6be000 r--s 0001b000 fd:00 6555139                    /home/marxj/.m2/repository/junit/junit/3.8.1/junit-3.8.1.jar
7fdc0e6be000-7fdc0e6c1000 r--s 00024000 fd:00 5508263                    /home/marxj/.m2/repository/org/apache/maven/plugins/maven-dependency-plugin/2.9/maven-dependency-plugin-2.9.jar
7fdc0e6c1000-7fdc0e6c3000 r--s 00000000 fd:00 6555556                    /home/marxj/.m2/repository/org/codehaus/plexus/plexus-component-annotations/1.5.5/plexus-component-annotations-1.5.5.jar
7fdc0e6c3000-7fdc0e6c5000 r--s 0000d000 fd:00 6684789                    /home/marxj/.m2/repository/org/codehaus/plexus/plexus-interpolation/1.16/plexus-interpolation-1.16.jar
7fdc0e6c5000-7fdc0e6c7000 r--s 00002000 fd:00 6556394                    /home/marxj/.m2/repository/org/sonatype/plexus/plexus-cipher/1.4/plexus-cipher-1.4.jar
7fdc0e6c7000-7fdc0e6c8000 r--s 00006000 fd:00 6556390                    /home/marxj/.m2/repository/org/sonatype/plexus/plexus-sec-dispatcher/1.3/plexus-sec-dispatcher-1.3.jar
7fdc0e6c8000-7fdc0e6cc000 r--s 00035000 fd:00 6557317                    /home/marxj/.m2/repository/org/codehaus/plexus/plexus-utils/3.0.10/plexus-utils-3.0.10.jar
7fdc0e6cc000-7fdc0e6cd000 r--s 0000a000 fd:00 6556950                    /home/marxj/.m2/repository/asm/asm/3.3.1/asm-3.3.1.jar
7fdc0e6cd000-7fdc0e6d3000 r--s 0002c000 fd:00 6684776                    /home/marxj/.m2/repository/org/eclipse/sisu/org.eclipse.sisu.inject/0.0.0.M2a/org.eclipse.sisu.inject-0.0.0.M2a.jar
7fdc0e6d3000-7fdc0e6d5000 r--s 00000000 fd:00 6684773                    /home/marxj/.m2/repository/aopalliance/aopalliance/1.0/aopalliance-1.0.jar
7fdc0e6d5000-7fdc0e6dd000 r--s 00050000 fd:00 6684771                    /home/marxj/.m2/repository/org/sonatype/sisu/sisu-guice/3.1.0/sisu-guice-3.1.0-no_aop.jar
7fdc0e6dd000-7fdc0e6e0000 r--s 00006000 fd:00 6684770                    /home/marxj/.m2/repository/com/google/code/findbugs/jsr305/1.3.9/jsr305-1.3.9.jar
7fdc0e6e0000-7fdc0e6fe000 r--s 00151000 fd:00 6684768                    /home/marxj/.m2/repository/com/google/guava/guava/10.0.1/guava-10.0.1.jar
7fdc0e6fe000-7fdc0e701000 r--s 00008000 fd:00 6557311                    /home/marxj/.m2/repository/javax/enterprise/cdi-api/1.0/cdi-api-1.0.jar
7fdc0e701000-7fdc0e702000 r--s 00008000 fd:00 4982760                    /home/marxj/.m2/repository/org/apache/nifi/nifi-nar-maven-plugin/1.2.0/nifi-nar-maven-plugin-1.2.0.jar
7fdc0e702000-7fdc0e713000 r-xp 00000000 fd:00 3017329                    /usr/lib/jvm/java-8-openjdk-amd64/jre/lib/amd64/libnio.so
7fdc0e713000-7fdc0e913000 ---p 00011000 fd:00 3017329                    /usr/lib/jvm/java-8-openjdk-amd64/jre/lib/amd64/libnio.so
7fdc0e913000-7fdc0e914000 r--p 00011000 fd:00 3017329                    /usr/lib/jvm/java-8-openjdk-amd64/jre/lib/amd64/libnio.so
7fdc0e914000-7fdc0e915000 rw-p 00012000 fd:00 3017329                    /usr/lib/jvm/java-8-openjdk-amd64/jre/lib/amd64/libnio.so
7fdc0e915000-7fdc0e92c000 r-xp 00000000 fd:00 3017328                    /usr/lib/jvm/java-8-openjdk-amd64/jre/lib/amd64/libnet.so
7fdc0e92c000-7fdc0eb2b000 ---p 00017000 fd:00 3017328                    /usr/lib/jvm/java-8-openjdk-amd64/jre/lib/amd64/libnet.so
7fdc0eb2b000-7fdc0eb2c000 r--p 00016000 fd:00 3017328                    /usr/lib/jvm/java-8-openjdk-amd64/jre/lib/amd64/libnet.so
7fdc0eb2c000-7fdc0eb2d000 rw-p 00017000 fd:00 3017328                    /usr/lib/jvm/java-8-openjdk-amd64/jre/lib/amd64/libnet.so
7fdc0eb2d000-7fdc0eb32000 r--s 000a0000 fd:00 3017722                    /usr/lib/jvm/java-8-openjdk-amd64/jre/lib/jsse.jar
7fdc0eb32000-7fdc0ed32000 rw-p 00000000 00:00 0 
7fdc0ed32000-7fdc0ef32000 rw-p 00000000 00:00 0 
7fdc0ef32000-7fdc0f132000 rw-p 00000000 00:00 0 
7fdc0f132000-7fdc0f136000 r--s 0001f000 fd:00 3022150                    /usr/share/java/maven-resolver-api.jar
7fdc0f136000-7fdc0f138000 r--s 00007000 fd:00 3022143                    /usr/share/java/jansi.jar
7fdc0f138000-7fdc0f139000 r--s 00002000 fd:00 3022206                    /usr/share/java/maven3-builder-support.jar
7fdc0f139000-7fdc0f147000 r--s 0009a000 fd:00 3022128                    /usr/share/java/guice.jar
7fdc0f147000-7fdc0f149000 r--s 00006000 fd:00 3022179                    /usr/share/java/plexus-sec-dispatcher.jar
7fdc0f149000-7fdc0f14a000 r--s 00002000 fd:00 3022063                    /usr/share/java/geronimo-annotation-1.3-spec.jar
7fdc0f14a000-7fdc0f14b000 r--s 00000000 fd:00 3021962                    /usr/share/java/atinject-jsr330-api-1.0.jar
7fdc0f14b000-7fdc0f14d000 r--s 0000e000 fd:00 3022214                    /usr/share/java/maven3-resolver-provider.jar
7fdc0f14d000-7fdc0f151000 r--s 00022000 fd:00 3022158                    /usr/share/java/maven-resolver-util.jar
7fdc0f151000-7fdc0f153000 r--s 00008000 fd:00 3022215                    /usr/share/java/maven3-settings-builder.jar
7fdc0f153000-7fdc0f160000 r--s 0008d000 fd:00 3022208                    /usr/share/java/maven3-core.jar
7fdc0f160000-7fdc0f161000 r--s 00001000 fd:00 3021977                    /usr/share/java/geronimo-interceptor-3.0-spec.jar
7fdc0f161000-7fdc0f162000 r--s 00000000 fd:00 3021962                    /usr/share/java/atinject-jsr330-api-1.0.jar
7fdc0f162000-7fdc0f165000 r--s 0000e000 fd:00 3021991                    /usr/share/java/cdi-api.jar
7fdc0f165000-7fdc0f167000 r--s 00003000 fd:00 3022181                    /usr/share/java/jcl-over-slf4j.jar
7fdc0f167000-7fdc0f169000 r--s 00006000 fd:00 3022153                    /usr/share/java/maven-resolver-spi.jar
7fdc0f169000-7fdc0f16d000 r--s 00023000 fd:00 3022168                    /usr/share/java/maven-shared-utils.jar
7fdc0f16d000-7fdc0f170000 r--s 00011000 fd:00 3022177                    /usr/share/java/plexus-interpolation.jar
7fdc0f170000-7fdc0f172000 r--s 00009000 fd:00 3022184                    /usr/share/java/slf4j-api.jar
7fdc0f172000-7fdc0f174000 r--s 00000000 fd:00 3022174                    /usr/share/java/plexus-component-annotations.jar
7fdc0f174000-7fdc0f176000 r--s 00008000 fd:00 3022151                    /usr/share/java/maven-resolver-connector-basic.jar
7fdc0f176000-7fdc0f17b000 r--s 00030000 fd:00 3022036                    /usr/share/java/commons-io.jar
7fdc0f17b000-7fdc0f1a7000 r--s 00208000 fd:00 3022103                    /usr/share/java/guava.jar
7fdc0f1a7000-7fdc0f1a9000 r--s 00001000 fd:00 3022118                    /usr/share/java/aopalliance-1.0.jar
7fdc0f1a9000-7fdc0f1aa000 ---p 00000000 00:00 0 
7fdc0f1aa000-7fdc0f2aa000 rw-p 00000000 00:00 0 
7fdc0f2aa000-7fdc0f2ad000 ---p 00000000 00:00 0 
7fdc0f2ad000-7fdc0f3ab000 rw-p 00000000 00:00 0 
7fdc0f3ab000-7fdc0f3ac000 ---p 00000000 00:00 0 
7fdc0f3ac000-7fdc0f3af000 ---p 00000000 00:00 0 
7fdc0f3af000-7fdc0f4ac000 rw-p 00000000 00:00 0 
7fdc0f4ac000-7fdc10000000 r--p 00000000 fd:00 2628292                    /usr/lib/locale/locale-archive
7fdc10000000-7fdc10021000 rw-p 00000000 00:00 0 
7fdc10021000-7fdc14000000 ---p 00000000 00:00 0 
7fdc14000000-7fdc14001000 r--s 00004000 fd:00 3022217                    /usr/share/java/maven3-slf4j-provider.jar
7fdc14001000-7fdc14009000 r--s 0006d000 fd:00 3022049                    /usr/share/java/commons-lang3.jar
7fdc14009000-7fdc1400b000 r--s 0000a000 fd:00 3022011                    /usr/share/java/commons-cli.jar
7fdc1400b000-7fdc1400d000 r--s 00005000 fd:00 3022157                    /usr/share/java/maven-resolver-transport-wagon.jar
7fdc1400d000-7fdc14013000 r--s 0002d000 fd:00 3022203                    /usr/share/java/sisu-plexus.jar
7fdc14013000-7fdc1401a000 r--s 00042000 fd:00 3022207                    /usr/share/java/maven3-compat.jar
7fdc1401a000-7fdc1401c000 r--s 0000a000 fd:00 3022212                    /usr/share/java/maven3-plugin-api.jar
7fdc1401c000-7fdc14023000 r--s 00054000 fd:00 3022201                    /usr/share/java/sisu-inject.jar
7fdc14023000-7fdc14026000 r--s 0000a000 fd:00 3022205                    /usr/share/java/maven3-artifact.jar
7fdc14026000-7fdc14029000 r--s 00027000 fd:00 3022211                    /usr/share/java/maven3-model.jar
7fdc14029000-7fdc1402d000 r--s 0003b000 fd:00 3022145                    /usr/share/java/plexus-utils2.jar
7fdc1402d000-7fdc1405a000 r--s 001ce000 fd:00 3022246                    /usr/share/java/wagon-http-shaded-3.0.0.jar
7fdc1405a000-7fdc1405e000 r--s 00028000 fd:00 3022152                    /usr/share/java/maven-resolver-impl.jar
7fdc1405e000-7fdc14063000 r--s 00026000 fd:00 3022210                    /usr/share/java/maven3-model-builder.jar
7fdc14063000-7fdc14066000 r--s 00015000 fd:00 3022209                    /usr/share/java/maven3-embedder.jar
7fdc14066000-7fdc14070000 r--s 00116000 fd:00 3017565                    /usr/lib/jvm/java-8-openjdk-amd64/jre/lib/ext/localedata.jar
7fdc14070000-7fdc1408b000 r--s 001d6000 fd:00 3017566                    /usr/lib/jvm/java-8-openjdk-amd64/jre/lib/ext/nashorn.jar
7fdc1408b000-7fdc140a6000 r--s 00394000 fd:00 3017518                    /usr/lib/jvm/java-8-openjdk-amd64/jre/lib/ext/cldrdata.jar
7fdc140a6000-7fdc140a7000 ---p 00000000 00:00 0 
7fdc140a7000-7fdc140aa000 ---p 00000000 00:00 0 
7fdc140aa000-7fdc141a7000 rw-p 00000000 00:00 0 
7fdc141a7000-7fdc141a8000 ---p 00000000 00:00 0 
7fdc141a8000-7fdc141ab000 ---p 00000000 00:00 0 
7fdc141ab000-7fdc142a8000 rw-p 00000000 00:00 0 
7fdc142a8000-7fdc142ab000 ---p 00000000 00:00 0 
7fdc142ab000-7fdc143a9000 rw-p 00000000 00:00 0 
7fdc143a9000-7fdc143ac000 ---p 00000000 00:00 0 
7fdc143ac000-7fdc144aa000 rw-p 00000000 00:00 0 
7fdc144aa000-7fdc144ad000 ---p 00000000 00:00 0 
7fdc144ad000-7fdc145ab000 rw-p 00000000 00:00 0 
7fdc145ab000-7fdc145ac000 ---p 00000000 00:00 0 
7fdc145ac000-7fdc1561e000 rw-p 00000000 00:00 0 
7fdc1561e000-7fdc157ed000 r--s 03c33000 fd:00 3017898                    /usr/lib/jvm/java-8-openjdk-amd64/jre/lib/rt.jar
7fdc157ed000-7fdc18000000 rw-p 00000000 00:00 0 
7fdc18000000-7fdc18021000 rw-p 00000000 00:00 0 
7fdc18021000-7fdc1c000000 ---p 00000000 00:00 0 
7fdc1c000000-7fdc1c001000 r--s 0000a000 fd:00 3022216                    /usr/share/java/maven3-settings.jar
7fdc1c001000-7fdc1c0c5000 rw-p 00000000 00:00 0 
7fdc1c0c5000-7fdc1c0c6000 ---p 00000000 00:00 0 
7fdc1c0c6000-7fdc1c1c6000 rw-p 00000000 00:00 0 
7fdc1c1c6000-7fdc1c1c7000 ---p 00000000 00:00 0 
7fdc1c1c7000-7fdc1c2c7000 rw-p 00000000 00:00 0 
7fdc1c2c7000-7fdc1c2c8000 ---p 00000000 00:00 0 
7fdc1c2c8000-7fdc1c3c8000 rw-p 00000000 00:00 0 
7fdc1c3c8000-7fdc1c3c9000 ---p 00000000 00:00 0 
7fdc1c3c9000-7fdc1c4de000 rw-p 00000000 00:00 0 
7fdc1c4de000-7fdc1c60b000 ---p 00000000 00:00 0 
7fdc1c60b000-7fdc1c640000 rw-p 00000000 00:00 0 
7fdc1c640000-7fdc1c9cb000 ---p 00000000 00:00 0 
7fdc1c9cb000-7fdc1d6fb000 rwxp 00000000 00:00 0 
7fdc1d6fb000-7fdc2b9cb000 ---p 00000000 00:00 0 
7fdc2b9cb000-7fdc2b9d3000 r-xp 00000000 fd:00 3017336                    /usr/lib/jvm/java-8-openjdk-amd64/jre/lib/amd64/libzip.so
7fdc2b9d3000-7fdc2bbd2000 ---p 00008000 fd:00 3017336                    /usr/lib/jvm/java-8-openjdk-amd64/jre/lib/amd64/libzip.so
7fdc2bbd2000-7fdc2bbd3000 r--p 00007000 fd:00 3017336                    /usr/lib/jvm/java-8-openjdk-amd64/jre/lib/amd64/libzip.so
7fdc2bbd3000-7fdc2bbd4000 rw-p 00008000 fd:00 3017336                    /usr/lib/jvm/java-8-openjdk-amd64/jre/lib/amd64/libzip.so
7fdc2bbd4000-7fdc2bbdf000 r-xp 00000000 fd:00 5772122                    /lib/x86_64-linux-gnu/libnss_files-2.27.so
7fdc2bbdf000-7fdc2bdde000 ---p 0000b000 fd:00 5772122                    /lib/x86_64-linux-gnu/libnss_files-2.27.so
7fdc2bdde000-7fdc2bddf000 r--p 0000a000 fd:00 5772122                    /lib/x86_64-linux-gnu/libnss_files-2.27.so
7fdc2bddf000-7fdc2bde0000 rw-p 0000b000 fd:00 5772122                    /lib/x86_64-linux-gnu/libnss_files-2.27.so
7fdc2bde0000-7fdc2bde6000 rw-p 00000000 00:00 0 
7fdc2bde6000-7fdc2bdfd000 r-xp 00000000 fd:00 5772116                    /lib/x86_64-linux-gnu/libnsl-2.27.so
7fdc2bdfd000-7fdc2bffc000 ---p 00017000 fd:00 5772116                    /lib/x86_64-linux-gnu/libnsl-2.27.so
7fdc2bffc000-7fdc2bffd000 r--p 00016000 fd:00 5772116                    /lib/x86_64-linux-gnu/libnsl-2.27.so
7fdc2bffd000-7fdc2bffe000 rw-p 00017000 fd:00 5772116                    /lib/x86_64-linux-gnu/libnsl-2.27.so
7fdc2bffe000-7fdc2c000000 rw-p 00000000 00:00 0 
7fdc2c000000-7fdc2d261000 rw-p 00000000 00:00 0 
7fdc2d261000-7fdc30000000 ---p 00000000 00:00 0 
7fdc30000000-7fdc30001000 r--s 00001000 fd:00 3022244                    /usr/share/java/wagon-file.jar
7fdc30001000-7fdc30002000 r--s 00003000 fd:00 3022170                    /usr/share/java/plexus-cipher.jar
7fdc30002000-7fdc30017000 rw-p 00000000 00:00 0 
7fdc30017000-7fdc30144000 ---p 00000000 00:00 0 
7fdc30144000-7fdc3018c000 rw-p 00000000 00:00 0 
7fdc3018c000-7fdc301e5000 ---p 00000000 00:00 0 
7fdc301e5000-7fdc301e6000 rw-p 00000000 00:00 0 
7fdc301e6000-7fdc301f1000 r-xp 00000000 fd:00 5772133                    /lib/x86_64-linux-gnu/libnss_nis-2.27.so
7fdc301f1000-7fdc303f0000 ---p 0000b000 fd:00 5772133                    /lib/x86_64-linux-gnu/libnss_nis-2.27.so
7fdc303f0000-7fdc303f1000 r--p 0000a000 fd:00 5772133                    /lib/x86_64-linux-gnu/libnss_nis-2.27.so
7fdc303f1000-7fdc303f2000 rw-p 0000b000 fd:00 5772133                    /lib/x86_64-linux-gnu/libnss_nis-2.27.so
7fdc303f2000-7fdc303fa000 r-xp 00000000 fd:00 5772118                    /lib/x86_64-linux-gnu/libnss_compat-2.27.so
7fdc303fa000-7fdc305fa000 ---p 00008000 fd:00 5772118                    /lib/x86_64-linux-gnu/libnss_compat-2.27.so
7fdc305fa000-7fdc305fb000 r--p 00008000 fd:00 5772118                    /lib/x86_64-linux-gnu/libnss_compat-2.27.so
7fdc305fb000-7fdc305fc000 rw-p 00009000 fd:00 5772118                    /lib/x86_64-linux-gnu/libnss_compat-2.27.so
7fdc305fc000-7fdc3062a000 r-xp 00000000 fd:00 3017317                    /usr/lib/jvm/java-8-openjdk-amd64/jre/lib/amd64/libjava.so
7fdc3062a000-7fdc30829000 ---p 0002e000 fd:00 3017317                    /usr/lib/jvm/java-8-openjdk-amd64/jre/lib/amd64/libjava.so
7fdc30829000-7fdc3082a000 r--p 0002d000 fd:00 3017317                    /usr/lib/jvm/java-8-openjdk-amd64/jre/lib/amd64/libjava.so
7fdc3082a000-7fdc3082c000 rw-p 0002e000 fd:00 3017317                    /usr/lib/jvm/java-8-openjdk-amd64/jre/lib/amd64/libjava.so
7fdc3082c000-7fdc3083c000 r-xp 00000000 fd:00 3017335                    /usr/lib/jvm/java-8-openjdk-amd64/jre/lib/amd64/libverify.so
7fdc3083c000-7fdc30a3b000 ---p 00010000 fd:00 3017335                    /usr/lib/jvm/java-8-openjdk-amd64/jre/lib/amd64/libverify.so
7fdc30a3b000-7fdc30a3d000 r--p 0000f000 fd:00 3017335                    /usr/lib/jvm/java-8-openjdk-amd64/jre/lib/amd64/libverify.so
7fdc30a3d000-7fdc30a3e000 rw-p 00011000 fd:00 3017335                    /usr/lib/jvm/java-8-openjdk-amd64/jre/lib/amd64/libverify.so
7fdc30a3e000-7fdc30a45000 r-xp 00000000 fd:00 5772173                    /lib/x86_64-linux-gnu/librt-2.27.so
7fdc30a45000-7fdc30c44000 ---p 00007000 fd:00 5772173                    /lib/x86_64-linux-gnu/librt-2.27.so
7fdc30c44000-7fdc30c45000 r--p 00006000 fd:00 5772173                    /lib/x86_64-linux-gnu/librt-2.27.so
7fdc30c45000-7fdc30c46000 rw-p 00007000 fd:00 5772173                    /lib/x86_64-linux-gnu/librt-2.27.so
7fdc30c46000-7fdc30c5d000 r-xp 00000000 fd:00 5767174                    /lib/x86_64-linux-gnu/libgcc_s.so.1
7fdc30c5d000-7fdc30e5c000 ---p 00017000 fd:00 5767174                    /lib/x86_64-linux-gnu/libgcc_s.so.1
7fdc30e5c000-7fdc30e5d000 r--p 00016000 fd:00 5767174                    /lib/x86_64-linux-gnu/libgcc_s.so.1
7fdc30e5d000-7fdc30e5e000 rw-p 00017000 fd:00 5767174                    /lib/x86_64-linux-gnu/libgcc_s.so.1
7fdc30e5e000-7fdc30ffb000 r-xp 00000000 fd:00 5772095                    /lib/x86_64-linux-gnu/libm-2.27.so
7fdc30ffb000-7fdc311fa000 ---p 0019d000 fd:00 5772095                    /lib/x86_64-linux-gnu/libm-2.27.so
7fdc311fa000-7fdc311fb000 r--p 0019c000 fd:00 5772095                    /lib/x86_64-linux-gnu/libm-2.27.so
7fdc311fb000-7fdc311fc000 rw-p 0019d000 fd:00 5772095                    /lib/x86_64-linux-gnu/libm-2.27.so
7fdc311fc000-7fdc31375000 r-xp 00000000 fd:00 2625777                    /usr/lib/x86_64-linux-gnu/libstdc++.so.6.0.25
7fdc31375000-7fdc31575000 ---p 00179000 fd:00 2625777                    /usr/lib/x86_64-linux-gnu/libstdc++.so.6.0.25
7fdc31575000-7fdc3157f000 r--p 00179000 fd:00 2625777                    /usr/lib/x86_64-linux-gnu/libstdc++.so.6.0.25
7fdc3157f000-7fdc31581000 rw-p 00183000 fd:00 2625777                    /usr/lib/x86_64-linux-gnu/libstdc++.so.6.0.25
7fdc31581000-7fdc31585000 rw-p 00000000 00:00 0 
7fdc31585000-7fdc3221f000 r-xp 00000000 fd:00 3017349                    /usr/lib/jvm/java-8-openjdk-amd64/jre/lib/amd64/server/libjvm.so
7fdc3221f000-7fdc3241e000 ---p 00c9a000 fd:00 3017349                    /usr/lib/jvm/java-8-openjdk-amd64/jre/lib/amd64/server/libjvm.so
7fdc3241e000-7fdc324b2000 r--p 00c99000 fd:00 3017349                    /usr/lib/jvm/java-8-openjdk-amd64/jre/lib/amd64/server/libjvm.so
7fdc324b2000-7fdc324db000 rw-p 00d2d000 fd:00 3017349                    /usr/lib/jvm/java-8-openjdk-amd64/jre/lib/amd64/server/libjvm.so
7fdc324db000-7fdc3250b000 rw-p 00000000 00:00 0 
7fdc3250b000-7fdc32525000 r-xp 00000000 fd:00 5772165                    /lib/x86_64-linux-gnu/libpthread-2.27.so
7fdc32525000-7fdc32724000 ---p 0001a000 fd:00 5772165                    /lib/x86_64-linux-gnu/libpthread-2.27.so
7fdc32724000-7fdc32725000 r--p 00019000 fd:00 5772165                    /lib/x86_64-linux-gnu/libpthread-2.27.so
7fdc32725000-7fdc32726000 rw-p 0001a000 fd:00 5772165                    /lib/x86_64-linux-gnu/libpthread-2.27.so
7fdc32726000-7fdc3272a000 rw-p 00000000 00:00 0 
7fdc3272a000-7fdc3272d000 r-xp 00000000 fd:00 5772055                    /lib/x86_64-linux-gnu/libdl-2.27.so
7fdc3272d000-7fdc3292c000 ---p 00003000 fd:00 5772055                    /lib/x86_64-linux-gnu/libdl-2.27.so
7fdc3292c000-7fdc3292d000 r--p 00002000 fd:00 5772055                    /lib/x86_64-linux-gnu/libdl-2.27.so
7fdc3292d000-7fdc3292e000 rw-p 00003000 fd:00 5772055                    /lib/x86_64-linux-gnu/libdl-2.27.so
7fdc3292e000-7fdc3294a000 r-xp 00000000 fd:00 5772204                    /lib/x86_64-linux-gnu/libz.so.1.2.11
7fdc3294a000-7fdc32b49000 ---p 0001c000 fd:00 5772204                    /lib/x86_64-linux-gnu/libz.so.1.2.11
7fdc32b49000-7fdc32b4a000 r--p 0001b000 fd:00 5772204                    /lib/x86_64-linux-gnu/libz.so.1.2.11
7fdc32b4a000-7fdc32b4b000 rw-p 0001c000 fd:00 5772204                    /lib/x86_64-linux-gnu/libz.so.1.2.11
7fdc32b4b000-7fdc32d32000 r-xp 00000000 fd:00 5772032                    /lib/x86_64-linux-gnu/libc-2.27.so
7fdc32d32000-7fdc32f32000 ---p 001e7000 fd:00 5772032                    /lib/x86_64-linux-gnu/libc-2.27.so
7fdc32f32000-7fdc32f36000 r--p 001e7000 fd:00 5772032                    /lib/x86_64-linux-gnu/libc-2.27.so
7fdc32f36000-7fdc32f38000 rw-p 001eb000 fd:00 5772032                    /lib/x86_64-linux-gnu/libc-2.27.so
7fdc32f38000-7fdc32f3c000 rw-p 00000000 00:00 0 
7fdc32f3c000-7fdc32f4a000 r-xp 00000000 fd:00 3014693                    /usr/lib/jvm/java-8-openjdk-amd64/jre/lib/amd64/jli/libjli.so
7fdc32f4a000-7fdc33149000 ---p 0000e000 fd:00 3014693                    /usr/lib/jvm/java-8-openjdk-amd64/jre/lib/amd64/jli/libjli.so
7fdc33149000-7fdc3314a000 r--p 0000d000 fd:00 3014693                    /usr/lib/jvm/java-8-openjdk-amd64/jre/lib/amd64/jli/libjli.so
7fdc3314a000-7fdc3314b000 rw-p 0000e000 fd:00 3014693                    /usr/lib/jvm/java-8-openjdk-amd64/jre/lib/amd64/jli/libjli.so
7fdc3314b000-7fdc33172000 r-xp 00000000 fd:00 5772004                    /lib/x86_64-linux-gnu/ld-2.27.so
7fdc33172000-7fdc33173000 r--s 00006000 fd:00 3022213                    /usr/share/java/maven3-repository-metadata.jar
7fdc33173000-7fdc33175000 r--s 0000b000 fd:00 3022148                    /usr/share/java/wagon-provider-api.jar
7fdc33175000-7fdc3317b000 r--s 0003b000 fd:00 3017587                    /usr/lib/jvm/java-8-openjdk-amd64/jre/lib/ext/sunjce_provider.jar
7fdc3317b000-7fdc33253000 rw-p 00000000 00:00 0 
7fdc33253000-7fdc33254000 ---p 00000000 00:00 0 
7fdc33254000-7fdc33257000 ---p 00000000 00:00 0 
7fdc33257000-7fdc33356000 rw-p 00000000 00:00 0 
7fdc33356000-7fdc33358000 r--s 0000b000 fd:00 3022172                    /usr/share/java/plexus-classworlds.jar
7fdc33358000-7fdc33359000 r--s 0000a000 fd:00 3017563                    /usr/lib/jvm/java-8-openjdk-amd64/jre/lib/ext/jaccess.jar
7fdc33359000-7fdc3335c000 r--s 00038000 fd:00 3017596                    /usr/lib/jvm/java-8-openjdk-amd64/jre/lib/ext/sunpkcs11.jar
7fdc3335c000-7fdc3335d000 r--s 00010000 fd:00 3017597                    /usr/lib/jvm/java-8-openjdk-amd64/jre/lib/ext/zipfs.jar
7fdc3335d000-7fdc33360000 r--s 0000f000 fd:00 3017562                    /usr/lib/jvm/java-8-openjdk-amd64/jre/lib/ext/icedtea-sound.jar
7fdc33360000-7fdc33362000 r--s 00007000 fd:00 3019098                    /usr/share/java/java-atk-wrapper.jar
7fdc33362000-7fdc33364000 r--s 00008000 fd:00 3017572                    /usr/lib/jvm/java-8-openjdk-amd64/jre/lib/ext/sunec.jar
7fdc33364000-7fdc33366000 r--s 00001000 fd:00 3017547                    /usr/lib/jvm/java-8-openjdk-amd64/jre/lib/ext/dnsns.jar
7fdc33366000-7fdc3336e000 rw-s 00000000 fd:00 7213472                    /tmp/hsperfdata_marxj/8337
7fdc3336e000-7fdc3336f000 rw-p 00000000 00:00 0 
7fdc3336f000-7fdc33370000 ---p 00000000 00:00 0 
7fdc33370000-7fdc33372000 rw-p 00000000 00:00 0 
7fdc33372000-7fdc33373000 r--p 00027000 fd:00 5772004                    /lib/x86_64-linux-gnu/ld-2.27.so
7fdc33373000-7fdc33374000 rw-p 00028000 fd:00 5772004                    /lib/x86_64-linux-gnu/ld-2.27.so
7fdc33374000-7fdc33375000 rw-p 00000000 00:00 0 
7fff51a10000-7fff51a31000 rw-p 00000000 00:00 0                          [stack]
7fff51bcd000-7fff51bd0000 r--p 00000000 00:00 0                          [vvar]
7fff51bd0000-7fff51bd2000 r-xp 00000000 00:00 0                          [vdso]
ffffffffff600000-ffffffffff601000 r-xp 00000000 00:00 0                  [vsyscall]

VM Arguments:
jvm_args: -Dclassworlds.conf=/usr/share/maven/bin/m2.conf -Dmaven.home=/usr/share/maven -Dlibrary.jansi.path=/usr/share/maven/lib/jansi-native -Dmaven.multiModuleProjectDirectory=/home/marxj/Asztal/Egyetem/2018-2019-2/szakdolgozat/SplitYaml/SplitYaml 
java_command: org.codehaus.plexus.classworlds.launcher.Launcher clean install -Dmaven.test.skip=true
java_class_path (initial): /usr/share/maven/boot/plexus-classworlds-2.x.jar
Launcher Type: SUN_STANDARD

Environment Variables:
JAVA_HOME=/usr/lib/jvm/java-8-openjdk-amd64/jre
PATH=/usr/local/sbin:/usr/local/bin:/usr/sbin:/usr/bin:/sbin:/bin:/usr/games:/usr/local/games:/snap/bin
USERNAME=marxj
SHELL=/bin/bash
DISPLAY=:0

Signal Handlers:
SIGSEGV: [libjvm.so+0xab2ea0], sa_mask[0]=11111111011111111101111111111110, sa_flags=SA_RESTART|SA_SIGINFO
SIGBUS: [libjvm.so+0xab2ea0], sa_mask[0]=11111111011111111101111111111110, sa_flags=SA_RESTART|SA_SIGINFO
SIGFPE: [libjvm.so+0x8e87b0], sa_mask[0]=11111111011111111101111111111110, sa_flags=SA_RESTART|SA_SIGINFO
SIGPIPE: [libjvm.so+0x8e87b0], sa_mask[0]=11111111011111111101111111111110, sa_flags=SA_RESTART|SA_SIGINFO
SIGXFSZ: [libjvm.so+0x8e87b0], sa_mask[0]=11111111011111111101111111111110, sa_flags=SA_RESTART|SA_SIGINFO
SIGILL: [libjvm.so+0x8e87b0], sa_mask[0]=11111111011111111101111111111110, sa_flags=SA_RESTART|SA_SIGINFO
SIGUSR1: SIG_DFL, sa_mask[0]=00000000000000000000000000000000, sa_flags=none
SIGUSR2: [libjvm.so+0x8e8660], sa_mask[0]=00000000000000000000000000000000, sa_flags=SA_RESTART|SA_SIGINFO
SIGHUP: [libjvm.so+0x8e8cd0], sa_mask[0]=11111111011111111101111111111110, sa_flags=SA_RESTART|SA_SIGINFO
SIGINT: [libjvm.so+0x8e8cd0], sa_mask[0]=11111111011111111101111111111110, sa_flags=SA_RESTART|SA_SIGINFO
SIGTERM: [libjvm.so+0x8e8cd0], sa_mask[0]=11111111011111111101111111111110, sa_flags=SA_RESTART|SA_SIGINFO
SIGQUIT: [libjvm.so+0x8e8cd0], sa_mask[0]=11111111011111111101111111111110, sa_flags=SA_RESTART|SA_SIGINFO


---------------  S Y S T E M  ---------------

OS:DISTRIB_ID=Ubuntu
DISTRIB_RELEASE=18.04
DISTRIB_CODENAME=bionic
DISTRIB_DESCRIPTION="Ubuntu 18.04.2 LTS"

uname:Linux 4.15.0-47-generic #50-Ubuntu SMP Wed Mar 13 10:44:52 UTC 2019 x86_64
libc:glibc 2.27 NPTL 2.27 
rlimit: STACK 8192k, CORE 0k, NPROC 15274, NOFILE 4096, AS infinity
load average:1,20 0,60 0,54

/proc/meminfo:
MemTotal:        3955516 kB
MemFree:          104220 kB
MemAvailable:      11752 kB
Buffers:             920 kB
Cached:           266336 kB
SwapCached:        12588 kB
Active:          2881360 kB
Inactive:         592080 kB
Active(anon):    2875988 kB
Inactive(anon):   576516 kB
Active(file):       5372 kB
Inactive(file):    15564 kB
Unevictable:          48 kB
Mlocked:              48 kB
SwapTotal:        999420 kB
SwapFree:              0 kB
Dirty:               660 kB
Writeback:             0 kB
AnonPages:       3194716 kB
Mapped:           314032 kB
Shmem:            245752 kB
Slab:             111472 kB
SReclaimable:      38904 kB
SUnreclaim:        72568 kB
KernelStack:       17216 kB
PageTables:        85696 kB
NFS_Unstable:          0 kB
Bounce:                0 kB
WritebackTmp:          0 kB
CommitLimit:     2977176 kB
Committed_AS:   13546036 kB
VmallocTotal:   34359738367 kB
VmallocUsed:           0 kB
VmallocChunk:          0 kB
HardwareCorrupted:     0 kB
AnonHugePages:         0 kB
ShmemHugePages:        0 kB
ShmemPmdMapped:        0 kB
CmaTotal:              0 kB
CmaFree:               0 kB
HugePages_Total:       0
HugePages_Free:        0
HugePages_Rsvd:        0
HugePages_Surp:        0
Hugepagesize:       2048 kB
DirectMap4k:      372468 kB
DirectMap2M:     3737600 kB
DirectMap1G:     1048576 kB

container (cgroup) information:
container_type: cgroupv1
cpu_cpuset_cpus: 0-3
cpu_memory_nodes: 0
active_processor_count: 4
cpu_quota: -1
cpu_period: 100000
cpu_shares: -1
memory_limit_in_bytes: -1
memory_and_swap_limit_in_bytes: -2
memory_soft_limit_in_bytes: -1
memory_usage_in_bytes: 3550949376
memory_max_usage_in_bytes: 0


CPU:total 4 (initial active 4) (2 cores per cpu, 2 threads per core) family 6 model 61 stepping 4, cmov, cx8, fxsr, mmx, sse, sse2, sse3, ssse3, sse4.1, sse4.2, popcnt, avx, avx2, aes, clmul, erms, 3dnowpref, lzcnt, ht, tsc, tscinvbit, bmi1, bmi2, adx

/proc/cpuinfo:
processor	: 0
vendor_id	: GenuineIntel
cpu family	: 6
model		: 61
model name	: Intel(R) Core(TM) i5-5200U CPU @ 2.20GHz
stepping	: 4
microcode	: 0x2b
cpu MHz		: 2560.877
cache size	: 3072 KB
physical id	: 0
siblings	: 4
core id		: 0
cpu cores	: 2
apicid		: 0
initial apicid	: 0
fpu		: yes
fpu_exception	: yes
cpuid level	: 20
wp		: yes
flags		: fpu vme de pse tsc msr pae mce cx8 apic sep mtrr pge mca cmov pat pse36 clflush dts acpi mmx fxsr sse sse2 ss ht tm pbe syscall nx pdpe1gb rdtscp lm constant_tsc arch_perfmon pebs bts rep_good nopl xtopology nonstop_tsc cpuid aperfmperf pni pclmulqdq dtes64 monitor ds_cpl vmx est tm2 ssse3 sdbg fma cx16 xtpr pdcm pcid sse4_1 sse4_2 x2apic movbe popcnt tsc_deadline_timer aes xsave avx f16c rdrand lahf_lm abm 3dnowprefetch cpuid_fault epb invpcid_single pti ssbd ibrs ibpb stibp tpr_shadow vnmi flexpriority ept vpid fsgsbase tsc_adjust bmi1 avx2 smep bmi2 erms invpcid rdseed adx smap intel_pt xsaveopt dtherm ida arat pln pts flush_l1d
bugs		: cpu_meltdown spectre_v1 spectre_v2 spec_store_bypass l1tf
bogomips	: 4389.44
clflush size	: 64
cache_alignment	: 64
address sizes	: 39 bits physical, 48 bits virtual
power management:

processor	: 1
vendor_id	: GenuineIntel
cpu family	: 6
model		: 61
model name	: Intel(R) Core(TM) i5-5200U CPU @ 2.20GHz
stepping	: 4
microcode	: 0x2b
cpu MHz		: 2493.979
cache size	: 3072 KB
physical id	: 0
siblings	: 4
core id		: 1
cpu cores	: 2
apicid		: 2
initial apicid	: 2
fpu		: yes
fpu_exception	: yes
cpuid level	: 20
wp		: yes
flags		: fpu vme de pse tsc msr pae mce cx8 apic sep mtrr pge mca cmov pat pse36 clflush dts acpi mmx fxsr sse sse2 ss ht tm pbe syscall nx pdpe1gb rdtscp lm constant_tsc arch_perfmon pebs bts rep_good nopl xtopology nonstop_tsc cpuid aperfmperf pni pclmulqdq dtes64 monitor ds_cpl vmx est tm2 ssse3 sdbg fma cx16 xtpr pdcm pcid sse4_1 sse4_2 x2apic movbe popcnt tsc_deadline_timer aes xsave avx f16c rdrand lahf_lm abm 3dnowprefetch cpuid_fault epb invpcid_single pti ssbd ibrs ibpb stibp tpr_shadow vnmi flexpriority ept vpid fsgsbase tsc_adjust bmi1 avx2 smep bmi2 erms invpcid rdseed adx smap intel_pt xsaveopt dtherm ida arat pln pts flush_l1d
bugs		: cpu_meltdown spectre_v1 spectre_v2 spec_store_bypass l1tf
bogomips	: 4389.44
clflush size	: 64
cache_alignment	: 64
address sizes	: 39 bits physical, 48 bits virtual
power management:

processor	: 2
vendor_id	: GenuineIntel
cpu family	: 6
model		: 61
model name	: Intel(R) Core(TM) i5-5200U CPU @ 2.20GHz
stepping	: 4
microcode	: 0x2b
cpu MHz		: 2514.656
cache size	: 3072 KB
physical id	: 0
siblings	: 4
core id		: 0
cpu cores	: 2
apicid		: 1
initial apicid	: 1
fpu		: yes
fpu_exception	: yes
cpuid level	: 20
wp		: yes
flags		: fpu vme de pse tsc msr pae mce cx8 apic sep mtrr pge mca cmov pat pse36 clflush dts acpi mmx fxsr sse sse2 ss ht tm pbe syscall nx pdpe1gb rdtscp lm constant_tsc arch_perfmon pebs bts rep_good nopl xtopology nonstop_tsc cpuid aperfmperf pni pclmulqdq dtes64 monitor ds_cpl vmx est tm2 ssse3 sdbg fma cx16 xtpr pdcm pcid sse4_1 sse4_2 x2apic movbe popcnt tsc_deadline_timer aes xsave avx f16c rdrand lahf_lm abm 3dnowprefetch cpuid_fault epb invpcid_single pti ssbd ibrs ibpb stibp tpr_shadow vnmi flexpriority ept vpid fsgsbase tsc_adjust bmi1 avx2 smep bmi2 erms invpcid rdseed adx smap intel_pt xsaveopt dtherm ida arat pln pts flush_l1d
bugs		: cpu_meltdown spectre_v1 spectre_v2 spec_store_bypass l1tf
bogomips	: 4389.44
clflush size	: 64
cache_alignment	: 64
address sizes	: 39 bits physical, 48 bits virtual
power management:

processor	: 3
vendor_id	: GenuineIntel
cpu family	: 6
model		: 61
model name	: Intel(R) Core(TM) i5-5200U CPU @ 2.20GHz
stepping	: 4
microcode	: 0x2b
cpu MHz		: 2494.052
cache size	: 3072 KB
physical id	: 0
siblings	: 4
core id		: 1
cpu cores	: 2
apicid		: 3
initial apicid	: 3
fpu		: yes
fpu_exception	: yes
cpuid level	: 20
wp		: yes
flags		: fpu vme de pse tsc msr pae mce cx8 apic sep mtrr pge mca cmov pat pse36 clflush dts acpi mmx fxsr sse sse2 ss ht tm pbe syscall nx pdpe1gb rdtscp lm constant_tsc arch_perfmon pebs bts rep_good nopl xtopology nonstop_tsc cpuid aperfmperf pni pclmulqdq dtes64 monitor ds_cpl vmx est tm2 ssse3 sdbg fma cx16 xtpr pdcm pcid sse4_1 sse4_2 x2apic movbe popcnt tsc_deadline_timer aes xsave avx f16c rdrand lahf_lm abm 3dnowprefetch cpuid_fault epb invpcid_single pti ssbd ibrs ibpb stibp tpr_shadow vnmi flexpriority ept vpid fsgsbase tsc_adjust bmi1 avx2 smep bmi2 erms invpcid rdseed adx smap intel_pt xsaveopt dtherm ida arat pln pts flush_l1d
bugs		: cpu_meltdown spectre_v1 spectre_v2 spec_store_bypass l1tf
bogomips	: 4389.44
clflush size	: 64
cache_alignment	: 64
address sizes	: 39 bits physical, 48 bits virtual
power management:



Memory: 4k page, physical 3955516k(106052k free), swap 999420k(0k free)

vm_info: OpenJDK 64-Bit Server VM (25.191-b12) for linux-amd64 JRE (1.8.0_191-8u191-b12-2ubuntu0.18.04.1-b12), built on Jan 14 2019 21:02:00 by "buildd" with gcc 7.3.0

time: Mon Apr 15 17:00:37 2019
elapsed time: 6 seconds (0d 0h 0m 6s)

